[  3%] [34m[1mGenerating include/moc_thread.cxx[0m
[  7%] [34m[1mGenerating ui_astardoublexml.h[0m
[ 11%] [34m[1mGenerating include/moc_stlastar.cxx[0m
[ 14%] [34m[1mGenerating include/moc_PubMsg.cxx[0m
[ 18%] [34m[1mGenerating include/moc_astardoublexml.cxx[0m
[ 22%] [34m[1mGenerating include/moc_MapSearchNode.cxx[0m
[ 25%] [34m[1mGenerating include/moc_AttachXmlFile.cxx[0m
[ 29%] [34m[1mGenerating include/moc_MapMatch.cxx[0m
/home/bit2/0603_project/tang_ws/src/planning/a_star_double_xml/include/stlastar.h:0: Note: No relevant classes found. No output generated.
[ 33%] [34m[1mGenerating include/moc_ui_astardoublexml.cxx[0m
/home/bit2/0603_project/tang_ws/src/planning/a_star_double_xml/include/MapSearchNode.h:0: Note: No relevant classes found. No output generated.
/home/bit2/0603_project/tang_ws/src/planning/a_star_double_xml/include/MapMatch.h:0: Note: No relevant classes found. No output generated.
[ 37%] [34m[1mGenerating include/moc_fsa.cxx[0m
/home/bit2/0603_project/tang_ws/src/planning/a_star_double_xml/include/fsa.h:0: Note: No relevant classes found. No output generated.
/home/bit2/0603_project/tang_ws/src/planning/a_star_double_xml/include/ui_astardoublexml.h:0: Note: No relevant classes found. No output generated.
/home/bit2/0603_project/tang_ws/src/planning/a_star_double_xml/include/AttachXmlFile.h:0: Note: No relevant classes found. No output generated.
[35m[1mScanning dependencies of target a_star_double_xml[0m
[ 44%] [32mBuilding CXX object CMakeFiles/a_star_double_xml.dir/src/MapMatch.cpp.o[0m
[ 44%] [32mBuilding CXX object CMakeFiles/a_star_double_xml.dir/src/main.cpp.o[0m
[ 48%] [32mBuilding CXX object CMakeFiles/a_star_double_xml.dir/src/PubMsg.cpp.o[0m
[ 51%] [32mBuilding CXX object CMakeFiles/a_star_double_xml.dir/src/thread.cpp.o[0m
[ 55%] [32mBuilding CXX object CMakeFiles/a_star_double_xml.dir/src/MapSearchNode.cpp.o[0m
[ 59%] [32mBuilding CXX object CMakeFiles/a_star_double_xml.dir/src/astardoublexml.cpp.o[0m
[ 62%] [32mBuilding CXX object CMakeFiles/a_star_double_xml.dir/src/AttachXmlFile.cpp.o[0m
[ 66%] [32mBuilding CXX object CMakeFiles/a_star_double_xml.dir/include/moc_stlastar.cxx.o[0m
[ 70%] [32mBuilding CXX object CMakeFiles/a_star_double_xml.dir/include/moc_PubMsg.cxx.o[0m
[ 74%] [32mBuilding CXX object CMakeFiles/a_star_double_xml.dir/include/moc_astardoublexml.cxx.o[0m
In file included from [01m[K/home/bit2/0603_project/tang_ws/src/planning/a_star_double_xml/src/PubMsg.cpp:1:0[m[K:
[01m[K/home/bit2/0603_project/tang_ws/src/planning/a_star_double_xml/include/PubMsg.h:23:51:[m[K [01;31m[Kfatal error: [m[Kvertical_wall_grid/vertical_wall_grid.h: æ²¡æœ‰é‚£ä¸ªæ–‡ä»¶æˆ–ç›®å½•
compilation terminated.
CMakeFiles/a_star_double_xml.dir/build.make:135: recipe for target 'CMakeFiles/a_star_double_xml.dir/src/PubMsg.cpp.o' failed
make[2]: *** [CMakeFiles/a_star_double_xml.dir/src/PubMsg.cpp.o] Error 1
make[2]: *** æ­£åœ¨ç­‰å¾…æœªå®Œæˆçš„ä»»åŠ¡....
In file included from [01m[K/home/bit2/0603_project/tang_ws/build/a_star_double_xml/include/moc_PubMsg.cxx:9:0[m[K:
[01m[K/home/bit2/0603_project/tang_ws/build/a_star_double_xml/include/../../../src/planning/a_star_double_xml/include/PubMsg.h:23:51:[m[K [01;31m[Kfatal error: [m[Kvertical_wall_grid/vertical_wall_grid.h: æ²¡æœ‰é‚£ä¸ªæ–‡ä»¶æˆ–ç›®å½•
compilation terminated.
CMakeFiles/a_star_double_xml.dir/build.make:303: recipe for target 'CMakeFiles/a_star_double_xml.dir/include/moc_PubMsg.cxx.o' failed
make[2]: *** [CMakeFiles/a_star_double_xml.dir/include/moc_PubMsg.cxx.o] Error 1
In file included from [01m[K/home/bit2/0603_project/tang_ws/src/planning/a_star_double_xml/src/../include/astardoublexml.h:12:0[m[K,
                 from [01m[K/home/bit2/0603_project/tang_ws/src/planning/a_star_double_xml/src/../include/thread.h:9[m[K,
                 from [01m[K/home/bit2/0603_project/tang_ws/src/planning/a_star_double_xml/src/thread.cpp:5[m[K:
[01m[K/home/bit2/0603_project/tang_ws/src/planning/a_star_double_xml/src/../include/PubMsg.h:23:51:[m[K [01;31m[Kfatal error: [m[Kvertical_wall_grid/vertical_wall_grid.h: æ²¡æœ‰é‚£ä¸ªæ–‡ä»¶æˆ–ç›®å½•
compilation terminated.
In file included from [01m[K/home/bit2/0603_project/tang_ws/src/planning/a_star_double_xml/include/astardoublexml.h:12:0[m[K,
                 from [01m[K/home/bit2/0603_project/tang_ws/src/planning/a_star_double_xml/src/astardoublexml.cpp:1[m[K:
[01m[K/home/bit2/0603_project/tang_ws/src/planning/a_star_double_xml/include/PubMsg.h:23:51:[m[K [01;31m[Kfatal error: [m[Kvertical_wall_grid/vertical_wall_grid.h: æ²¡æœ‰é‚£ä¸ªæ–‡ä»¶æˆ–ç›®å½•
compilation terminated.
CMakeFiles/a_star_double_xml.dir/build.make:159: recipe for target 'CMakeFiles/a_star_double_xml.dir/src/thread.cpp.o' failed
CMakeFiles/a_star_double_xml.dir/build.make:207: recipe for target 'CMakeFiles/a_star_double_xml.dir/src/astardoublexml.cpp.o' failed
make[2]: *** [CMakeFiles/a_star_double_xml.dir/src/thread.cpp.o] Error 1
make[2]: *** [CMakeFiles/a_star_double_xml.dir/src/astardoublexml.cpp.o] Error 1
In file included from [01m[K/home/bit2/0603_project/tang_ws/src/planning/a_star_double_xml/include/astardoublexml.h:12:0[m[K,
                 from [01m[K/home/bit2/0603_project/tang_ws/src/planning/a_star_double_xml/src/AttachXmlFile.cpp:9[m[K:
[01m[K/home/bit2/0603_project/tang_ws/src/planning/a_star_double_xml/include/PubMsg.h:23:51:[m[K [01;31m[Kfatal error: [m[Kvertical_wall_grid/vertical_wall_grid.h: æ²¡æœ‰é‚£ä¸ªæ–‡ä»¶æˆ–ç›®å½•
compilation terminated.
CMakeFiles/a_star_double_xml.dir/build.make:255: recipe for target 'CMakeFiles/a_star_double_xml.dir/src/AttachXmlFile.cpp.o' failed
make[2]: *** [CMakeFiles/a_star_double_xml.dir/src/AttachXmlFile.cpp.o] Error 1
In file included from [01m[K/home/bit2/0603_project/tang_ws/src/planning/a_star_double_xml/src/../include/astardoublexml.h:12:0[m[K,
                 from [01m[K/home/bit2/0603_project/tang_ws/src/planning/a_star_double_xml/src/main.cpp:1[m[K:
[01m[K/home/bit2/0603_project/tang_ws/src/planning/a_star_double_xml/src/../include/PubMsg.h:23:51:[m[K [01;31m[Kfatal error: [m[Kvertical_wall_grid/vertical_wall_grid.h: æ²¡æœ‰é‚£ä¸ªæ–‡ä»¶æˆ–ç›®å½•
compilation terminated.
CMakeFiles/a_star_double_xml.dir/build.make:111: recipe for target 'CMakeFiles/a_star_double_xml.dir/src/main.cpp.o' failed
make[2]: *** [CMakeFiles/a_star_double_xml.dir/src/main.cpp.o] Error 1
In file included from [01m[K/home/bit2/0603_project/tang_ws/build/a_star_double_xml/include/../../../src/planning/a_star_double_xml/include/astardoublexml.h:12:0[m[K,
                 from [01m[K/home/bit2/0603_project/tang_ws/build/a_star_double_xml/include/moc_astardoublexml.cxx:9[m[K:
[01m[K/home/bit2/0603_project/tang_ws/build/a_star_double_xml/include/../../../src/planning/a_star_double_xml/include/PubMsg.h:23:51:[m[K [01;31m[Kfatal error: [m[Kvertical_wall_grid/vertical_wall_grid.h: æ²¡æœ‰é‚£ä¸ªæ–‡ä»¶æˆ–ç›®å½•
compilation terminated.
CMakeFiles/a_star_double_xml.dir/build.make:327: recipe for target 'CMakeFiles/a_star_double_xml.dir/include/moc_astardoublexml.cxx.o' failed
make[2]: *** [CMakeFiles/a_star_double_xml.dir/include/moc_astardoublexml.cxx.o] Error 1
CMakeFiles/Makefile2:2275: recipe for target 'CMakeFiles/a_star_double_xml.dir/all' failed
make[1]: *** [CMakeFiles/a_star_double_xml.dir/all] Error 2
Makefile:138: recipe for target 'all' failed
make: *** [all] Error 2
