Determining if the pthread_create exist failed with the following output:
Change Dir: /home/yao/ivrc/cw_project/ivrc_ws/src/planning/map_server/cmake-build-debug/CMakeFiles/CMakeTmp

Run Build Command:"/usr/bin/make" "cmTC_e8a83/fast"
/usr/bin/make -f CMakeFiles/cmTC_e8a83.dir/build.make CMakeFiles/cmTC_e8a83.dir/build
make[1]: Entering directory '/home/yao/ivrc/cw_project/ivrc_ws/src/planning/map_server/cmake-build-debug/CMakeFiles/CMakeTmp'
Building C object CMakeFiles/cmTC_e8a83.dir/CheckSymbolExists.c.o
/usr/bin/cc    -o CMakeFiles/cmTC_e8a83.dir/CheckSymbolExists.c.o   -c /home/yao/ivrc/cw_project/ivrc_ws/src/planning/map_server/cmake-build-debug/CMakeFiles/CMakeTmp/CheckSymbolExists.c
Linking C executable cmTC_e8a83
/home/yao/software/clion-2017.3.4/bin/cmake/bin/cmake -E cmake_link_script CMakeFiles/cmTC_e8a83.dir/link.txt --verbose=1
/usr/bin/cc      -rdynamic CMakeFiles/cmTC_e8a83.dir/CheckSymbolExists.c.o  -o cmTC_e8a83 
CMakeFiles/cmTC_e8a83.dir/CheckSymbolExists.c.o：在函数‘main’中：
CheckSymbolExists.c:(.text+0x16)：对‘pthread_create’未定义的引用
collect2: error: ld returned 1 exit status
CMakeFiles/cmTC_e8a83.dir/build.make:97: recipe for target 'cmTC_e8a83' failed
make[1]: *** [cmTC_e8a83] Error 1
make[1]: Leaving directory '/home/yao/ivrc/cw_project/ivrc_ws/src/planning/map_server/cmake-build-debug/CMakeFiles/CMakeTmp'
Makefile:126: recipe for target 'cmTC_e8a83/fast' failed
make: *** [cmTC_e8a83/fast] Error 2

File /home/yao/ivrc/cw_project/ivrc_ws/src/planning/map_server/cmake-build-debug/CMakeFiles/CMakeTmp/CheckSymbolExists.c:
/* */
#include <pthread.h>

int main(int argc, char** argv)
{
  (void)argv;
#ifndef pthread_create
  return ((int*)(&pthread_create))[argc];
#else
  (void)argc;
  return 0;
#endif
}

Determining if the function pthread_create exists in the pthreads failed with the following output:
Change Dir: /home/yao/ivrc/cw_project/ivrc_ws/src/planning/map_server/cmake-build-debug/CMakeFiles/CMakeTmp

Run Build Command:"/usr/bin/make" "cmTC_d7f48/fast"
/usr/bin/make -f CMakeFiles/cmTC_d7f48.dir/build.make CMakeFiles/cmTC_d7f48.dir/build
make[1]: Entering directory '/home/yao/ivrc/cw_project/ivrc_ws/src/planning/map_server/cmake-build-debug/CMakeFiles/CMakeTmp'
Building C object CMakeFiles/cmTC_d7f48.dir/CheckFunctionExists.c.o
/usr/bin/cc   -DCHECK_FUNCTION_EXISTS=pthread_create   -o CMakeFiles/cmTC_d7f48.dir/CheckFunctionExists.c.o   -c /home/yao/software/clion-2017.3.4/bin/cmake/share/cmake-3.9/Modules/CheckFunctionExists.c
Linking C executable cmTC_d7f48
/home/yao/software/clion-2017.3.4/bin/cmake/bin/cmake -E cmake_link_script CMakeFiles/cmTC_d7f48.dir/link.txt --verbose=1
/usr/bin/cc  -DCHECK_FUNCTION_EXISTS=pthread_create    -rdynamic CMakeFiles/cmTC_d7f48.dir/CheckFunctionExists.c.o  -o cmTC_d7f48 -lpthreads 
/usr/bin/ld: 找不到 -lpthreads
collect2: error: ld returned 1 exit status
CMakeFiles/cmTC_d7f48.dir/build.make:97: recipe for target 'cmTC_d7f48' failed
make[1]: *** [cmTC_d7f48] Error 1
make[1]: Leaving directory '/home/yao/ivrc/cw_project/ivrc_ws/src/planning/map_server/cmake-build-debug/CMakeFiles/CMakeTmp'
Makefile:126: recipe for target 'cmTC_d7f48/fast' failed
make: *** [cmTC_d7f48/fast] Error 2


