Determining if the pthread_create exist failed with the following output:
Change Dir: /home/bit2/0603_project/tang_ws/build/speed_debug_msgs/CMakeFiles/CMakeTmp

Run Build Command:"/usr/bin/make" "cmTC_376a7/fast"
/usr/bin/make -f CMakeFiles/cmTC_376a7.dir/build.make CMakeFiles/cmTC_376a7.dir/build
make[1]: Entering directory '/home/bit2/0603_project/tang_ws/build/speed_debug_msgs/CMakeFiles/CMakeTmp'
Building C object CMakeFiles/cmTC_376a7.dir/CheckSymbolExists.c.o
/usr/bin/cc     -o CMakeFiles/cmTC_376a7.dir/CheckSymbolExists.c.o   -c /home/bit2/0603_project/tang_ws/build/speed_debug_msgs/CMakeFiles/CMakeTmp/CheckSymbolExists.c
Linking C executable cmTC_376a7
/usr/bin/cmake -E cmake_link_script CMakeFiles/cmTC_376a7.dir/link.txt --verbose=1
/usr/bin/cc       CMakeFiles/cmTC_376a7.dir/CheckSymbolExists.c.o  -o cmTC_376a7 -rdynamic 
CMakeFiles/cmTC_376a7.dir/CheckSymbolExists.c.o：在函数‘main’中：
CheckSymbolExists.c:(.text+0x16)：对‘pthread_create’未定义的引用
collect2: error: ld returned 1 exit status
CMakeFiles/cmTC_376a7.dir/build.make:97: recipe for target 'cmTC_376a7' failed
make[1]: *** [cmTC_376a7] Error 1
make[1]: Leaving directory '/home/bit2/0603_project/tang_ws/build/speed_debug_msgs/CMakeFiles/CMakeTmp'
Makefile:126: recipe for target 'cmTC_376a7/fast' failed
make: *** [cmTC_376a7/fast] Error 2

File /home/bit2/0603_project/tang_ws/build/speed_debug_msgs/CMakeFiles/CMakeTmp/CheckSymbolExists.c:
/* */
#include <pthread.h>

int main(int argc, char** argv)
{
  (void)argv;
#ifndef pthread_create
  return ((int*)(&pthread_create))[argc];
#else
  (void)argc;
  return 0;
#endif
}

Determining if the function pthread_create exists in the pthreads failed with the following output:
Change Dir: /home/bit2/0603_project/tang_ws/build/speed_debug_msgs/CMakeFiles/CMakeTmp

Run Build Command:"/usr/bin/make" "cmTC_df03f/fast"
/usr/bin/make -f CMakeFiles/cmTC_df03f.dir/build.make CMakeFiles/cmTC_df03f.dir/build
make[1]: Entering directory '/home/bit2/0603_project/tang_ws/build/speed_debug_msgs/CMakeFiles/CMakeTmp'
Building C object CMakeFiles/cmTC_df03f.dir/CheckFunctionExists.c.o
/usr/bin/cc    -DCHECK_FUNCTION_EXISTS=pthread_create   -o CMakeFiles/cmTC_df03f.dir/CheckFunctionExists.c.o   -c /usr/share/cmake-3.5/Modules/CheckFunctionExists.c
Linking C executable cmTC_df03f
/usr/bin/cmake -E cmake_link_script CMakeFiles/cmTC_df03f.dir/link.txt --verbose=1
/usr/bin/cc   -DCHECK_FUNCTION_EXISTS=pthread_create    CMakeFiles/cmTC_df03f.dir/CheckFunctionExists.c.o  -o cmTC_df03f -rdynamic -lpthreads 
/usr/bin/ld: 找不到 -lpthreads
collect2: error: ld returned 1 exit status
CMakeFiles/cmTC_df03f.dir/build.make:97: recipe for target 'cmTC_df03f' failed
make[1]: *** [cmTC_df03f] Error 1
make[1]: Leaving directory '/home/bit2/0603_project/tang_ws/build/speed_debug_msgs/CMakeFiles/CMakeTmp'
Makefile:126: recipe for target 'cmTC_df03f/fast' failed
make: *** [cmTC_df03f/fast] Error 2


