Determining if the pthread_create exist failed with the following output:
Change Dir: /home/bit2/0603_project/tang_ws/build/a_star_double_xml/CMakeFiles/CMakeTmp

Run Build Command:"/usr/bin/make" "cmTC_f5f3e/fast"
/usr/bin/make -f CMakeFiles/cmTC_f5f3e.dir/build.make CMakeFiles/cmTC_f5f3e.dir/build
make[1]: Entering directory '/home/bit2/0603_project/tang_ws/build/a_star_double_xml/CMakeFiles/CMakeTmp'
Building C object CMakeFiles/cmTC_f5f3e.dir/CheckSymbolExists.c.o
/usr/bin/cc     -o CMakeFiles/cmTC_f5f3e.dir/CheckSymbolExists.c.o   -c /home/bit2/0603_project/tang_ws/build/a_star_double_xml/CMakeFiles/CMakeTmp/CheckSymbolExists.c
Linking C executable cmTC_f5f3e
/usr/bin/cmake -E cmake_link_script CMakeFiles/cmTC_f5f3e.dir/link.txt --verbose=1
/usr/bin/cc       CMakeFiles/cmTC_f5f3e.dir/CheckSymbolExists.c.o  -o cmTC_f5f3e -rdynamic 
CMakeFiles/cmTC_f5f3e.dir/CheckSymbolExists.c.o：在函数‘main’中：
CheckSymbolExists.c:(.text+0x16)：对‘pthread_create’未定义的引用
collect2: error: ld returned 1 exit status
CMakeFiles/cmTC_f5f3e.dir/build.make:97: recipe for target 'cmTC_f5f3e' failed
make[1]: *** [cmTC_f5f3e] Error 1
make[1]: Leaving directory '/home/bit2/0603_project/tang_ws/build/a_star_double_xml/CMakeFiles/CMakeTmp'
Makefile:126: recipe for target 'cmTC_f5f3e/fast' failed
make: *** [cmTC_f5f3e/fast] Error 2

File /home/bit2/0603_project/tang_ws/build/a_star_double_xml/CMakeFiles/CMakeTmp/CheckSymbolExists.c:
/* */
#include <pthread.h>

int main(int argc, char** argv)
{
  (void)argv;
#ifndef pthread_create
  return ((int*)(&pthread_create))[argc];
#else
  (void)argc;
  return 0;
#endif
}

Determining if the function pthread_create exists in the pthreads failed with the following output:
Change Dir: /home/bit2/0603_project/tang_ws/build/a_star_double_xml/CMakeFiles/CMakeTmp

Run Build Command:"/usr/bin/make" "cmTC_1719b/fast"
/usr/bin/make -f CMakeFiles/cmTC_1719b.dir/build.make CMakeFiles/cmTC_1719b.dir/build
make[1]: Entering directory '/home/bit2/0603_project/tang_ws/build/a_star_double_xml/CMakeFiles/CMakeTmp'
Building C object CMakeFiles/cmTC_1719b.dir/CheckFunctionExists.c.o
/usr/bin/cc    -DCHECK_FUNCTION_EXISTS=pthread_create   -o CMakeFiles/cmTC_1719b.dir/CheckFunctionExists.c.o   -c /usr/share/cmake-3.5/Modules/CheckFunctionExists.c
Linking C executable cmTC_1719b
/usr/bin/cmake -E cmake_link_script CMakeFiles/cmTC_1719b.dir/link.txt --verbose=1
/usr/bin/cc   -DCHECK_FUNCTION_EXISTS=pthread_create    CMakeFiles/cmTC_1719b.dir/CheckFunctionExists.c.o  -o cmTC_1719b -rdynamic -lpthreads 
/usr/bin/ld: 找不到 -lpthreads
collect2: error: ld returned 1 exit status
CMakeFiles/cmTC_1719b.dir/build.make:97: recipe for target 'cmTC_1719b' failed
make[1]: *** [cmTC_1719b] Error 1
make[1]: Leaving directory '/home/bit2/0603_project/tang_ws/build/a_star_double_xml/CMakeFiles/CMakeTmp'
Makefile:126: recipe for target 'cmTC_1719b/fast' failed
make: *** [cmTC_1719b/fast] Error 2


Determining if the Q_WS_WIN exist failed with the following output:
Change Dir: /home/bit2/0603_project/tang_ws/build/a_star_double_xml/CMakeFiles/CMakeTmp

Run Build Command:"/usr/bin/make" "cmTC_0070c/fast"
/usr/bin/make -f CMakeFiles/cmTC_0070c.dir/build.make CMakeFiles/cmTC_0070c.dir/build
make[1]: Entering directory '/home/bit2/0603_project/tang_ws/build/a_star_double_xml/CMakeFiles/CMakeTmp'
Building CXX object CMakeFiles/cmTC_0070c.dir/CheckSymbolExists.cxx.o
/usr/bin/c++    -I/usr/include/qt4  -std=gnu++11     -o CMakeFiles/cmTC_0070c.dir/CheckSymbolExists.cxx.o -c /home/bit2/0603_project/tang_ws/build/a_star_double_xml/CMakeFiles/CMakeTmp/CheckSymbolExists.cxx
/home/bit2/0603_project/tang_ws/build/a_star_double_xml/CMakeFiles/CMakeTmp/CheckSymbolExists.cxx: In function ‘int main(int, char**)’:
/home/bit2/0603_project/tang_ws/build/a_star_double_xml/CMakeFiles/CMakeTmp/CheckSymbolExists.cxx:8:19: error: ‘Q_WS_WIN’ was not declared in this scope
   return ((int*)(&Q_WS_WIN))[argc];
                   ^
CMakeFiles/cmTC_0070c.dir/build.make:65: recipe for target 'CMakeFiles/cmTC_0070c.dir/CheckSymbolExists.cxx.o' failed
make[1]: *** [CMakeFiles/cmTC_0070c.dir/CheckSymbolExists.cxx.o] Error 1
make[1]: Leaving directory '/home/bit2/0603_project/tang_ws/build/a_star_double_xml/CMakeFiles/CMakeTmp'
Makefile:126: recipe for target 'cmTC_0070c/fast' failed
make: *** [cmTC_0070c/fast] Error 2

File /home/bit2/0603_project/tang_ws/build/a_star_double_xml/CMakeFiles/CMakeTmp/CheckSymbolExists.cxx:
/* */
#include <QtCore/qglobal.h>

int main(int argc, char** argv)
{
  (void)argv;
#ifndef Q_WS_WIN
  return ((int*)(&Q_WS_WIN))[argc];
#else
  (void)argc;
  return 0;
#endif
}

Determining if the Q_WS_QWS exist failed with the following output:
Change Dir: /home/bit2/0603_project/tang_ws/build/a_star_double_xml/CMakeFiles/CMakeTmp

Run Build Command:"/usr/bin/make" "cmTC_50f92/fast"
/usr/bin/make -f CMakeFiles/cmTC_50f92.dir/build.make CMakeFiles/cmTC_50f92.dir/build
make[1]: Entering directory '/home/bit2/0603_project/tang_ws/build/a_star_double_xml/CMakeFiles/CMakeTmp'
Building CXX object CMakeFiles/cmTC_50f92.dir/CheckSymbolExists.cxx.o
/usr/bin/c++    -I/usr/include/qt4  -std=gnu++11     -o CMakeFiles/cmTC_50f92.dir/CheckSymbolExists.cxx.o -c /home/bit2/0603_project/tang_ws/build/a_star_double_xml/CMakeFiles/CMakeTmp/CheckSymbolExists.cxx
/home/bit2/0603_project/tang_ws/build/a_star_double_xml/CMakeFiles/CMakeTmp/CheckSymbolExists.cxx: In function ‘int main(int, char**)’:
/home/bit2/0603_project/tang_ws/build/a_star_double_xml/CMakeFiles/CMakeTmp/CheckSymbolExists.cxx:8:19: error: ‘Q_WS_QWS’ was not declared in this scope
   return ((int*)(&Q_WS_QWS))[argc];
                   ^
CMakeFiles/cmTC_50f92.dir/build.make:65: recipe for target 'CMakeFiles/cmTC_50f92.dir/CheckSymbolExists.cxx.o' failed
make[1]: *** [CMakeFiles/cmTC_50f92.dir/CheckSymbolExists.cxx.o] Error 1
make[1]: Leaving directory '/home/bit2/0603_project/tang_ws/build/a_star_double_xml/CMakeFiles/CMakeTmp'
Makefile:126: recipe for target 'cmTC_50f92/fast' failed
make: *** [cmTC_50f92/fast] Error 2

File /home/bit2/0603_project/tang_ws/build/a_star_double_xml/CMakeFiles/CMakeTmp/CheckSymbolExists.cxx:
/* */
#include <QtCore/qglobal.h>

int main(int argc, char** argv)
{
  (void)argv;
#ifndef Q_WS_QWS
  return ((int*)(&Q_WS_QWS))[argc];
#else
  (void)argc;
  return 0;
#endif
}

Determining if the Q_WS_MAC exist failed with the following output:
Change Dir: /home/bit2/0603_project/tang_ws/build/a_star_double_xml/CMakeFiles/CMakeTmp

Run Build Command:"/usr/bin/make" "cmTC_516ca/fast"
/usr/bin/make -f CMakeFiles/cmTC_516ca.dir/build.make CMakeFiles/cmTC_516ca.dir/build
make[1]: Entering directory '/home/bit2/0603_project/tang_ws/build/a_star_double_xml/CMakeFiles/CMakeTmp'
Building CXX object CMakeFiles/cmTC_516ca.dir/CheckSymbolExists.cxx.o
/usr/bin/c++    -I/usr/include/qt4  -std=gnu++11     -o CMakeFiles/cmTC_516ca.dir/CheckSymbolExists.cxx.o -c /home/bit2/0603_project/tang_ws/build/a_star_double_xml/CMakeFiles/CMakeTmp/CheckSymbolExists.cxx
/home/bit2/0603_project/tang_ws/build/a_star_double_xml/CMakeFiles/CMakeTmp/CheckSymbolExists.cxx: In function ‘int main(int, char**)’:
/home/bit2/0603_project/tang_ws/build/a_star_double_xml/CMakeFiles/CMakeTmp/CheckSymbolExists.cxx:8:19: error: ‘Q_WS_MAC’ was not declared in this scope
   return ((int*)(&Q_WS_MAC))[argc];
                   ^
CMakeFiles/cmTC_516ca.dir/build.make:65: recipe for target 'CMakeFiles/cmTC_516ca.dir/CheckSymbolExists.cxx.o' failed
make[1]: *** [CMakeFiles/cmTC_516ca.dir/CheckSymbolExists.cxx.o] Error 1
make[1]: Leaving directory '/home/bit2/0603_project/tang_ws/build/a_star_double_xml/CMakeFiles/CMakeTmp'
Makefile:126: recipe for target 'cmTC_516ca/fast' failed
make: *** [cmTC_516ca/fast] Error 2

File /home/bit2/0603_project/tang_ws/build/a_star_double_xml/CMakeFiles/CMakeTmp/CheckSymbolExists.cxx:
/* */
#include <QtCore/qglobal.h>

int main(int argc, char** argv)
{
  (void)argv;
#ifndef Q_WS_MAC
  return ((int*)(&Q_WS_MAC))[argc];
#else
  (void)argc;
  return 0;
#endif
}

