Linked: (/home/bit2/0603_project/tang_ws/devel/.private/dbw_mkz_msgs/lib/pkgconfig/dbw_mkz_msgs.pc, /home/bit2/0603_project/tang_ws/devel/lib/pkgconfig/dbw_mkz_msgs.pc)
Linked: (/home/bit2/0603_project/tang_ws/devel/.private/dbw_mkz_msgs/lib/python2.7/dist-packages/dbw_mkz_msgs/__init__.py, /home/bit2/0603_project/tang_ws/devel/lib/python2.7/dist-packages/dbw_mkz_msgs/__init__.py)
Linked: (/home/bit2/0603_project/tang_ws/devel/.private/dbw_mkz_msgs/lib/python2.7/dist-packages/dbw_mkz_msgs/msg/_WatchdogCounter.py, /home/bit2/0603_project/tang_ws/devel/lib/python2.7/dist-packages/dbw_mkz_msgs/msg/_WatchdogCounter.py)
Linked: (/home/bit2/0603_project/tang_ws/devel/.private/dbw_mkz_msgs/lib/python2.7/dist-packages/dbw_mkz_msgs/msg/_SteeringReport.py, /home/bit2/0603_project/tang_ws/devel/lib/python2.7/dist-packages/dbw_mkz_msgs/msg/_SteeringReport.py)
Linked: (/home/bit2/0603_project/tang_ws/devel/.private/dbw_mkz_msgs/lib/python2.7/dist-packages/dbw_mkz_msgs/msg/_GearReport.py, /home/bit2/0603_project/tang_ws/devel/lib/python2.7/dist-packages/dbw_mkz_msgs/msg/_GearReport.py)
Linked: (/home/bit2/0603_project/tang_ws/devel/.private/dbw_mkz_msgs/lib/python2.7/dist-packages/dbw_mkz_msgs/msg/_BrakeInfoReport.py, /home/bit2/0603_project/tang_ws/devel/lib/python2.7/dist-packages/dbw_mkz_msgs/msg/_BrakeInfoReport.py)
Linked: (/home/bit2/0603_project/tang_ws/devel/.private/dbw_mkz_msgs/lib/python2.7/dist-packages/dbw_mkz_msgs/msg/_FuelLevelReport.py, /home/bit2/0603_project/tang_ws/devel/lib/python2.7/dist-packages/dbw_mkz_msgs/msg/_FuelLevelReport.py)
Linked: (/home/bit2/0603_project/tang_ws/devel/.private/dbw_mkz_msgs/lib/python2.7/dist-packages/dbw_mkz_msgs/msg/_ParkingBrake.py, /home/bit2/0603_project/tang_ws/devel/lib/python2.7/dist-packages/dbw_mkz_msgs/msg/_ParkingBrake.py)
Linked: (/home/bit2/0603_project/tang_ws/devel/.private/dbw_mkz_msgs/lib/python2.7/dist-packages/dbw_mkz_msgs/msg/_Gear.py, /home/bit2/0603_project/tang_ws/devel/lib/python2.7/dist-packages/dbw_mkz_msgs/msg/_Gear.py)
Linked: (/home/bit2/0603_project/tang_ws/devel/.private/dbw_mkz_msgs/lib/python2.7/dist-packages/dbw_mkz_msgs/msg/_TirePressureReport.py, /home/bit2/0603_project/tang_ws/devel/lib/python2.7/dist-packages/dbw_mkz_msgs/msg/_TirePressureReport.py)
Linked: (/home/bit2/0603_project/tang_ws/devel/.private/dbw_mkz_msgs/lib/python2.7/dist-packages/dbw_mkz_msgs/msg/_ThrottleCmd.py, /home/bit2/0603_project/tang_ws/devel/lib/python2.7/dist-packages/dbw_mkz_msgs/msg/_ThrottleCmd.py)
Linked: (/home/bit2/0603_project/tang_ws/devel/.private/dbw_mkz_msgs/lib/python2.7/dist-packages/dbw_mkz_msgs/msg/_WheelSpeedReport.py, /home/bit2/0603_project/tang_ws/devel/lib/python2.7/dist-packages/dbw_mkz_msgs/msg/_WheelSpeedReport.py)
Linked: (/home/bit2/0603_project/tang_ws/devel/.private/dbw_mkz_msgs/lib/python2.7/dist-packages/dbw_mkz_msgs/msg/_HillStartAssist.py, /home/bit2/0603_project/tang_ws/devel/lib/python2.7/dist-packages/dbw_mkz_msgs/msg/_HillStartAssist.py)
Linked: (/home/bit2/0603_project/tang_ws/devel/.private/dbw_mkz_msgs/lib/python2.7/dist-packages/dbw_mkz_msgs/msg/_ThrottleReport.py, /home/bit2/0603_project/tang_ws/devel/lib/python2.7/dist-packages/dbw_mkz_msgs/msg/_ThrottleReport.py)
Linked: (/home/bit2/0603_project/tang_ws/devel/.private/dbw_mkz_msgs/lib/python2.7/dist-packages/dbw_mkz_msgs/msg/_BrakeCmd.py, /home/bit2/0603_project/tang_ws/devel/lib/python2.7/dist-packages/dbw_mkz_msgs/msg/_BrakeCmd.py)
Linked: (/home/bit2/0603_project/tang_ws/devel/.private/dbw_mkz_msgs/lib/python2.7/dist-packages/dbw_mkz_msgs/msg/_AmbientLight.py, /home/bit2/0603_project/tang_ws/devel/lib/python2.7/dist-packages/dbw_mkz_msgs/msg/_AmbientLight.py)
Linked: (/home/bit2/0603_project/tang_ws/devel/.private/dbw_mkz_msgs/lib/python2.7/dist-packages/dbw_mkz_msgs/msg/_GearCmd.py, /home/bit2/0603_project/tang_ws/devel/lib/python2.7/dist-packages/dbw_mkz_msgs/msg/_GearCmd.py)
Linked: (/home/bit2/0603_project/tang_ws/devel/.private/dbw_mkz_msgs/lib/python2.7/dist-packages/dbw_mkz_msgs/msg/_ThrottleInfoReport.py, /home/bit2/0603_project/tang_ws/devel/lib/python2.7/dist-packages/dbw_mkz_msgs/msg/_ThrottleInfoReport.py)
Linked: (/home/bit2/0603_project/tang_ws/devel/.private/dbw_mkz_msgs/lib/python2.7/dist-packages/dbw_mkz_msgs/msg/_SteeringCmd.py, /home/bit2/0603_project/tang_ws/devel/lib/python2.7/dist-packages/dbw_mkz_msgs/msg/_SteeringCmd.py)
Linked: (/home/bit2/0603_project/tang_ws/devel/.private/dbw_mkz_msgs/lib/python2.7/dist-packages/dbw_mkz_msgs/msg/_SurroundReport.py, /home/bit2/0603_project/tang_ws/devel/lib/python2.7/dist-packages/dbw_mkz_msgs/msg/_SurroundReport.py)
Linked: (/home/bit2/0603_project/tang_ws/devel/.private/dbw_mkz_msgs/lib/python2.7/dist-packages/dbw_mkz_msgs/msg/__init__.py, /home/bit2/0603_project/tang_ws/devel/lib/python2.7/dist-packages/dbw_mkz_msgs/msg/__init__.py)
Linked: (/home/bit2/0603_project/tang_ws/devel/.private/dbw_mkz_msgs/lib/python2.7/dist-packages/dbw_mkz_msgs/msg/_Misc1Report.py, /home/bit2/0603_project/tang_ws/devel/lib/python2.7/dist-packages/dbw_mkz_msgs/msg/_Misc1Report.py)
Linked: (/home/bit2/0603_project/tang_ws/devel/.private/dbw_mkz_msgs/lib/python2.7/dist-packages/dbw_mkz_msgs/msg/_SuspensionReport.py, /home/bit2/0603_project/tang_ws/devel/lib/python2.7/dist-packages/dbw_mkz_msgs/msg/_SuspensionReport.py)
Linked: (/home/bit2/0603_project/tang_ws/devel/.private/dbw_mkz_msgs/lib/python2.7/dist-packages/dbw_mkz_msgs/msg/_Wiper.py, /home/bit2/0603_project/tang_ws/devel/lib/python2.7/dist-packages/dbw_mkz_msgs/msg/_Wiper.py)
Linked: (/home/bit2/0603_project/tang_ws/devel/.private/dbw_mkz_msgs/lib/python2.7/dist-packages/dbw_mkz_msgs/msg/_BrakeReport.py, /home/bit2/0603_project/tang_ws/devel/lib/python2.7/dist-packages/dbw_mkz_msgs/msg/_BrakeReport.py)
Linked: (/home/bit2/0603_project/tang_ws/devel/.private/dbw_mkz_msgs/lib/python2.7/dist-packages/dbw_mkz_msgs/msg/_TurnSignalCmd.py, /home/bit2/0603_project/tang_ws/devel/lib/python2.7/dist-packages/dbw_mkz_msgs/msg/_TurnSignalCmd.py)
Linked: (/home/bit2/0603_project/tang_ws/devel/.private/dbw_mkz_msgs/lib/python2.7/dist-packages/dbw_mkz_msgs/msg/_TurnSignal.py, /home/bit2/0603_project/tang_ws/devel/lib/python2.7/dist-packages/dbw_mkz_msgs/msg/_TurnSignal.py)
Linked: (/home/bit2/0603_project/tang_ws/devel/.private/dbw_mkz_msgs/lib/python2.7/dist-packages/dbw_mkz_msgs/msg/_TwistCmd.py, /home/bit2/0603_project/tang_ws/devel/lib/python2.7/dist-packages/dbw_mkz_msgs/msg/_TwistCmd.py)
Linked: (/home/bit2/0603_project/tang_ws/devel/.private/dbw_mkz_msgs/include/dbw_mkz_msgs/ParkingBrake.h, /home/bit2/0603_project/tang_ws/devel/include/dbw_mkz_msgs/ParkingBrake.h)
Linked: (/home/bit2/0603_project/tang_ws/devel/.private/dbw_mkz_msgs/include/dbw_mkz_msgs/HillStartAssist.h, /home/bit2/0603_project/tang_ws/devel/include/dbw_mkz_msgs/HillStartAssist.h)
Linked: (/home/bit2/0603_project/tang_ws/devel/.private/dbw_mkz_msgs/include/dbw_mkz_msgs/GearReport.h, /home/bit2/0603_project/tang_ws/devel/include/dbw_mkz_msgs/GearReport.h)
Linked: (/home/bit2/0603_project/tang_ws/devel/.private/dbw_mkz_msgs/include/dbw_mkz_msgs/BrakeInfoReport.h, /home/bit2/0603_project/tang_ws/devel/include/dbw_mkz_msgs/BrakeInfoReport.h)
Linked: (/home/bit2/0603_project/tang_ws/devel/.private/dbw_mkz_msgs/include/dbw_mkz_msgs/TurnSignal.h, /home/bit2/0603_project/tang_ws/devel/include/dbw_mkz_msgs/TurnSignal.h)
Linked: (/home/bit2/0603_project/tang_ws/devel/.private/dbw_mkz_msgs/include/dbw_mkz_msgs/TurnSignalCmd.h, /home/bit2/0603_project/tang_ws/devel/include/dbw_mkz_msgs/TurnSignalCmd.h)
Linked: (/home/bit2/0603_project/tang_ws/devel/.private/dbw_mkz_msgs/include/dbw_mkz_msgs/TwistCmd.h, /home/bit2/0603_project/tang_ws/devel/include/dbw_mkz_msgs/TwistCmd.h)
Linked: (/home/bit2/0603_project/tang_ws/devel/.private/dbw_mkz_msgs/include/dbw_mkz_msgs/ThrottleReport.h, /home/bit2/0603_project/tang_ws/devel/include/dbw_mkz_msgs/ThrottleReport.h)
Linked: (/home/bit2/0603_project/tang_ws/devel/.private/dbw_mkz_msgs/include/dbw_mkz_msgs/Misc1Report.h, /home/bit2/0603_project/tang_ws/devel/include/dbw_mkz_msgs/Misc1Report.h)
Linked: (/home/bit2/0603_project/tang_ws/devel/.private/dbw_mkz_msgs/include/dbw_mkz_msgs/FuelLevelReport.h, /home/bit2/0603_project/tang_ws/devel/include/dbw_mkz_msgs/FuelLevelReport.h)
Linked: (/home/bit2/0603_project/tang_ws/devel/.private/dbw_mkz_msgs/include/dbw_mkz_msgs/BrakeReport.h, /home/bit2/0603_project/tang_ws/devel/include/dbw_mkz_msgs/BrakeReport.h)
Linked: (/home/bit2/0603_project/tang_ws/devel/.private/dbw_mkz_msgs/include/dbw_mkz_msgs/WatchdogCounter.h, /home/bit2/0603_project/tang_ws/devel/include/dbw_mkz_msgs/WatchdogCounter.h)
Linked: (/home/bit2/0603_project/tang_ws/devel/.private/dbw_mkz_msgs/include/dbw_mkz_msgs/ThrottleCmd.h, /home/bit2/0603_project/tang_ws/devel/include/dbw_mkz_msgs/ThrottleCmd.h)
Linked: (/home/bit2/0603_project/tang_ws/devel/.private/dbw_mkz_msgs/include/dbw_mkz_msgs/SuspensionReport.h, /home/bit2/0603_project/tang_ws/devel/include/dbw_mkz_msgs/SuspensionReport.h)
Linked: (/home/bit2/0603_project/tang_ws/devel/.private/dbw_mkz_msgs/include/dbw_mkz_msgs/AmbientLight.h, /home/bit2/0603_project/tang_ws/devel/include/dbw_mkz_msgs/AmbientLight.h)
Linked: (/home/bit2/0603_project/tang_ws/devel/.private/dbw_mkz_msgs/include/dbw_mkz_msgs/SteeringCmd.h, /home/bit2/0603_project/tang_ws/devel/include/dbw_mkz_msgs/SteeringCmd.h)
Linked: (/home/bit2/0603_project/tang_ws/devel/.private/dbw_mkz_msgs/include/dbw_mkz_msgs/Wiper.h, /home/bit2/0603_project/tang_ws/devel/include/dbw_mkz_msgs/Wiper.h)
Linked: (/home/bit2/0603_project/tang_ws/devel/.private/dbw_mkz_msgs/include/dbw_mkz_msgs/ThrottleInfoReport.h, /home/bit2/0603_project/tang_ws/devel/include/dbw_mkz_msgs/ThrottleInfoReport.h)
Linked: (/home/bit2/0603_project/tang_ws/devel/.private/dbw_mkz_msgs/include/dbw_mkz_msgs/SurroundReport.h, /home/bit2/0603_project/tang_ws/devel/include/dbw_mkz_msgs/SurroundReport.h)
Linked: (/home/bit2/0603_project/tang_ws/devel/.private/dbw_mkz_msgs/include/dbw_mkz_msgs/BrakeCmd.h, /home/bit2/0603_project/tang_ws/devel/include/dbw_mkz_msgs/BrakeCmd.h)
Linked: (/home/bit2/0603_project/tang_ws/devel/.private/dbw_mkz_msgs/include/dbw_mkz_msgs/Gear.h, /home/bit2/0603_project/tang_ws/devel/include/dbw_mkz_msgs/Gear.h)
Linked: (/home/bit2/0603_project/tang_ws/devel/.private/dbw_mkz_msgs/include/dbw_mkz_msgs/SteeringReport.h, /home/bit2/0603_project/tang_ws/devel/include/dbw_mkz_msgs/SteeringReport.h)
Linked: (/home/bit2/0603_project/tang_ws/devel/.private/dbw_mkz_msgs/include/dbw_mkz_msgs/TirePressureReport.h, /home/bit2/0603_project/tang_ws/devel/include/dbw_mkz_msgs/TirePressureReport.h)
Linked: (/home/bit2/0603_project/tang_ws/devel/.private/dbw_mkz_msgs/include/dbw_mkz_msgs/GearCmd.h, /home/bit2/0603_project/tang_ws/devel/include/dbw_mkz_msgs/GearCmd.h)
Linked: (/home/bit2/0603_project/tang_ws/devel/.private/dbw_mkz_msgs/include/dbw_mkz_msgs/WheelSpeedReport.h, /home/bit2/0603_project/tang_ws/devel/include/dbw_mkz_msgs/WheelSpeedReport.h)
Linked: (/home/bit2/0603_project/tang_ws/devel/.private/dbw_mkz_msgs/share/common-lisp/ros/dbw_mkz_msgs/msg/AmbientLight.lisp, /home/bit2/0603_project/tang_ws/devel/share/common-lisp/ros/dbw_mkz_msgs/msg/AmbientLight.lisp)
Linked: (/home/bit2/0603_project/tang_ws/devel/.private/dbw_mkz_msgs/share/common-lisp/ros/dbw_mkz_msgs/msg/TirePressureReport.lisp, /home/bit2/0603_project/tang_ws/devel/share/common-lisp/ros/dbw_mkz_msgs/msg/TirePressureReport.lisp)
Linked: (/home/bit2/0603_project/tang_ws/devel/.private/dbw_mkz_msgs/share/common-lisp/ros/dbw_mkz_msgs/msg/_package_TurnSignal.lisp, /home/bit2/0603_project/tang_ws/devel/share/common-lisp/ros/dbw_mkz_msgs/msg/_package_TurnSignal.lisp)
Linked: (/home/bit2/0603_project/tang_ws/devel/.private/dbw_mkz_msgs/share/common-lisp/ros/dbw_mkz_msgs/msg/_package_BrakeInfoReport.lisp, /home/bit2/0603_project/tang_ws/devel/share/common-lisp/ros/dbw_mkz_msgs/msg/_package_BrakeInfoReport.lisp)
Linked: (/home/bit2/0603_project/tang_ws/devel/.private/dbw_mkz_msgs/share/common-lisp/ros/dbw_mkz_msgs/msg/Misc1Report.lisp, /home/bit2/0603_project/tang_ws/devel/share/common-lisp/ros/dbw_mkz_msgs/msg/Misc1Report.lisp)
Linked: (/home/bit2/0603_project/tang_ws/devel/.private/dbw_mkz_msgs/share/common-lisp/ros/dbw_mkz_msgs/msg/_package_Gear.lisp, /home/bit2/0603_project/tang_ws/devel/share/common-lisp/ros/dbw_mkz_msgs/msg/_package_Gear.lisp)
Linked: (/home/bit2/0603_project/tang_ws/devel/.private/dbw_mkz_msgs/share/common-lisp/ros/dbw_mkz_msgs/msg/SteeringCmd.lisp, /home/bit2/0603_project/tang_ws/devel/share/common-lisp/ros/dbw_mkz_msgs/msg/SteeringCmd.lisp)
Linked: (/home/bit2/0603_project/tang_ws/devel/.private/dbw_mkz_msgs/share/common-lisp/ros/dbw_mkz_msgs/msg/BrakeInfoReport.lisp, /home/bit2/0603_project/tang_ws/devel/share/common-lisp/ros/dbw_mkz_msgs/msg/BrakeInfoReport.lisp)
Linked: (/home/bit2/0603_project/tang_ws/devel/.private/dbw_mkz_msgs/share/common-lisp/ros/dbw_mkz_msgs/msg/ThrottleReport.lisp, /home/bit2/0603_project/tang_ws/devel/share/common-lisp/ros/dbw_mkz_msgs/msg/ThrottleReport.lisp)
Linked: (/home/bit2/0603_project/tang_ws/devel/.private/dbw_mkz_msgs/share/common-lisp/ros/dbw_mkz_msgs/msg/ParkingBrake.lisp, /home/bit2/0603_project/tang_ws/devel/share/common-lisp/ros/dbw_mkz_msgs/msg/ParkingBrake.lisp)
Linked: (/home/bit2/0603_project/tang_ws/devel/.private/dbw_mkz_msgs/share/common-lisp/ros/dbw_mkz_msgs/msg/_package.lisp, /home/bit2/0603_project/tang_ws/devel/share/common-lisp/ros/dbw_mkz_msgs/msg/_package.lisp)
Linked: (/home/bit2/0603_project/tang_ws/devel/.private/dbw_mkz_msgs/share/common-lisp/ros/dbw_mkz_msgs/msg/FuelLevelReport.lisp, /home/bit2/0603_project/tang_ws/devel/share/common-lisp/ros/dbw_mkz_msgs/msg/FuelLevelReport.lisp)
Linked: (/home/bit2/0603_project/tang_ws/devel/.private/dbw_mkz_msgs/share/common-lisp/ros/dbw_mkz_msgs/msg/SuspensionReport.lisp, /home/bit2/0603_project/tang_ws/devel/share/common-lisp/ros/dbw_mkz_msgs/msg/SuspensionReport.lisp)
Linked: (/home/bit2/0603_project/tang_ws/devel/.private/dbw_mkz_msgs/share/common-lisp/ros/dbw_mkz_msgs/msg/ThrottleCmd.lisp, /home/bit2/0603_project/tang_ws/devel/share/common-lisp/ros/dbw_mkz_msgs/msg/ThrottleCmd.lisp)
Linked: (/home/bit2/0603_project/tang_ws/devel/.private/dbw_mkz_msgs/share/common-lisp/ros/dbw_mkz_msgs/msg/_package_WheelSpeedReport.lisp, /home/bit2/0603_project/tang_ws/devel/share/common-lisp/ros/dbw_mkz_msgs/msg/_package_WheelSpeedReport.lisp)
Linked: (/home/bit2/0603_project/tang_ws/devel/.private/dbw_mkz_msgs/share/common-lisp/ros/dbw_mkz_msgs/msg/_package_ParkingBrake.lisp, /home/bit2/0603_project/tang_ws/devel/share/common-lisp/ros/dbw_mkz_msgs/msg/_package_ParkingBrake.lisp)
Linked: (/home/bit2/0603_project/tang_ws/devel/.private/dbw_mkz_msgs/share/common-lisp/ros/dbw_mkz_msgs/msg/_package_ThrottleInfoReport.lisp, /home/bit2/0603_project/tang_ws/devel/share/common-lisp/ros/dbw_mkz_msgs/msg/_package_ThrottleInfoReport.lisp)
Linked: (/home/bit2/0603_project/tang_ws/devel/.private/dbw_mkz_msgs/share/common-lisp/ros/dbw_mkz_msgs/msg/_package_SuspensionReport.lisp, /home/bit2/0603_project/tang_ws/devel/share/common-lisp/ros/dbw_mkz_msgs/msg/_package_SuspensionReport.lisp)
Linked: (/home/bit2/0603_project/tang_ws/devel/.private/dbw_mkz_msgs/share/common-lisp/ros/dbw_mkz_msgs/msg/_package_Wiper.lisp, /home/bit2/0603_project/tang_ws/devel/share/common-lisp/ros/dbw_mkz_msgs/msg/_package_Wiper.lisp)
Linked: (/home/bit2/0603_project/tang_ws/devel/.private/dbw_mkz_msgs/share/common-lisp/ros/dbw_mkz_msgs/msg/BrakeCmd.lisp, /home/bit2/0603_project/tang_ws/devel/share/common-lisp/ros/dbw_mkz_msgs/msg/BrakeCmd.lisp)
Linked: (/home/bit2/0603_project/tang_ws/devel/.private/dbw_mkz_msgs/share/common-lisp/ros/dbw_mkz_msgs/msg/_package_SteeringCmd.lisp, /home/bit2/0603_project/tang_ws/devel/share/common-lisp/ros/dbw_mkz_msgs/msg/_package_SteeringCmd.lisp)
Linked: (/home/bit2/0603_project/tang_ws/devel/.private/dbw_mkz_msgs/share/common-lisp/ros/dbw_mkz_msgs/msg/HillStartAssist.lisp, /home/bit2/0603_project/tang_ws/devel/share/common-lisp/ros/dbw_mkz_msgs/msg/HillStartAssist.lisp)
Linked: (/home/bit2/0603_project/tang_ws/devel/.private/dbw_mkz_msgs/share/common-lisp/ros/dbw_mkz_msgs/msg/GearReport.lisp, /home/bit2/0603_project/tang_ws/devel/share/common-lisp/ros/dbw_mkz_msgs/msg/GearReport.lisp)
Linked: (/home/bit2/0603_project/tang_ws/devel/.private/dbw_mkz_msgs/share/common-lisp/ros/dbw_mkz_msgs/msg/Wiper.lisp, /home/bit2/0603_project/tang_ws/devel/share/common-lisp/ros/dbw_mkz_msgs/msg/Wiper.lisp)
Linked: (/home/bit2/0603_project/tang_ws/devel/.private/dbw_mkz_msgs/share/common-lisp/ros/dbw_mkz_msgs/msg/TwistCmd.lisp, /home/bit2/0603_project/tang_ws/devel/share/common-lisp/ros/dbw_mkz_msgs/msg/TwistCmd.lisp)
Linked: (/home/bit2/0603_project/tang_ws/devel/.private/dbw_mkz_msgs/share/common-lisp/ros/dbw_mkz_msgs/msg/WheelSpeedReport.lisp, /home/bit2/0603_project/tang_ws/devel/share/common-lisp/ros/dbw_mkz_msgs/msg/WheelSpeedReport.lisp)
Linked: (/home/bit2/0603_project/tang_ws/devel/.private/dbw_mkz_msgs/share/common-lisp/ros/dbw_mkz_msgs/msg/_package_HillStartAssist.lisp, /home/bit2/0603_project/tang_ws/devel/share/common-lisp/ros/dbw_mkz_msgs/msg/_package_HillStartAssist.lisp)
Linked: (/home/bit2/0603_project/tang_ws/devel/.private/dbw_mkz_msgs/share/common-lisp/ros/dbw_mkz_msgs/msg/_package_Misc1Report.lisp, /home/bit2/0603_project/tang_ws/devel/share/common-lisp/ros/dbw_mkz_msgs/msg/_package_Misc1Report.lisp)
Linked: (/home/bit2/0603_project/tang_ws/devel/.private/dbw_mkz_msgs/share/common-lisp/ros/dbw_mkz_msgs/msg/SteeringReport.lisp, /home/bit2/0603_project/tang_ws/devel/share/common-lisp/ros/dbw_mkz_msgs/msg/SteeringReport.lisp)
Linked: (/home/bit2/0603_project/tang_ws/devel/.private/dbw_mkz_msgs/share/common-lisp/ros/dbw_mkz_msgs/msg/_package_TirePressureReport.lisp, /home/bit2/0603_project/tang_ws/devel/share/common-lisp/ros/dbw_mkz_msgs/msg/_package_TirePressureReport.lisp)
Linked: (/home/bit2/0603_project/tang_ws/devel/.private/dbw_mkz_msgs/share/common-lisp/ros/dbw_mkz_msgs/msg/dbw_mkz_msgs-msg.asd, /home/bit2/0603_project/tang_ws/devel/share/common-lisp/ros/dbw_mkz_msgs/msg/dbw_mkz_msgs-msg.asd)
Linked: (/home/bit2/0603_project/tang_ws/devel/.private/dbw_mkz_msgs/share/common-lisp/ros/dbw_mkz_msgs/msg/ThrottleInfoReport.lisp, /home/bit2/0603_project/tang_ws/devel/share/common-lisp/ros/dbw_mkz_msgs/msg/ThrottleInfoReport.lisp)
Linked: (/home/bit2/0603_project/tang_ws/devel/.private/dbw_mkz_msgs/share/common-lisp/ros/dbw_mkz_msgs/msg/TurnSignal.lisp, /home/bit2/0603_project/tang_ws/devel/share/common-lisp/ros/dbw_mkz_msgs/msg/TurnSignal.lisp)
Linked: (/home/bit2/0603_project/tang_ws/devel/.private/dbw_mkz_msgs/share/common-lisp/ros/dbw_mkz_msgs/msg/_package_SurroundReport.lisp, /home/bit2/0603_project/tang_ws/devel/share/common-lisp/ros/dbw_mkz_msgs/msg/_package_SurroundReport.lisp)
Linked: (/home/bit2/0603_project/tang_ws/devel/.private/dbw_mkz_msgs/share/common-lisp/ros/dbw_mkz_msgs/msg/BrakeReport.lisp, /home/bit2/0603_project/tang_ws/devel/share/common-lisp/ros/dbw_mkz_msgs/msg/BrakeReport.lisp)
Linked: (/home/bit2/0603_project/tang_ws/devel/.private/dbw_mkz_msgs/share/common-lisp/ros/dbw_mkz_msgs/msg/_package_GearCmd.lisp, /home/bit2/0603_project/tang_ws/devel/share/common-lisp/ros/dbw_mkz_msgs/msg/_package_GearCmd.lisp)
Linked: (/home/bit2/0603_project/tang_ws/devel/.private/dbw_mkz_msgs/share/common-lisp/ros/dbw_mkz_msgs/msg/WatchdogCounter.lisp, /home/bit2/0603_project/tang_ws/devel/share/common-lisp/ros/dbw_mkz_msgs/msg/WatchdogCounter.lisp)
Linked: (/home/bit2/0603_project/tang_ws/devel/.private/dbw_mkz_msgs/share/common-lisp/ros/dbw_mkz_msgs/msg/GearCmd.lisp, /home/bit2/0603_project/tang_ws/devel/share/common-lisp/ros/dbw_mkz_msgs/msg/GearCmd.lisp)
Linked: (/home/bit2/0603_project/tang_ws/devel/.private/dbw_mkz_msgs/share/common-lisp/ros/dbw_mkz_msgs/msg/_package_WatchdogCounter.lisp, /home/bit2/0603_project/tang_ws/devel/share/common-lisp/ros/dbw_mkz_msgs/msg/_package_WatchdogCounter.lisp)
Linked: (/home/bit2/0603_project/tang_ws/devel/.private/dbw_mkz_msgs/share/common-lisp/ros/dbw_mkz_msgs/msg/_package_TurnSignalCmd.lisp, /home/bit2/0603_project/tang_ws/devel/share/common-lisp/ros/dbw_mkz_msgs/msg/_package_TurnSignalCmd.lisp)
Linked: (/home/bit2/0603_project/tang_ws/devel/.private/dbw_mkz_msgs/share/common-lisp/ros/dbw_mkz_msgs/msg/_package_ThrottleReport.lisp, /home/bit2/0603_project/tang_ws/devel/share/common-lisp/ros/dbw_mkz_msgs/msg/_package_ThrottleReport.lisp)
Linked: (/home/bit2/0603_project/tang_ws/devel/.private/dbw_mkz_msgs/share/common-lisp/ros/dbw_mkz_msgs/msg/_package_FuelLevelReport.lisp, /home/bit2/0603_project/tang_ws/devel/share/common-lisp/ros/dbw_mkz_msgs/msg/_package_FuelLevelReport.lisp)
Linked: (/home/bit2/0603_project/tang_ws/devel/.private/dbw_mkz_msgs/share/common-lisp/ros/dbw_mkz_msgs/msg/_package_TwistCmd.lisp, /home/bit2/0603_project/tang_ws/devel/share/common-lisp/ros/dbw_mkz_msgs/msg/_package_TwistCmd.lisp)
Linked: (/home/bit2/0603_project/tang_ws/devel/.private/dbw_mkz_msgs/share/common-lisp/ros/dbw_mkz_msgs/msg/_package_BrakeCmd.lisp, /home/bit2/0603_project/tang_ws/devel/share/common-lisp/ros/dbw_mkz_msgs/msg/_package_BrakeCmd.lisp)
Linked: (/home/bit2/0603_project/tang_ws/devel/.private/dbw_mkz_msgs/share/common-lisp/ros/dbw_mkz_msgs/msg/TurnSignalCmd.lisp, /home/bit2/0603_project/tang_ws/devel/share/common-lisp/ros/dbw_mkz_msgs/msg/TurnSignalCmd.lisp)
Linked: (/home/bit2/0603_project/tang_ws/devel/.private/dbw_mkz_msgs/share/common-lisp/ros/dbw_mkz_msgs/msg/_package_AmbientLight.lisp, /home/bit2/0603_project/tang_ws/devel/share/common-lisp/ros/dbw_mkz_msgs/msg/_package_AmbientLight.lisp)
Linked: (/home/bit2/0603_project/tang_ws/devel/.private/dbw_mkz_msgs/share/common-lisp/ros/dbw_mkz_msgs/msg/_package_BrakeReport.lisp, /home/bit2/0603_project/tang_ws/devel/share/common-lisp/ros/dbw_mkz_msgs/msg/_package_BrakeReport.lisp)
Linked: (/home/bit2/0603_project/tang_ws/devel/.private/dbw_mkz_msgs/share/common-lisp/ros/dbw_mkz_msgs/msg/_package_GearReport.lisp, /home/bit2/0603_project/tang_ws/devel/share/common-lisp/ros/dbw_mkz_msgs/msg/_package_GearReport.lisp)
Linked: (/home/bit2/0603_project/tang_ws/devel/.private/dbw_mkz_msgs/share/common-lisp/ros/dbw_mkz_msgs/msg/Gear.lisp, /home/bit2/0603_project/tang_ws/devel/share/common-lisp/ros/dbw_mkz_msgs/msg/Gear.lisp)
Linked: (/home/bit2/0603_project/tang_ws/devel/.private/dbw_mkz_msgs/share/common-lisp/ros/dbw_mkz_msgs/msg/_package_SteeringReport.lisp, /home/bit2/0603_project/tang_ws/devel/share/common-lisp/ros/dbw_mkz_msgs/msg/_package_SteeringReport.lisp)
Linked: (/home/bit2/0603_project/tang_ws/devel/.private/dbw_mkz_msgs/share/common-lisp/ros/dbw_mkz_msgs/msg/SurroundReport.lisp, /home/bit2/0603_project/tang_ws/devel/share/common-lisp/ros/dbw_mkz_msgs/msg/SurroundReport.lisp)
Linked: (/home/bit2/0603_project/tang_ws/devel/.private/dbw_mkz_msgs/share/common-lisp/ros/dbw_mkz_msgs/msg/_package_ThrottleCmd.lisp, /home/bit2/0603_project/tang_ws/devel/share/common-lisp/ros/dbw_mkz_msgs/msg/_package_ThrottleCmd.lisp)
Linked: (/home/bit2/0603_project/tang_ws/devel/.private/dbw_mkz_msgs/share/gennodejs/ros/dbw_mkz_msgs/_index.js, /home/bit2/0603_project/tang_ws/devel/share/gennodejs/ros/dbw_mkz_msgs/_index.js)
Linked: (/home/bit2/0603_project/tang_ws/devel/.private/dbw_mkz_msgs/share/gennodejs/ros/dbw_mkz_msgs/msg/BrakeInfoReport.js, /home/bit2/0603_project/tang_ws/devel/share/gennodejs/ros/dbw_mkz_msgs/msg/BrakeInfoReport.js)
Linked: (/home/bit2/0603_project/tang_ws/devel/.private/dbw_mkz_msgs/share/gennodejs/ros/dbw_mkz_msgs/msg/SteeringReport.js, /home/bit2/0603_project/tang_ws/devel/share/gennodejs/ros/dbw_mkz_msgs/msg/SteeringReport.js)
Linked: (/home/bit2/0603_project/tang_ws/devel/.private/dbw_mkz_msgs/share/gennodejs/ros/dbw_mkz_msgs/msg/HillStartAssist.js, /home/bit2/0603_project/tang_ws/devel/share/gennodejs/ros/dbw_mkz_msgs/msg/HillStartAssist.js)
Linked: (/home/bit2/0603_project/tang_ws/devel/.private/dbw_mkz_msgs/share/gennodejs/ros/dbw_mkz_msgs/msg/TurnSignal.js, /home/bit2/0603_project/tang_ws/devel/share/gennodejs/ros/dbw_mkz_msgs/msg/TurnSignal.js)
Linked: (/home/bit2/0603_project/tang_ws/devel/.private/dbw_mkz_msgs/share/gennodejs/ros/dbw_mkz_msgs/msg/SurroundReport.js, /home/bit2/0603_project/tang_ws/devel/share/gennodejs/ros/dbw_mkz_msgs/msg/SurroundReport.js)
Linked: (/home/bit2/0603_project/tang_ws/devel/.private/dbw_mkz_msgs/share/gennodejs/ros/dbw_mkz_msgs/msg/_index.js, /home/bit2/0603_project/tang_ws/devel/share/gennodejs/ros/dbw_mkz_msgs/msg/_index.js)
Linked: (/home/bit2/0603_project/tang_ws/devel/.private/dbw_mkz_msgs/share/gennodejs/ros/dbw_mkz_msgs/msg/TwistCmd.js, /home/bit2/0603_project/tang_ws/devel/share/gennodejs/ros/dbw_mkz_msgs/msg/TwistCmd.js)
Linked: (/home/bit2/0603_project/tang_ws/devel/.private/dbw_mkz_msgs/share/gennodejs/ros/dbw_mkz_msgs/msg/WheelSpeedReport.js, /home/bit2/0603_project/tang_ws/devel/share/gennodejs/ros/dbw_mkz_msgs/msg/WheelSpeedReport.js)
Linked: (/home/bit2/0603_project/tang_ws/devel/.private/dbw_mkz_msgs/share/gennodejs/ros/dbw_mkz_msgs/msg/BrakeCmd.js, /home/bit2/0603_project/tang_ws/devel/share/gennodejs/ros/dbw_mkz_msgs/msg/BrakeCmd.js)
Linked: (/home/bit2/0603_project/tang_ws/devel/.private/dbw_mkz_msgs/share/gennodejs/ros/dbw_mkz_msgs/msg/ThrottleCmd.js, /home/bit2/0603_project/tang_ws/devel/share/gennodejs/ros/dbw_mkz_msgs/msg/ThrottleCmd.js)
Linked: (/home/bit2/0603_project/tang_ws/devel/.private/dbw_mkz_msgs/share/gennodejs/ros/dbw_mkz_msgs/msg/ParkingBrake.js, /home/bit2/0603_project/tang_ws/devel/share/gennodejs/ros/dbw_mkz_msgs/msg/ParkingBrake.js)
Linked: (/home/bit2/0603_project/tang_ws/devel/.private/dbw_mkz_msgs/share/gennodejs/ros/dbw_mkz_msgs/msg/Gear.js, /home/bit2/0603_project/tang_ws/devel/share/gennodejs/ros/dbw_mkz_msgs/msg/Gear.js)
Linked: (/home/bit2/0603_project/tang_ws/devel/.private/dbw_mkz_msgs/share/gennodejs/ros/dbw_mkz_msgs/msg/Misc1Report.js, /home/bit2/0603_project/tang_ws/devel/share/gennodejs/ros/dbw_mkz_msgs/msg/Misc1Report.js)
Linked: (/home/bit2/0603_project/tang_ws/devel/.private/dbw_mkz_msgs/share/gennodejs/ros/dbw_mkz_msgs/msg/GearReport.js, /home/bit2/0603_project/tang_ws/devel/share/gennodejs/ros/dbw_mkz_msgs/msg/GearReport.js)
Linked: (/home/bit2/0603_project/tang_ws/devel/.private/dbw_mkz_msgs/share/gennodejs/ros/dbw_mkz_msgs/msg/Wiper.js, /home/bit2/0603_project/tang_ws/devel/share/gennodejs/ros/dbw_mkz_msgs/msg/Wiper.js)
Linked: (/home/bit2/0603_project/tang_ws/devel/.private/dbw_mkz_msgs/share/gennodejs/ros/dbw_mkz_msgs/msg/SuspensionReport.js, /home/bit2/0603_project/tang_ws/devel/share/gennodejs/ros/dbw_mkz_msgs/msg/SuspensionReport.js)
Linked: (/home/bit2/0603_project/tang_ws/devel/.private/dbw_mkz_msgs/share/gennodejs/ros/dbw_mkz_msgs/msg/BrakeReport.js, /home/bit2/0603_project/tang_ws/devel/share/gennodejs/ros/dbw_mkz_msgs/msg/BrakeReport.js)
Linked: (/home/bit2/0603_project/tang_ws/devel/.private/dbw_mkz_msgs/share/gennodejs/ros/dbw_mkz_msgs/msg/ThrottleReport.js, /home/bit2/0603_project/tang_ws/devel/share/gennodejs/ros/dbw_mkz_msgs/msg/ThrottleReport.js)
Linked: (/home/bit2/0603_project/tang_ws/devel/.private/dbw_mkz_msgs/share/gennodejs/ros/dbw_mkz_msgs/msg/TirePressureReport.js, /home/bit2/0603_project/tang_ws/devel/share/gennodejs/ros/dbw_mkz_msgs/msg/TirePressureReport.js)
Linked: (/home/bit2/0603_project/tang_ws/devel/.private/dbw_mkz_msgs/share/gennodejs/ros/dbw_mkz_msgs/msg/FuelLevelReport.js, /home/bit2/0603_project/tang_ws/devel/share/gennodejs/ros/dbw_mkz_msgs/msg/FuelLevelReport.js)
Linked: (/home/bit2/0603_project/tang_ws/devel/.private/dbw_mkz_msgs/share/gennodejs/ros/dbw_mkz_msgs/msg/GearCmd.js, /home/bit2/0603_project/tang_ws/devel/share/gennodejs/ros/dbw_mkz_msgs/msg/GearCmd.js)
Linked: (/home/bit2/0603_project/tang_ws/devel/.private/dbw_mkz_msgs/share/gennodejs/ros/dbw_mkz_msgs/msg/WatchdogCounter.js, /home/bit2/0603_project/tang_ws/devel/share/gennodejs/ros/dbw_mkz_msgs/msg/WatchdogCounter.js)
Linked: (/home/bit2/0603_project/tang_ws/devel/.private/dbw_mkz_msgs/share/gennodejs/ros/dbw_mkz_msgs/msg/AmbientLight.js, /home/bit2/0603_project/tang_ws/devel/share/gennodejs/ros/dbw_mkz_msgs/msg/AmbientLight.js)
Linked: (/home/bit2/0603_project/tang_ws/devel/.private/dbw_mkz_msgs/share/gennodejs/ros/dbw_mkz_msgs/msg/TurnSignalCmd.js, /home/bit2/0603_project/tang_ws/devel/share/gennodejs/ros/dbw_mkz_msgs/msg/TurnSignalCmd.js)
Linked: (/home/bit2/0603_project/tang_ws/devel/.private/dbw_mkz_msgs/share/gennodejs/ros/dbw_mkz_msgs/msg/ThrottleInfoReport.js, /home/bit2/0603_project/tang_ws/devel/share/gennodejs/ros/dbw_mkz_msgs/msg/ThrottleInfoReport.js)
Linked: (/home/bit2/0603_project/tang_ws/devel/.private/dbw_mkz_msgs/share/gennodejs/ros/dbw_mkz_msgs/msg/SteeringCmd.js, /home/bit2/0603_project/tang_ws/devel/share/gennodejs/ros/dbw_mkz_msgs/msg/SteeringCmd.js)
Linked: (/home/bit2/0603_project/tang_ws/devel/.private/dbw_mkz_msgs/share/roseus/ros/dbw_mkz_msgs/manifest.l, /home/bit2/0603_project/tang_ws/devel/share/roseus/ros/dbw_mkz_msgs/manifest.l)
Linked: (/home/bit2/0603_project/tang_ws/devel/.private/dbw_mkz_msgs/share/roseus/ros/dbw_mkz_msgs/msg/TwistCmd.l, /home/bit2/0603_project/tang_ws/devel/share/roseus/ros/dbw_mkz_msgs/msg/TwistCmd.l)
Linked: (/home/bit2/0603_project/tang_ws/devel/.private/dbw_mkz_msgs/share/roseus/ros/dbw_mkz_msgs/msg/SteeringCmd.l, /home/bit2/0603_project/tang_ws/devel/share/roseus/ros/dbw_mkz_msgs/msg/SteeringCmd.l)
Linked: (/home/bit2/0603_project/tang_ws/devel/.private/dbw_mkz_msgs/share/roseus/ros/dbw_mkz_msgs/msg/AmbientLight.l, /home/bit2/0603_project/tang_ws/devel/share/roseus/ros/dbw_mkz_msgs/msg/AmbientLight.l)
Linked: (/home/bit2/0603_project/tang_ws/devel/.private/dbw_mkz_msgs/share/roseus/ros/dbw_mkz_msgs/msg/ParkingBrake.l, /home/bit2/0603_project/tang_ws/devel/share/roseus/ros/dbw_mkz_msgs/msg/ParkingBrake.l)
Linked: (/home/bit2/0603_project/tang_ws/devel/.private/dbw_mkz_msgs/share/roseus/ros/dbw_mkz_msgs/msg/TurnSignalCmd.l, /home/bit2/0603_project/tang_ws/devel/share/roseus/ros/dbw_mkz_msgs/msg/TurnSignalCmd.l)
Linked: (/home/bit2/0603_project/tang_ws/devel/.private/dbw_mkz_msgs/share/roseus/ros/dbw_mkz_msgs/msg/WheelSpeedReport.l, /home/bit2/0603_project/tang_ws/devel/share/roseus/ros/dbw_mkz_msgs/msg/WheelSpeedReport.l)
Linked: (/home/bit2/0603_project/tang_ws/devel/.private/dbw_mkz_msgs/share/roseus/ros/dbw_mkz_msgs/msg/BrakeCmd.l, /home/bit2/0603_project/tang_ws/devel/share/roseus/ros/dbw_mkz_msgs/msg/BrakeCmd.l)
Linked: (/home/bit2/0603_project/tang_ws/devel/.private/dbw_mkz_msgs/share/roseus/ros/dbw_mkz_msgs/msg/GearCmd.l, /home/bit2/0603_project/tang_ws/devel/share/roseus/ros/dbw_mkz_msgs/msg/GearCmd.l)
Linked: (/home/bit2/0603_project/tang_ws/devel/.private/dbw_mkz_msgs/share/roseus/ros/dbw_mkz_msgs/msg/Misc1Report.l, /home/bit2/0603_project/tang_ws/devel/share/roseus/ros/dbw_mkz_msgs/msg/Misc1Report.l)
Linked: (/home/bit2/0603_project/tang_ws/devel/.private/dbw_mkz_msgs/share/roseus/ros/dbw_mkz_msgs/msg/SteeringReport.l, /home/bit2/0603_project/tang_ws/devel/share/roseus/ros/dbw_mkz_msgs/msg/SteeringReport.l)
Linked: (/home/bit2/0603_project/tang_ws/devel/.private/dbw_mkz_msgs/share/roseus/ros/dbw_mkz_msgs/msg/ThrottleCmd.l, /home/bit2/0603_project/tang_ws/devel/share/roseus/ros/dbw_mkz_msgs/msg/ThrottleCmd.l)
Linked: (/home/bit2/0603_project/tang_ws/devel/.private/dbw_mkz_msgs/share/roseus/ros/dbw_mkz_msgs/msg/ThrottleInfoReport.l, /home/bit2/0603_project/tang_ws/devel/share/roseus/ros/dbw_mkz_msgs/msg/ThrottleInfoReport.l)
Linked: (/home/bit2/0603_project/tang_ws/devel/.private/dbw_mkz_msgs/share/roseus/ros/dbw_mkz_msgs/msg/TirePressureReport.l, /home/bit2/0603_project/tang_ws/devel/share/roseus/ros/dbw_mkz_msgs/msg/TirePressureReport.l)
Linked: (/home/bit2/0603_project/tang_ws/devel/.private/dbw_mkz_msgs/share/roseus/ros/dbw_mkz_msgs/msg/BrakeInfoReport.l, /home/bit2/0603_project/tang_ws/devel/share/roseus/ros/dbw_mkz_msgs/msg/BrakeInfoReport.l)
Linked: (/home/bit2/0603_project/tang_ws/devel/.private/dbw_mkz_msgs/share/roseus/ros/dbw_mkz_msgs/msg/Gear.l, /home/bit2/0603_project/tang_ws/devel/share/roseus/ros/dbw_mkz_msgs/msg/Gear.l)
Linked: (/home/bit2/0603_project/tang_ws/devel/.private/dbw_mkz_msgs/share/roseus/ros/dbw_mkz_msgs/msg/TurnSignal.l, /home/bit2/0603_project/tang_ws/devel/share/roseus/ros/dbw_mkz_msgs/msg/TurnSignal.l)
Linked: (/home/bit2/0603_project/tang_ws/devel/.private/dbw_mkz_msgs/share/roseus/ros/dbw_mkz_msgs/msg/Wiper.l, /home/bit2/0603_project/tang_ws/devel/share/roseus/ros/dbw_mkz_msgs/msg/Wiper.l)
Linked: (/home/bit2/0603_project/tang_ws/devel/.private/dbw_mkz_msgs/share/roseus/ros/dbw_mkz_msgs/msg/SuspensionReport.l, /home/bit2/0603_project/tang_ws/devel/share/roseus/ros/dbw_mkz_msgs/msg/SuspensionReport.l)
Linked: (/home/bit2/0603_project/tang_ws/devel/.private/dbw_mkz_msgs/share/roseus/ros/dbw_mkz_msgs/msg/WatchdogCounter.l, /home/bit2/0603_project/tang_ws/devel/share/roseus/ros/dbw_mkz_msgs/msg/WatchdogCounter.l)
Linked: (/home/bit2/0603_project/tang_ws/devel/.private/dbw_mkz_msgs/share/roseus/ros/dbw_mkz_msgs/msg/GearReport.l, /home/bit2/0603_project/tang_ws/devel/share/roseus/ros/dbw_mkz_msgs/msg/GearReport.l)
Linked: (/home/bit2/0603_project/tang_ws/devel/.private/dbw_mkz_msgs/share/roseus/ros/dbw_mkz_msgs/msg/HillStartAssist.l, /home/bit2/0603_project/tang_ws/devel/share/roseus/ros/dbw_mkz_msgs/msg/HillStartAssist.l)
Linked: (/home/bit2/0603_project/tang_ws/devel/.private/dbw_mkz_msgs/share/roseus/ros/dbw_mkz_msgs/msg/ThrottleReport.l, /home/bit2/0603_project/tang_ws/devel/share/roseus/ros/dbw_mkz_msgs/msg/ThrottleReport.l)
Linked: (/home/bit2/0603_project/tang_ws/devel/.private/dbw_mkz_msgs/share/roseus/ros/dbw_mkz_msgs/msg/FuelLevelReport.l, /home/bit2/0603_project/tang_ws/devel/share/roseus/ros/dbw_mkz_msgs/msg/FuelLevelReport.l)
Linked: (/home/bit2/0603_project/tang_ws/devel/.private/dbw_mkz_msgs/share/roseus/ros/dbw_mkz_msgs/msg/SurroundReport.l, /home/bit2/0603_project/tang_ws/devel/share/roseus/ros/dbw_mkz_msgs/msg/SurroundReport.l)
Linked: (/home/bit2/0603_project/tang_ws/devel/.private/dbw_mkz_msgs/share/roseus/ros/dbw_mkz_msgs/msg/BrakeReport.l, /home/bit2/0603_project/tang_ws/devel/share/roseus/ros/dbw_mkz_msgs/msg/BrakeReport.l)
Linked: (/home/bit2/0603_project/tang_ws/devel/.private/dbw_mkz_msgs/share/dbw_mkz_msgs/cmake/dbw_mkz_msgsConfig-version.cmake, /home/bit2/0603_project/tang_ws/devel/share/dbw_mkz_msgs/cmake/dbw_mkz_msgsConfig-version.cmake)
Linked: (/home/bit2/0603_project/tang_ws/devel/.private/dbw_mkz_msgs/share/dbw_mkz_msgs/cmake/dbw_mkz_msgs-msg-extras.cmake, /home/bit2/0603_project/tang_ws/devel/share/dbw_mkz_msgs/cmake/dbw_mkz_msgs-msg-extras.cmake)
Linked: (/home/bit2/0603_project/tang_ws/devel/.private/dbw_mkz_msgs/share/dbw_mkz_msgs/cmake/dbw_mkz_msgs-msg-paths.cmake, /home/bit2/0603_project/tang_ws/devel/share/dbw_mkz_msgs/cmake/dbw_mkz_msgs-msg-paths.cmake)
Linked: (/home/bit2/0603_project/tang_ws/devel/.private/dbw_mkz_msgs/share/dbw_mkz_msgs/cmake/dbw_mkz_msgsConfig.cmake, /home/bit2/0603_project/tang_ws/devel/share/dbw_mkz_msgs/cmake/dbw_mkz_msgsConfig.cmake)
