Determining if the pthread_create exist failed with the following output:
Change Dir: /home/bit2/0603_project/tang_ws/build/path_tracking/CMakeFiles/CMakeTmp

Run Build Command:"/usr/bin/make" "cmTC_d45db/fast"
/usr/bin/make -f CMakeFiles/cmTC_d45db.dir/build.make CMakeFiles/cmTC_d45db.dir/build
make[1]: Entering directory '/home/bit2/0603_project/tang_ws/build/path_tracking/CMakeFiles/CMakeTmp'
Building C object CMakeFiles/cmTC_d45db.dir/CheckSymbolExists.c.o
/usr/bin/cc     -o CMakeFiles/cmTC_d45db.dir/CheckSymbolExists.c.o   -c /home/bit2/0603_project/tang_ws/build/path_tracking/CMakeFiles/CMakeTmp/CheckSymbolExists.c
Linking C executable cmTC_d45db
/usr/bin/cmake -E cmake_link_script CMakeFiles/cmTC_d45db.dir/link.txt --verbose=1
/usr/bin/cc       CMakeFiles/cmTC_d45db.dir/CheckSymbolExists.c.o  -o cmTC_d45db -rdynamic 
CMakeFiles/cmTC_d45db.dir/CheckSymbolExists.c.o：在函数‘main’中：
CheckSymbolExists.c:(.text+0x16)：对‘pthread_create’未定义的引用
collect2: error: ld returned 1 exit status
CMakeFiles/cmTC_d45db.dir/build.make:97: recipe for target 'cmTC_d45db' failed
make[1]: *** [cmTC_d45db] Error 1
make[1]: Leaving directory '/home/bit2/0603_project/tang_ws/build/path_tracking/CMakeFiles/CMakeTmp'
Makefile:126: recipe for target 'cmTC_d45db/fast' failed
make: *** [cmTC_d45db/fast] Error 2

File /home/bit2/0603_project/tang_ws/build/path_tracking/CMakeFiles/CMakeTmp/CheckSymbolExists.c:
/* */
#include <pthread.h>

int main(int argc, char** argv)
{
  (void)argv;
#ifndef pthread_create
  return ((int*)(&pthread_create))[argc];
#else
  (void)argc;
  return 0;
#endif
}

Determining if the function pthread_create exists in the pthreads failed with the following output:
Change Dir: /home/bit2/0603_project/tang_ws/build/path_tracking/CMakeFiles/CMakeTmp

Run Build Command:"/usr/bin/make" "cmTC_2f582/fast"
/usr/bin/make -f CMakeFiles/cmTC_2f582.dir/build.make CMakeFiles/cmTC_2f582.dir/build
make[1]: Entering directory '/home/bit2/0603_project/tang_ws/build/path_tracking/CMakeFiles/CMakeTmp'
Building C object CMakeFiles/cmTC_2f582.dir/CheckFunctionExists.c.o
/usr/bin/cc    -DCHECK_FUNCTION_EXISTS=pthread_create   -o CMakeFiles/cmTC_2f582.dir/CheckFunctionExists.c.o   -c /usr/share/cmake-3.5/Modules/CheckFunctionExists.c
Linking C executable cmTC_2f582
/usr/bin/cmake -E cmake_link_script CMakeFiles/cmTC_2f582.dir/link.txt --verbose=1
/usr/bin/cc   -DCHECK_FUNCTION_EXISTS=pthread_create    CMakeFiles/cmTC_2f582.dir/CheckFunctionExists.c.o  -o cmTC_2f582 -rdynamic -lpthreads 
/usr/bin/ld: 找不到 -lpthreads
collect2: error: ld returned 1 exit status
CMakeFiles/cmTC_2f582.dir/build.make:97: recipe for target 'cmTC_2f582' failed
make[1]: *** [cmTC_2f582] Error 1
make[1]: Leaving directory '/home/bit2/0603_project/tang_ws/build/path_tracking/CMakeFiles/CMakeTmp'
Makefile:126: recipe for target 'cmTC_2f582/fast' failed
make: *** [cmTC_2f582/fast] Error 2


