Determining if the pthread_create exist failed with the following output:
Change Dir: /home/bit2/0603_project/tang_ws/build/uuid_msgs/CMakeFiles/CMakeTmp

Run Build Command:"/usr/bin/make" "cmTC_2d9cc/fast"
/usr/bin/make -f CMakeFiles/cmTC_2d9cc.dir/build.make CMakeFiles/cmTC_2d9cc.dir/build
make[1]: Entering directory '/home/bit2/0603_project/tang_ws/build/uuid_msgs/CMakeFiles/CMakeTmp'
Building C object CMakeFiles/cmTC_2d9cc.dir/CheckSymbolExists.c.o
/usr/bin/cc     -o CMakeFiles/cmTC_2d9cc.dir/CheckSymbolExists.c.o   -c /home/bit2/0603_project/tang_ws/build/uuid_msgs/CMakeFiles/CMakeTmp/CheckSymbolExists.c
Linking C executable cmTC_2d9cc
/usr/bin/cmake -E cmake_link_script CMakeFiles/cmTC_2d9cc.dir/link.txt --verbose=1
/usr/bin/cc       CMakeFiles/cmTC_2d9cc.dir/CheckSymbolExists.c.o  -o cmTC_2d9cc -rdynamic 
CMakeFiles/cmTC_2d9cc.dir/CheckSymbolExists.c.o：在函数‘main’中：
CheckSymbolExists.c:(.text+0x16)：对‘pthread_create’未定义的引用
collect2: error: ld returned 1 exit status
CMakeFiles/cmTC_2d9cc.dir/build.make:97: recipe for target 'cmTC_2d9cc' failed
make[1]: *** [cmTC_2d9cc] Error 1
make[1]: Leaving directory '/home/bit2/0603_project/tang_ws/build/uuid_msgs/CMakeFiles/CMakeTmp'
Makefile:126: recipe for target 'cmTC_2d9cc/fast' failed
make: *** [cmTC_2d9cc/fast] Error 2

File /home/bit2/0603_project/tang_ws/build/uuid_msgs/CMakeFiles/CMakeTmp/CheckSymbolExists.c:
/* */
#include <pthread.h>

int main(int argc, char** argv)
{
  (void)argv;
#ifndef pthread_create
  return ((int*)(&pthread_create))[argc];
#else
  (void)argc;
  return 0;
#endif
}

Determining if the function pthread_create exists in the pthreads failed with the following output:
Change Dir: /home/bit2/0603_project/tang_ws/build/uuid_msgs/CMakeFiles/CMakeTmp

Run Build Command:"/usr/bin/make" "cmTC_a813b/fast"
/usr/bin/make -f CMakeFiles/cmTC_a813b.dir/build.make CMakeFiles/cmTC_a813b.dir/build
make[1]: Entering directory '/home/bit2/0603_project/tang_ws/build/uuid_msgs/CMakeFiles/CMakeTmp'
Building C object CMakeFiles/cmTC_a813b.dir/CheckFunctionExists.c.o
/usr/bin/cc    -DCHECK_FUNCTION_EXISTS=pthread_create   -o CMakeFiles/cmTC_a813b.dir/CheckFunctionExists.c.o   -c /usr/share/cmake-3.5/Modules/CheckFunctionExists.c
Linking C executable cmTC_a813b
/usr/bin/cmake -E cmake_link_script CMakeFiles/cmTC_a813b.dir/link.txt --verbose=1
/usr/bin/cc   -DCHECK_FUNCTION_EXISTS=pthread_create    CMakeFiles/cmTC_a813b.dir/CheckFunctionExists.c.o  -o cmTC_a813b -rdynamic -lpthreads 
/usr/bin/ld: 找不到 -lpthreads
collect2: error: ld returned 1 exit status
CMakeFiles/cmTC_a813b.dir/build.make:97: recipe for target 'cmTC_a813b' failed
make[1]: *** [cmTC_a813b] Error 1
make[1]: Leaving directory '/home/bit2/0603_project/tang_ws/build/uuid_msgs/CMakeFiles/CMakeTmp'
Makefile:126: recipe for target 'cmTC_a813b/fast' failed
make: *** [cmTC_a813b/fast] Error 2


