[35m[1mScanning dependencies of target ncopt_lib[0m
[  4%] [32mBuilding CXX object CMakeFiles/ncopt_lib.dir/src/non_constrained_optimiztion/minimize.cpp.o[0m
[  9%] [32mBuilding CXX object CMakeFiles/ncopt_lib.dir/src/non_constrained_optimiztion/line_search_direction.cpp.o[0m
[ 13%] [32mBuilding CXX object CMakeFiles/ncopt_lib.dir/src/non_constrained_optimiztion/plot_step_length_function.cpp.o[0m
[ 18%] [32mBuilding CXX object CMakeFiles/ncopt_lib.dir/src/non_constrained_optimiztion/line_search_minimizer.cpp.o[0m
[01m[K/home/bit2/0603_project/tang_ws/src/planning/path_smoothing/src/non_constrained_optimiztion/line_search_minimizer.cpp:4:9:[m[K [01;35m[Kwarning: [m[K#pragma once in main file
 #pragma once
[01;32m[K         ^[m[K
[ 22%] [32mBuilding CXX object CMakeFiles/ncopt_lib.dir/src/non_constrained_optimiztion/polynomial.cpp.o[0m
[ 27%] [32mBuilding CXX object CMakeFiles/ncopt_lib.dir/src/non_constrained_optimiztion/path_smoothing_type.cpp.o[0m
[ 31%] [32mBuilding CXX object CMakeFiles/ncopt_lib.dir/src/non_constrained_optimiztion/line_search_step_length.cpp.o[0m
[ 36%] [32mBuilding CXX object CMakeFiles/ncopt_lib.dir/src/non_constrained_optimiztion/gradient_problem_solve.cpp.o[0m
[35m[1mScanning dependencies of target path_smoothing_gencfg[0m
[ 40%] [34m[1mGenerating parameter files from smoothing_demo[0m
[ 45%] [34m[1mGenerating dynamic reconfigure files from /home/bit2/0603_project/tang_ws/devel/.private/path_smoothing/share/path_smoothing/cfg/smoothing_demo.cfg: /home/bit2/0603_project/tang_ws/devel/.private/path_smoothing/include/path_smoothing/smoothing_demoConfig.h /home/bit2/0603_project/tang_ws/devel/.private/path_smoothing/lib/python2.7/dist-packages/path_smoothing/cfg/smoothing_demoConfig.py[0m
Generating reconfiguration files for smoothing_demo in path_smoothing
Wrote header file in /home/bit2/0603_project/tang_ws/devel/.private/path_smoothing/include/path_smoothing/smoothing_demoConfig.h
[ 45%] Built target path_smoothing_gencfg
[35m[1mScanning dependencies of target path_smoothing_genparam[0m
[ 50%] Built target path_smoothing_genparam
[35m[1mScanning dependencies of target lanelet_map_msgs_generate_messages_py[0m
[ 50%] Built target lanelet_map_msgs_generate_messages_py
[35m[1mScanning dependencies of target grid_map_msgs_generate_messages_eus[0m
[ 50%] Built target grid_map_msgs_generate_messages_eus
[35m[1mScanning dependencies of target std_msgs_generate_messages_nodejs[0m
[ 50%] Built target std_msgs_generate_messages_nodejs
[35m[1mScanning dependencies of target grid_map_msgs_generate_messages_py[0m
[ 50%] Built target grid_map_msgs_generate_messages_py
[35m[1mScanning dependencies of target geometry_msgs_generate_messages_cpp[0m
[ 50%] Built target geometry_msgs_generate_messages_cpp
[35m[1mScanning dependencies of target grid_map_msgs_generate_messages_lisp[0m
[ 50%] Built target grid_map_msgs_generate_messages_lisp
[35m[1mScanning dependencies of target sensor_msgs_generate_messages_eus[0m
[ 50%] Built target sensor_msgs_generate_messages_eus
[35m[1mScanning dependencies of target sensor_msgs_generate_messages_nodejs[0m
[ 50%] Built target sensor_msgs_generate_messages_nodejs
[35m[1mScanning dependencies of target std_msgs_generate_messages_cpp[0m
[ 50%] Built target std_msgs_generate_messages_cpp
[35m[1mScanning dependencies of target actionlib_msgs_generate_messages_cpp[0m
[ 50%] Built target actionlib_msgs_generate_messages_cpp
[35m[1mScanning dependencies of target actionlib_generate_messages_nodejs[0m
[ 50%] Built target actionlib_generate_messages_nodejs
[35m[1mScanning dependencies of target sensor_msgs_generate_messages_cpp[0m
[ 50%] Built target sensor_msgs_generate_messages_cpp
[35m[1mScanning dependencies of target visualization_msgs_generate_messages_cpp[0m
[ 50%] Built target visualization_msgs_generate_messages_cpp
[35m[1mScanning dependencies of target rosgraph_msgs_generate_messages_nodejs[0m
[ 50%] Built target rosgraph_msgs_generate_messages_nodejs
[35m[1mScanning dependencies of target visualization_msgs_generate_messages_eus[0m
[ 50%] Built target visualization_msgs_generate_messages_eus
[35m[1mScanning dependencies of target visualization_msgs_generate_messages_lisp[0m
[ 50%] Built target visualization_msgs_generate_messages_lisp
[35m[1mScanning dependencies of target actionlib_generate_messages_cpp[0m
[ 50%] Built target actionlib_generate_messages_cpp
[35m[1mScanning dependencies of target rosgraph_msgs_generate_messages_py[0m
[ 50%] Built target rosgraph_msgs_generate_messages_py
[35m[1mScanning dependencies of target tf_generate_messages_lisp[0m
[ 50%] Built target tf_generate_messages_lisp
[35m[1mScanning dependencies of target rosgraph_msgs_generate_messages_lisp[0m
[ 50%] Built target rosgraph_msgs_generate_messages_lisp
[35m[1mScanning dependencies of target sensor_msgs_generate_messages_py[0m
[ 50%] Built target sensor_msgs_generate_messages_py
[35m[1mScanning dependencies of target roscpp_generate_messages_nodejs[0m
[ 50%] Built target roscpp_generate_messages_nodejs
[35m[1mScanning dependencies of target std_srvs_generate_messages_nodejs[0m
[ 50%] Built target std_srvs_generate_messages_nodejs
[35m[1mScanning dependencies of target geometry_msgs_generate_messages_py[0m
[ 50%] Built target geometry_msgs_generate_messages_py
[35m[1mScanning dependencies of target geometry_msgs_generate_messages_lisp[0m
[ 50%] Built target geometry_msgs_generate_messages_lisp
[35m[1mScanning dependencies of target std_srvs_generate_messages_lisp[0m
[ 50%] Built target std_srvs_generate_messages_lisp
[35m[1mScanning dependencies of target std_msgs_generate_messages_lisp[0m
[ 50%] Built target std_msgs_generate_messages_lisp
[35m[1mScanning dependencies of target std_srvs_generate_messages_eus[0m
[ 50%] Built target std_srvs_generate_messages_eus
[35m[1mScanning dependencies of target tf_generate_messages_cpp[0m
[ 50%] Built target tf_generate_messages_cpp
[35m[1mScanning dependencies of target roscpp_generate_messages_eus[0m
[ 50%] Built target roscpp_generate_messages_eus
[35m[1mScanning dependencies of target grid_map_msgs_generate_messages_cpp[0m
[ 50%] Built target grid_map_msgs_generate_messages_cpp
[35m[1mScanning dependencies of target roscpp_generate_messages_py[0m
[ 50%] Built target roscpp_generate_messages_py
[35m[1mScanning dependencies of target actionlib_generate_messages_py[0m
[ 50%] Built target actionlib_generate_messages_py
[35m[1mScanning dependencies of target visualization_msgs_generate_messages_py[0m
[ 50%] Built target visualization_msgs_generate_messages_py
[35m[1mScanning dependencies of target rosgraph_msgs_generate_messages_cpp[0m
[ 50%] Built target rosgraph_msgs_generate_messages_cpp
[35m[1mScanning dependencies of target geometry_msgs_generate_messages_nodejs[0m
[ 50%] Built target geometry_msgs_generate_messages_nodejs
[35m[1mScanning dependencies of target geometry_msgs_generate_messages_eus[0m
[ 50%] Built target geometry_msgs_generate_messages_eus
[35m[1mScanning dependencies of target roscpp_generate_messages_cpp[0m
[ 50%] Built target roscpp_generate_messages_cpp
[35m[1mScanning dependencies of target roscpp_generate_messages_lisp[0m
[ 50%] Built target roscpp_generate_messages_lisp
[35m[1mScanning dependencies of target tf_generate_messages_nodejs[0m
[35m[1mScanning dependencies of target std_srvs_generate_messages_py[0m
[ 50%] Built target tf_generate_messages_nodejs
[ 50%] Built target std_srvs_generate_messages_py
[35m[1mScanning dependencies of target rosgraph_msgs_generate_messages_eus[0m
[ 50%] Built target rosgraph_msgs_generate_messages_eus
[35m[1mScanning dependencies of target std_msgs_generate_messages_py[0m
[35m[1mScanning dependencies of target nav_msgs_generate_messages_py[0m
[ 50%] Built target std_msgs_generate_messages_py
[ 50%] Built target nav_msgs_generate_messages_py
[35m[1mScanning dependencies of target nav_msgs_generate_messages_lisp[0m
[35m[1mScanning dependencies of target nav_msgs_generate_messages_nodejs[0m
[ 50%] Built target nav_msgs_generate_messages_lisp
[ 50%] Built target nav_msgs_generate_messages_nodejs
[35m[1mScanning dependencies of target actionlib_msgs_generate_messages_eus[0m
[35m[1mScanning dependencies of target actionlib_generate_messages_lisp[0m
[ 50%] Built target actionlib_msgs_generate_messages_eus
[ 50%] Built target actionlib_generate_messages_lisp
[35m[1mScanning dependencies of target actionlib_msgs_generate_messages_lisp[0m
[35m[1mScanning dependencies of target actionlib_msgs_generate_messages_nodejs[0m
[ 50%] Built target actionlib_msgs_generate_messages_lisp
[ 50%] Built target actionlib_msgs_generate_messages_nodejs
[35m[1mScanning dependencies of target topic_tools_generate_messages_py[0m
[35m[1mScanning dependencies of target tf2_msgs_generate_messages_py[0m
[ 50%] Built target topic_tools_generate_messages_py
[ 50%] Built target tf2_msgs_generate_messages_py
[35m[1mScanning dependencies of target actionlib_msgs_generate_messages_py[0m
[35m[1mScanning dependencies of target std_srvs_generate_messages_cpp[0m
[ 50%] Built target actionlib_msgs_generate_messages_py
[ 50%] Built target std_srvs_generate_messages_cpp
[35m[1mScanning dependencies of target topic_tools_generate_messages_eus[0m
[35m[1mScanning dependencies of target lanelet_map_msgs_generate_messages_eus[0m
[ 50%] Built target topic_tools_generate_messages_eus
[ 50%] Built target lanelet_map_msgs_generate_messages_eus
[35m[1mScanning dependencies of target topic_tools_generate_messages_lisp[0m
[35m[1mScanning dependencies of target lanelet_map_msgs_generate_messages_lisp[0m
[35m[1mScanning dependencies of target sensor_msgs_generate_messages_lisp[0m
[ 50%] Built target topic_tools_generate_messages_lisp
[ 50%] Built target lanelet_map_msgs_generate_messages_lisp
[35m[1mScanning dependencies of target topic_tools_generate_messages_nodejs[0m
[ 50%] Built target sensor_msgs_generate_messages_lisp
[35m[1mScanning dependencies of target tf_generate_messages_eus[0m
[ 50%] Built target topic_tools_generate_messages_nodejs
[35m[1mScanning dependencies of target tf_generate_messages_py[0m
[ 50%] Built target tf_generate_messages_eus
[35m[1mScanning dependencies of target std_msgs_generate_messages_eus[0m
[ 50%] Built target tf_generate_messages_py
[35m[1mScanning dependencies of target actionlib_generate_messages_eus[0m
[ 50%] Built target std_msgs_generate_messages_eus
[35m[1mScanning dependencies of target tf2_msgs_generate_messages_cpp[0m
[ 50%] Built target actionlib_generate_messages_eus
[35m[1mScanning dependencies of target nav_msgs_generate_messages_cpp[0m
[ 50%] Built target tf2_msgs_generate_messages_cpp
[35m[1mScanning dependencies of target grid_map_msgs_generate_messages_nodejs[0m
[ 50%] Built target nav_msgs_generate_messages_cpp
[35m[1mScanning dependencies of target tf2_msgs_generate_messages_lisp[0m
[ 50%] Built target grid_map_msgs_generate_messages_nodejs
[35m[1mScanning dependencies of target tf2_msgs_generate_messages_nodejs[0m
[ 50%] Built target tf2_msgs_generate_messages_lisp
[35m[1mScanning dependencies of target topic_tools_generate_messages_cpp[0m
[ 50%] Built target tf2_msgs_generate_messages_nodejs
[35m[1mScanning dependencies of target visualization_msgs_generate_messages_nodejs[0m
[35m[1mScanning dependencies of target lanelet_map_msgs_generate_messages_cpp[0m
[ 50%] Built target topic_tools_generate_messages_cpp
[ 50%] Built target visualization_msgs_generate_messages_nodejs
[35m[1mScanning dependencies of target nav_msgs_generate_messages_eus[0m
[ 50%] Built target lanelet_map_msgs_generate_messages_cpp
[35m[1mScanning dependencies of target tf2_msgs_generate_messages_eus[0m
[35m[1mScanning dependencies of target lanelet_map_msgs_generate_messages_nodejs[0m
[ 50%] Built target nav_msgs_generate_messages_eus
[ 50%] Built target tf2_msgs_generate_messages_eus
[ 50%] Built target lanelet_map_msgs_generate_messages_nodejs
[ 54%] [32m[1mLinking CXX shared library /home/bit2/0603_project/tang_ws/devel/.private/path_smoothing/lib/libncopt_lib.so[0m
[ 54%] Built target ncopt_lib
[35m[1mScanning dependencies of target steepest_decent_demo[0m
[35m[1mScanning dependencies of target path_smoothing[0m
[ 59%] [32mBuilding CXX object demo/CMakeFiles/steepest_decent_demo.dir/test_steepest_decent.cpp.o[0m
[ 63%] [32mBuilding CXX object CMakeFiles/path_smoothing.dir/src/path_smoothing/cg_smoothing_function.cpp.o[0m
[ 68%] [32mBuilding CXX object CMakeFiles/path_smoothing.dir/src/path_smoothing/path_smoothing.cpp.o[0m
[ 72%] [32mBuilding CXX object CMakeFiles/path_smoothing.dir/src/path_smoothing/non_derivative_method.cpp.o[0m
[ 77%] [32m[1mLinking CXX executable /home/bit2/0603_project/tang_ws/devel/.private/path_smoothing/lib/path_smoothing/steepest_decent_demo[0m
[ 77%] Built target steepest_decent_demo
[ 81%] [32m[1mLinking CXX shared library /home/bit2/0603_project/tang_ws/devel/.private/path_smoothing/lib/libpath_smoothing.so[0m
[ 81%] Built target path_smoothing
[35m[1mScanning dependencies of target smooth_without_obstacle_demo[0m
[35m[1mScanning dependencies of target smooth_with_obstacle_demo[0m
[ 86%] [32mBuilding CXX object demo/CMakeFiles/smooth_without_obstacle_demo.dir/smooth_without_obstacle_demo.cpp.o[0m
[ 90%] [32mBuilding CXX object demo/CMakeFiles/smooth_with_obstacle_demo.dir/smooth_with_obstacle_demo.cpp.o[0m
[ 95%] [32m[1mLinking CXX executable /home/bit2/0603_project/tang_ws/devel/.private/path_smoothing/lib/path_smoothing/smooth_without_obstacle_demo[0m
[ 95%] Built target smooth_without_obstacle_demo
[100%] [32m[1mLinking CXX executable /home/bit2/0603_project/tang_ws/devel/.private/path_smoothing/lib/path_smoothing/smooth_with_obstacle_demo[0m
[100%] Built target smooth_with_obstacle_demo
