[  9%] Built target path_smoothing_gencfg
[  9%] Built target lanelet_map_msgs_generate_messages_py
[ 13%] Built target path_smoothing_genparam
[ 13%] Built target grid_map_msgs_generate_messages_eus
[ 13%] Built target std_msgs_generate_messages_nodejs
[ 13%] Built target grid_map_msgs_generate_messages_py
[ 13%] Built target geometry_msgs_generate_messages_cpp
[ 13%] Built target grid_map_msgs_generate_messages_lisp
[ 54%] Built target ncopt_lib
[ 54%] Built target sensor_msgs_generate_messages_eus
[ 54%] Built target sensor_msgs_generate_messages_nodejs
[ 54%] Built target std_msgs_generate_messages_cpp
[ 54%] Built target actionlib_msgs_generate_messages_cpp
[ 54%] Built target actionlib_generate_messages_nodejs
[ 54%] Built target visualization_msgs_generate_messages_cpp
[ 54%] Built target sensor_msgs_generate_messages_cpp
[ 54%] Built target visualization_msgs_generate_messages_lisp
[ 54%] Built target rosgraph_msgs_generate_messages_nodejs
[ 54%] Built target visualization_msgs_generate_messages_eus
[ 54%] Built target actionlib_generate_messages_cpp
[ 54%] Built target rosgraph_msgs_generate_messages_py
[ 54%] Built target tf_generate_messages_lisp
[ 54%] Built target rosgraph_msgs_generate_messages_lisp
[ 54%] Built target sensor_msgs_generate_messages_py
[ 54%] Built target roscpp_generate_messages_nodejs
[ 54%] Built target std_srvs_generate_messages_nodejs
[ 54%] Built target geometry_msgs_generate_messages_lisp
[ 54%] Built target geometry_msgs_generate_messages_py
[ 54%] Built target std_srvs_generate_messages_lisp
[ 54%] Built target std_msgs_generate_messages_lisp
[ 54%] Built target std_srvs_generate_messages_eus
[ 54%] Built target tf_generate_messages_cpp
[ 54%] Built target roscpp_generate_messages_eus
[ 54%] Built target roscpp_generate_messages_py
[ 54%] Built target grid_map_msgs_generate_messages_cpp
[ 54%] Built target actionlib_generate_messages_py
[ 54%] Built target rosgraph_msgs_generate_messages_cpp
[ 54%] Built target visualization_msgs_generate_messages_py
[ 54%] Built target geometry_msgs_generate_messages_eus
[ 54%] Built target geometry_msgs_generate_messages_nodejs
[ 54%] Built target roscpp_generate_messages_cpp
[ 54%] Built target roscpp_generate_messages_lisp
[ 54%] Built target tf_generate_messages_nodejs
[ 54%] Built target std_srvs_generate_messages_py
[ 54%] Built target rosgraph_msgs_generate_messages_eus
[ 54%] Built target std_msgs_generate_messages_py
[ 54%] Built target nav_msgs_generate_messages_py
[ 54%] Built target nav_msgs_generate_messages_nodejs
[ 54%] Built target nav_msgs_generate_messages_lisp
[ 54%] Built target actionlib_msgs_generate_messages_eus
[ 54%] Built target actionlib_generate_messages_lisp
[ 54%] Built target actionlib_msgs_generate_messages_lisp
[ 54%] Built target actionlib_msgs_generate_messages_nodejs
[ 54%] Built target topic_tools_generate_messages_py
[ 54%] Built target tf2_msgs_generate_messages_py
[ 54%] Built target std_srvs_generate_messages_cpp
[ 54%] Built target actionlib_msgs_generate_messages_py
[ 54%] Built target topic_tools_generate_messages_eus
[ 54%] Built target topic_tools_generate_messages_lisp
[ 54%] Built target lanelet_map_msgs_generate_messages_eus
[ 54%] Built target lanelet_map_msgs_generate_messages_lisp
[ 54%] Built target sensor_msgs_generate_messages_lisp
[ 54%] Built target tf_generate_messages_eus
[ 54%] Built target topic_tools_generate_messages_nodejs
[ 54%] Built target tf_generate_messages_py
[ 54%] Built target std_msgs_generate_messages_eus
[ 54%] Built target actionlib_generate_messages_eus
[ 54%] Built target tf2_msgs_generate_messages_cpp
[ 54%] Built target nav_msgs_generate_messages_cpp
[ 54%] Built target grid_map_msgs_generate_messages_nodejs
[ 54%] Built target tf2_msgs_generate_messages_lisp
[ 54%] Built target tf2_msgs_generate_messages_nodejs
[ 54%] Built target lanelet_map_msgs_generate_messages_cpp
[ 54%] Built target visualization_msgs_generate_messages_nodejs
[ 54%] Built target topic_tools_generate_messages_cpp
[ 54%] Built target lanelet_map_msgs_generate_messages_nodejs
[ 54%] Built target nav_msgs_generate_messages_eus
[ 54%] Built target tf2_msgs_generate_messages_eus
[ 63%] Built target steepest_decent_demo
[ 81%] Built target path_smoothing
[ 90%] Built target smooth_with_obstacle_demo
[100%] Built target smooth_without_obstacle_demo
