Determining if the pthread_create exist failed with the following output:
Change Dir: /home/bit2/0603_project/tang_ws/build/speed_ctrl_msgs/CMakeFiles/CMakeTmp

Run Build Command:"/usr/bin/make" "cmTC_f078c/fast"
/usr/bin/make -f CMakeFiles/cmTC_f078c.dir/build.make CMakeFiles/cmTC_f078c.dir/build
make[1]: Entering directory '/home/bit2/0603_project/tang_ws/build/speed_ctrl_msgs/CMakeFiles/CMakeTmp'
Building C object CMakeFiles/cmTC_f078c.dir/CheckSymbolExists.c.o
/usr/bin/cc     -o CMakeFiles/cmTC_f078c.dir/CheckSymbolExists.c.o   -c /home/bit2/0603_project/tang_ws/build/speed_ctrl_msgs/CMakeFiles/CMakeTmp/CheckSymbolExists.c
Linking C executable cmTC_f078c
/usr/bin/cmake -E cmake_link_script CMakeFiles/cmTC_f078c.dir/link.txt --verbose=1
/usr/bin/cc       CMakeFiles/cmTC_f078c.dir/CheckSymbolExists.c.o  -o cmTC_f078c -rdynamic 
CMakeFiles/cmTC_f078c.dir/CheckSymbolExists.c.o：在函数‘main’中：
CheckSymbolExists.c:(.text+0x16)：对‘pthread_create’未定义的引用
collect2: error: ld returned 1 exit status
CMakeFiles/cmTC_f078c.dir/build.make:97: recipe for target 'cmTC_f078c' failed
make[1]: *** [cmTC_f078c] Error 1
make[1]: Leaving directory '/home/bit2/0603_project/tang_ws/build/speed_ctrl_msgs/CMakeFiles/CMakeTmp'
Makefile:126: recipe for target 'cmTC_f078c/fast' failed
make: *** [cmTC_f078c/fast] Error 2

File /home/bit2/0603_project/tang_ws/build/speed_ctrl_msgs/CMakeFiles/CMakeTmp/CheckSymbolExists.c:
/* */
#include <pthread.h>

int main(int argc, char** argv)
{
  (void)argv;
#ifndef pthread_create
  return ((int*)(&pthread_create))[argc];
#else
  (void)argc;
  return 0;
#endif
}

Determining if the function pthread_create exists in the pthreads failed with the following output:
Change Dir: /home/bit2/0603_project/tang_ws/build/speed_ctrl_msgs/CMakeFiles/CMakeTmp

Run Build Command:"/usr/bin/make" "cmTC_16773/fast"
/usr/bin/make -f CMakeFiles/cmTC_16773.dir/build.make CMakeFiles/cmTC_16773.dir/build
make[1]: Entering directory '/home/bit2/0603_project/tang_ws/build/speed_ctrl_msgs/CMakeFiles/CMakeTmp'
Building C object CMakeFiles/cmTC_16773.dir/CheckFunctionExists.c.o
/usr/bin/cc    -DCHECK_FUNCTION_EXISTS=pthread_create   -o CMakeFiles/cmTC_16773.dir/CheckFunctionExists.c.o   -c /usr/share/cmake-3.5/Modules/CheckFunctionExists.c
Linking C executable cmTC_16773
/usr/bin/cmake -E cmake_link_script CMakeFiles/cmTC_16773.dir/link.txt --verbose=1
/usr/bin/cc   -DCHECK_FUNCTION_EXISTS=pthread_create    CMakeFiles/cmTC_16773.dir/CheckFunctionExists.c.o  -o cmTC_16773 -rdynamic -lpthreads 
/usr/bin/ld: 找不到 -lpthreads
collect2: error: ld returned 1 exit status
CMakeFiles/cmTC_16773.dir/build.make:97: recipe for target 'cmTC_16773' failed
make[1]: *** [cmTC_16773] Error 1
make[1]: Leaving directory '/home/bit2/0603_project/tang_ws/build/speed_ctrl_msgs/CMakeFiles/CMakeTmp'
Makefile:126: recipe for target 'cmTC_16773/fast' failed
make: *** [cmTC_16773/fast] Error 2


