Linked: (/home/bit2/0603_project/tang_ws/devel/.private/control_msgs/lib/pkgconfig/control_msgs.pc, /home/bit2/0603_project/tang_ws/devel/lib/pkgconfig/control_msgs.pc)
Linked: (/home/bit2/0603_project/tang_ws/devel/.private/control_msgs/lib/python2.7/dist-packages/control_msgs/__init__.py, /home/bit2/0603_project/tang_ws/devel/lib/python2.7/dist-packages/control_msgs/__init__.py)
Linked: (/home/bit2/0603_project/tang_ws/devel/.private/control_msgs/lib/python2.7/dist-packages/control_msgs/msg/_ReportVehicleWorkMode.py, /home/bit2/0603_project/tang_ws/devel/lib/python2.7/dist-packages/control_msgs/msg/_ReportVehicleWorkMode.py)
Linked: (/home/bit2/0603_project/tang_ws/devel/.private/control_msgs/lib/python2.7/dist-packages/control_msgs/msg/_Rawdata.py, /home/bit2/0603_project/tang_ws/devel/lib/python2.7/dist-packages/control_msgs/msg/_Rawdata.py)
Linked: (/home/bit2/0603_project/tang_ws/devel/.private/control_msgs/lib/python2.7/dist-packages/control_msgs/msg/_ReportMotion.py, /home/bit2/0603_project/tang_ws/devel/lib/python2.7/dist-packages/control_msgs/msg/_ReportMotion.py)
Linked: (/home/bit2/0603_project/tang_ws/devel/.private/control_msgs/lib/python2.7/dist-packages/control_msgs/msg/_Control.py, /home/bit2/0603_project/tang_ws/devel/lib/python2.7/dist-packages/control_msgs/msg/_Control.py)
Linked: (/home/bit2/0603_project/tang_ws/devel/.private/control_msgs/lib/python2.7/dist-packages/control_msgs/msg/_ReportHMI.py, /home/bit2/0603_project/tang_ws/devel/lib/python2.7/dist-packages/control_msgs/msg/_ReportHMI.py)
Linked: (/home/bit2/0603_project/tang_ws/devel/.private/control_msgs/lib/python2.7/dist-packages/control_msgs/msg/_ControlSpeed.py, /home/bit2/0603_project/tang_ws/devel/lib/python2.7/dist-packages/control_msgs/msg/_ControlSpeed.py)
Linked: (/home/bit2/0603_project/tang_ws/devel/.private/control_msgs/lib/python2.7/dist-packages/control_msgs/msg/_ReportThrottle.py, /home/bit2/0603_project/tang_ws/devel/lib/python2.7/dist-packages/control_msgs/msg/_ReportThrottle.py)
Linked: (/home/bit2/0603_project/tang_ws/devel/.private/control_msgs/lib/python2.7/dist-packages/control_msgs/msg/_Report.py, /home/bit2/0603_project/tang_ws/devel/lib/python2.7/dist-packages/control_msgs/msg/_Report.py)
Linked: (/home/bit2/0603_project/tang_ws/devel/.private/control_msgs/lib/python2.7/dist-packages/control_msgs/msg/_ReportBrake.py, /home/bit2/0603_project/tang_ws/devel/lib/python2.7/dist-packages/control_msgs/msg/_ReportBrake.py)
Linked: (/home/bit2/0603_project/tang_ws/devel/.private/control_msgs/lib/python2.7/dist-packages/control_msgs/msg/__init__.py, /home/bit2/0603_project/tang_ws/devel/lib/python2.7/dist-packages/control_msgs/msg/__init__.py)
Linked: (/home/bit2/0603_project/tang_ws/devel/.private/control_msgs/lib/python2.7/dist-packages/control_msgs/msg/_ReportWheel.py, /home/bit2/0603_project/tang_ws/devel/lib/python2.7/dist-packages/control_msgs/msg/_ReportWheel.py)
Linked: (/home/bit2/0603_project/tang_ws/devel/.private/control_msgs/lib/python2.7/dist-packages/control_msgs/msg/_ControlMode.py, /home/bit2/0603_project/tang_ws/devel/lib/python2.7/dist-packages/control_msgs/msg/_ControlMode.py)
Linked: (/home/bit2/0603_project/tang_ws/devel/.private/control_msgs/lib/python2.7/dist-packages/control_msgs/msg/_ReportControl.py, /home/bit2/0603_project/tang_ws/devel/lib/python2.7/dist-packages/control_msgs/msg/_ReportControl.py)
Linked: (/home/bit2/0603_project/tang_ws/devel/.private/control_msgs/lib/python2.7/dist-packages/control_msgs/msg/_ControlSteer.py, /home/bit2/0603_project/tang_ws/devel/lib/python2.7/dist-packages/control_msgs/msg/_ControlSteer.py)
Linked: (/home/bit2/0603_project/tang_ws/devel/.private/control_msgs/include/control_msgs/Rawdata.h, /home/bit2/0603_project/tang_ws/devel/include/control_msgs/Rawdata.h)
Linked: (/home/bit2/0603_project/tang_ws/devel/.private/control_msgs/include/control_msgs/ReportMotion.h, /home/bit2/0603_project/tang_ws/devel/include/control_msgs/ReportMotion.h)
Linked: (/home/bit2/0603_project/tang_ws/devel/.private/control_msgs/include/control_msgs/ReportHMI.h, /home/bit2/0603_project/tang_ws/devel/include/control_msgs/ReportHMI.h)
Linked: (/home/bit2/0603_project/tang_ws/devel/.private/control_msgs/include/control_msgs/ControlSpeed.h, /home/bit2/0603_project/tang_ws/devel/include/control_msgs/ControlSpeed.h)
Linked: (/home/bit2/0603_project/tang_ws/devel/.private/control_msgs/include/control_msgs/ReportWheel.h, /home/bit2/0603_project/tang_ws/devel/include/control_msgs/ReportWheel.h)
Linked: (/home/bit2/0603_project/tang_ws/devel/.private/control_msgs/include/control_msgs/ReportThrottle.h, /home/bit2/0603_project/tang_ws/devel/include/control_msgs/ReportThrottle.h)
Linked: (/home/bit2/0603_project/tang_ws/devel/.private/control_msgs/include/control_msgs/ControlSteer.h, /home/bit2/0603_project/tang_ws/devel/include/control_msgs/ControlSteer.h)
Linked: (/home/bit2/0603_project/tang_ws/devel/.private/control_msgs/include/control_msgs/Control.h, /home/bit2/0603_project/tang_ws/devel/include/control_msgs/Control.h)
Linked: (/home/bit2/0603_project/tang_ws/devel/.private/control_msgs/include/control_msgs/ControlMode.h, /home/bit2/0603_project/tang_ws/devel/include/control_msgs/ControlMode.h)
Linked: (/home/bit2/0603_project/tang_ws/devel/.private/control_msgs/include/control_msgs/ReportVehicleWorkMode.h, /home/bit2/0603_project/tang_ws/devel/include/control_msgs/ReportVehicleWorkMode.h)
Linked: (/home/bit2/0603_project/tang_ws/devel/.private/control_msgs/include/control_msgs/ReportBrake.h, /home/bit2/0603_project/tang_ws/devel/include/control_msgs/ReportBrake.h)
Linked: (/home/bit2/0603_project/tang_ws/devel/.private/control_msgs/include/control_msgs/ReportControl.h, /home/bit2/0603_project/tang_ws/devel/include/control_msgs/ReportControl.h)
Linked: (/home/bit2/0603_project/tang_ws/devel/.private/control_msgs/include/control_msgs/Report.h, /home/bit2/0603_project/tang_ws/devel/include/control_msgs/Report.h)
Linked: (/home/bit2/0603_project/tang_ws/devel/.private/control_msgs/share/control_msgs/cmake/control_msgsConfig-version.cmake, /home/bit2/0603_project/tang_ws/devel/share/control_msgs/cmake/control_msgsConfig-version.cmake)
Linked: (/home/bit2/0603_project/tang_ws/devel/.private/control_msgs/share/control_msgs/cmake/control_msgsConfig.cmake, /home/bit2/0603_project/tang_ws/devel/share/control_msgs/cmake/control_msgsConfig.cmake)
Linked: (/home/bit2/0603_project/tang_ws/devel/.private/control_msgs/share/control_msgs/cmake/control_msgs-msg-extras.cmake, /home/bit2/0603_project/tang_ws/devel/share/control_msgs/cmake/control_msgs-msg-extras.cmake)
Linked: (/home/bit2/0603_project/tang_ws/devel/.private/control_msgs/share/control_msgs/cmake/control_msgs-msg-paths.cmake, /home/bit2/0603_project/tang_ws/devel/share/control_msgs/cmake/control_msgs-msg-paths.cmake)
Linked: (/home/bit2/0603_project/tang_ws/devel/.private/control_msgs/share/common-lisp/ros/control_msgs/msg/_package_ReportHMI.lisp, /home/bit2/0603_project/tang_ws/devel/share/common-lisp/ros/control_msgs/msg/_package_ReportHMI.lisp)
Linked: (/home/bit2/0603_project/tang_ws/devel/.private/control_msgs/share/common-lisp/ros/control_msgs/msg/ReportThrottle.lisp, /home/bit2/0603_project/tang_ws/devel/share/common-lisp/ros/control_msgs/msg/ReportThrottle.lisp)
Linked: (/home/bit2/0603_project/tang_ws/devel/.private/control_msgs/share/common-lisp/ros/control_msgs/msg/_package_ReportVehicleWorkMode.lisp, /home/bit2/0603_project/tang_ws/devel/share/common-lisp/ros/control_msgs/msg/_package_ReportVehicleWorkMode.lisp)
Linked: (/home/bit2/0603_project/tang_ws/devel/.private/control_msgs/share/common-lisp/ros/control_msgs/msg/_package.lisp, /home/bit2/0603_project/tang_ws/devel/share/common-lisp/ros/control_msgs/msg/_package.lisp)
Linked: (/home/bit2/0603_project/tang_ws/devel/.private/control_msgs/share/common-lisp/ros/control_msgs/msg/ReportHMI.lisp, /home/bit2/0603_project/tang_ws/devel/share/common-lisp/ros/control_msgs/msg/ReportHMI.lisp)
Linked: (/home/bit2/0603_project/tang_ws/devel/.private/control_msgs/share/common-lisp/ros/control_msgs/msg/ControlSpeed.lisp, /home/bit2/0603_project/tang_ws/devel/share/common-lisp/ros/control_msgs/msg/ControlSpeed.lisp)
Linked: (/home/bit2/0603_project/tang_ws/devel/.private/control_msgs/share/common-lisp/ros/control_msgs/msg/Report.lisp, /home/bit2/0603_project/tang_ws/devel/share/common-lisp/ros/control_msgs/msg/Report.lisp)
Linked: (/home/bit2/0603_project/tang_ws/devel/.private/control_msgs/share/common-lisp/ros/control_msgs/msg/ControlMode.lisp, /home/bit2/0603_project/tang_ws/devel/share/common-lisp/ros/control_msgs/msg/ControlMode.lisp)
Linked: (/home/bit2/0603_project/tang_ws/devel/.private/control_msgs/share/common-lisp/ros/control_msgs/msg/_package_ControlSteer.lisp, /home/bit2/0603_project/tang_ws/devel/share/common-lisp/ros/control_msgs/msg/_package_ControlSteer.lisp)
Linked: (/home/bit2/0603_project/tang_ws/devel/.private/control_msgs/share/common-lisp/ros/control_msgs/msg/ReportMotion.lisp, /home/bit2/0603_project/tang_ws/devel/share/common-lisp/ros/control_msgs/msg/ReportMotion.lisp)
Linked: (/home/bit2/0603_project/tang_ws/devel/.private/control_msgs/share/common-lisp/ros/control_msgs/msg/ReportVehicleWorkMode.lisp, /home/bit2/0603_project/tang_ws/devel/share/common-lisp/ros/control_msgs/msg/ReportVehicleWorkMode.lisp)
Linked: (/home/bit2/0603_project/tang_ws/devel/.private/control_msgs/share/common-lisp/ros/control_msgs/msg/_package_Control.lisp, /home/bit2/0603_project/tang_ws/devel/share/common-lisp/ros/control_msgs/msg/_package_Control.lisp)
Linked: (/home/bit2/0603_project/tang_ws/devel/.private/control_msgs/share/common-lisp/ros/control_msgs/msg/ReportBrake.lisp, /home/bit2/0603_project/tang_ws/devel/share/common-lisp/ros/control_msgs/msg/ReportBrake.lisp)
Linked: (/home/bit2/0603_project/tang_ws/devel/.private/control_msgs/share/common-lisp/ros/control_msgs/msg/_package_ReportMotion.lisp, /home/bit2/0603_project/tang_ws/devel/share/common-lisp/ros/control_msgs/msg/_package_ReportMotion.lisp)
Linked: (/home/bit2/0603_project/tang_ws/devel/.private/control_msgs/share/common-lisp/ros/control_msgs/msg/control_msgs-msg.asd, /home/bit2/0603_project/tang_ws/devel/share/common-lisp/ros/control_msgs/msg/control_msgs-msg.asd)
Linked: (/home/bit2/0603_project/tang_ws/devel/.private/control_msgs/share/common-lisp/ros/control_msgs/msg/_package_ReportControl.lisp, /home/bit2/0603_project/tang_ws/devel/share/common-lisp/ros/control_msgs/msg/_package_ReportControl.lisp)
Linked: (/home/bit2/0603_project/tang_ws/devel/.private/control_msgs/share/common-lisp/ros/control_msgs/msg/ReportWheel.lisp, /home/bit2/0603_project/tang_ws/devel/share/common-lisp/ros/control_msgs/msg/ReportWheel.lisp)
Linked: (/home/bit2/0603_project/tang_ws/devel/.private/control_msgs/share/common-lisp/ros/control_msgs/msg/_package_ReportWheel.lisp, /home/bit2/0603_project/tang_ws/devel/share/common-lisp/ros/control_msgs/msg/_package_ReportWheel.lisp)
Linked: (/home/bit2/0603_project/tang_ws/devel/.private/control_msgs/share/common-lisp/ros/control_msgs/msg/_package_ReportThrottle.lisp, /home/bit2/0603_project/tang_ws/devel/share/common-lisp/ros/control_msgs/msg/_package_ReportThrottle.lisp)
Linked: (/home/bit2/0603_project/tang_ws/devel/.private/control_msgs/share/common-lisp/ros/control_msgs/msg/ControlSteer.lisp, /home/bit2/0603_project/tang_ws/devel/share/common-lisp/ros/control_msgs/msg/ControlSteer.lisp)
Linked: (/home/bit2/0603_project/tang_ws/devel/.private/control_msgs/share/common-lisp/ros/control_msgs/msg/_package_ReportBrake.lisp, /home/bit2/0603_project/tang_ws/devel/share/common-lisp/ros/control_msgs/msg/_package_ReportBrake.lisp)
Linked: (/home/bit2/0603_project/tang_ws/devel/.private/control_msgs/share/common-lisp/ros/control_msgs/msg/Rawdata.lisp, /home/bit2/0603_project/tang_ws/devel/share/common-lisp/ros/control_msgs/msg/Rawdata.lisp)
Linked: (/home/bit2/0603_project/tang_ws/devel/.private/control_msgs/share/common-lisp/ros/control_msgs/msg/_package_ControlMode.lisp, /home/bit2/0603_project/tang_ws/devel/share/common-lisp/ros/control_msgs/msg/_package_ControlMode.lisp)
Linked: (/home/bit2/0603_project/tang_ws/devel/.private/control_msgs/share/common-lisp/ros/control_msgs/msg/_package_Report.lisp, /home/bit2/0603_project/tang_ws/devel/share/common-lisp/ros/control_msgs/msg/_package_Report.lisp)
Linked: (/home/bit2/0603_project/tang_ws/devel/.private/control_msgs/share/common-lisp/ros/control_msgs/msg/_package_ControlSpeed.lisp, /home/bit2/0603_project/tang_ws/devel/share/common-lisp/ros/control_msgs/msg/_package_ControlSpeed.lisp)
Linked: (/home/bit2/0603_project/tang_ws/devel/.private/control_msgs/share/common-lisp/ros/control_msgs/msg/Control.lisp, /home/bit2/0603_project/tang_ws/devel/share/common-lisp/ros/control_msgs/msg/Control.lisp)
Linked: (/home/bit2/0603_project/tang_ws/devel/.private/control_msgs/share/common-lisp/ros/control_msgs/msg/_package_Rawdata.lisp, /home/bit2/0603_project/tang_ws/devel/share/common-lisp/ros/control_msgs/msg/_package_Rawdata.lisp)
Linked: (/home/bit2/0603_project/tang_ws/devel/.private/control_msgs/share/common-lisp/ros/control_msgs/msg/ReportControl.lisp, /home/bit2/0603_project/tang_ws/devel/share/common-lisp/ros/control_msgs/msg/ReportControl.lisp)
Linked: (/home/bit2/0603_project/tang_ws/devel/.private/control_msgs/share/gennodejs/ros/control_msgs/_index.js, /home/bit2/0603_project/tang_ws/devel/share/gennodejs/ros/control_msgs/_index.js)
Linked: (/home/bit2/0603_project/tang_ws/devel/.private/control_msgs/share/gennodejs/ros/control_msgs/msg/ControlSteer.js, /home/bit2/0603_project/tang_ws/devel/share/gennodejs/ros/control_msgs/msg/ControlSteer.js)
Linked: (/home/bit2/0603_project/tang_ws/devel/.private/control_msgs/share/gennodejs/ros/control_msgs/msg/ReportBrake.js, /home/bit2/0603_project/tang_ws/devel/share/gennodejs/ros/control_msgs/msg/ReportBrake.js)
Linked: (/home/bit2/0603_project/tang_ws/devel/.private/control_msgs/share/gennodejs/ros/control_msgs/msg/_index.js, /home/bit2/0603_project/tang_ws/devel/share/gennodejs/ros/control_msgs/msg/_index.js)
Linked: (/home/bit2/0603_project/tang_ws/devel/.private/control_msgs/share/gennodejs/ros/control_msgs/msg/ReportMotion.js, /home/bit2/0603_project/tang_ws/devel/share/gennodejs/ros/control_msgs/msg/ReportMotion.js)
Linked: (/home/bit2/0603_project/tang_ws/devel/.private/control_msgs/share/gennodejs/ros/control_msgs/msg/Report.js, /home/bit2/0603_project/tang_ws/devel/share/gennodejs/ros/control_msgs/msg/Report.js)
Linked: (/home/bit2/0603_project/tang_ws/devel/.private/control_msgs/share/gennodejs/ros/control_msgs/msg/ControlMode.js, /home/bit2/0603_project/tang_ws/devel/share/gennodejs/ros/control_msgs/msg/ControlMode.js)
Linked: (/home/bit2/0603_project/tang_ws/devel/.private/control_msgs/share/gennodejs/ros/control_msgs/msg/ReportHMI.js, /home/bit2/0603_project/tang_ws/devel/share/gennodejs/ros/control_msgs/msg/ReportHMI.js)
Linked: (/home/bit2/0603_project/tang_ws/devel/.private/control_msgs/share/gennodejs/ros/control_msgs/msg/ReportVehicleWorkMode.js, /home/bit2/0603_project/tang_ws/devel/share/gennodejs/ros/control_msgs/msg/ReportVehicleWorkMode.js)
Linked: (/home/bit2/0603_project/tang_ws/devel/.private/control_msgs/share/gennodejs/ros/control_msgs/msg/ReportControl.js, /home/bit2/0603_project/tang_ws/devel/share/gennodejs/ros/control_msgs/msg/ReportControl.js)
Linked: (/home/bit2/0603_project/tang_ws/devel/.private/control_msgs/share/gennodejs/ros/control_msgs/msg/ReportThrottle.js, /home/bit2/0603_project/tang_ws/devel/share/gennodejs/ros/control_msgs/msg/ReportThrottle.js)
Linked: (/home/bit2/0603_project/tang_ws/devel/.private/control_msgs/share/gennodejs/ros/control_msgs/msg/Rawdata.js, /home/bit2/0603_project/tang_ws/devel/share/gennodejs/ros/control_msgs/msg/Rawdata.js)
Linked: (/home/bit2/0603_project/tang_ws/devel/.private/control_msgs/share/gennodejs/ros/control_msgs/msg/Control.js, /home/bit2/0603_project/tang_ws/devel/share/gennodejs/ros/control_msgs/msg/Control.js)
Linked: (/home/bit2/0603_project/tang_ws/devel/.private/control_msgs/share/gennodejs/ros/control_msgs/msg/ReportWheel.js, /home/bit2/0603_project/tang_ws/devel/share/gennodejs/ros/control_msgs/msg/ReportWheel.js)
Linked: (/home/bit2/0603_project/tang_ws/devel/.private/control_msgs/share/gennodejs/ros/control_msgs/msg/ControlSpeed.js, /home/bit2/0603_project/tang_ws/devel/share/gennodejs/ros/control_msgs/msg/ControlSpeed.js)
Linked: (/home/bit2/0603_project/tang_ws/devel/.private/control_msgs/share/roseus/ros/control_msgs/manifest.l, /home/bit2/0603_project/tang_ws/devel/share/roseus/ros/control_msgs/manifest.l)
Linked: (/home/bit2/0603_project/tang_ws/devel/.private/control_msgs/share/roseus/ros/control_msgs/msg/ReportWheel.l, /home/bit2/0603_project/tang_ws/devel/share/roseus/ros/control_msgs/msg/ReportWheel.l)
Linked: (/home/bit2/0603_project/tang_ws/devel/.private/control_msgs/share/roseus/ros/control_msgs/msg/Control.l, /home/bit2/0603_project/tang_ws/devel/share/roseus/ros/control_msgs/msg/Control.l)
Linked: (/home/bit2/0603_project/tang_ws/devel/.private/control_msgs/share/roseus/ros/control_msgs/msg/ReportControl.l, /home/bit2/0603_project/tang_ws/devel/share/roseus/ros/control_msgs/msg/ReportControl.l)
Linked: (/home/bit2/0603_project/tang_ws/devel/.private/control_msgs/share/roseus/ros/control_msgs/msg/ControlSteer.l, /home/bit2/0603_project/tang_ws/devel/share/roseus/ros/control_msgs/msg/ControlSteer.l)
Linked: (/home/bit2/0603_project/tang_ws/devel/.private/control_msgs/share/roseus/ros/control_msgs/msg/Report.l, /home/bit2/0603_project/tang_ws/devel/share/roseus/ros/control_msgs/msg/Report.l)
Linked: (/home/bit2/0603_project/tang_ws/devel/.private/control_msgs/share/roseus/ros/control_msgs/msg/Rawdata.l, /home/bit2/0603_project/tang_ws/devel/share/roseus/ros/control_msgs/msg/Rawdata.l)
Linked: (/home/bit2/0603_project/tang_ws/devel/.private/control_msgs/share/roseus/ros/control_msgs/msg/ReportHMI.l, /home/bit2/0603_project/tang_ws/devel/share/roseus/ros/control_msgs/msg/ReportHMI.l)
Linked: (/home/bit2/0603_project/tang_ws/devel/.private/control_msgs/share/roseus/ros/control_msgs/msg/ControlMode.l, /home/bit2/0603_project/tang_ws/devel/share/roseus/ros/control_msgs/msg/ControlMode.l)
Linked: (/home/bit2/0603_project/tang_ws/devel/.private/control_msgs/share/roseus/ros/control_msgs/msg/ControlSpeed.l, /home/bit2/0603_project/tang_ws/devel/share/roseus/ros/control_msgs/msg/ControlSpeed.l)
Linked: (/home/bit2/0603_project/tang_ws/devel/.private/control_msgs/share/roseus/ros/control_msgs/msg/ReportVehicleWorkMode.l, /home/bit2/0603_project/tang_ws/devel/share/roseus/ros/control_msgs/msg/ReportVehicleWorkMode.l)
Linked: (/home/bit2/0603_project/tang_ws/devel/.private/control_msgs/share/roseus/ros/control_msgs/msg/ReportBrake.l, /home/bit2/0603_project/tang_ws/devel/share/roseus/ros/control_msgs/msg/ReportBrake.l)
Linked: (/home/bit2/0603_project/tang_ws/devel/.private/control_msgs/share/roseus/ros/control_msgs/msg/ReportMotion.l, /home/bit2/0603_project/tang_ws/devel/share/roseus/ros/control_msgs/msg/ReportMotion.l)
Linked: (/home/bit2/0603_project/tang_ws/devel/.private/control_msgs/share/roseus/ros/control_msgs/msg/ReportThrottle.l, /home/bit2/0603_project/tang_ws/devel/share/roseus/ros/control_msgs/msg/ReportThrottle.l)
