[  0%] Built target _control_msgs_generate_messages_check_deps_ReportThrottle
[  0%] Built target _control_msgs_generate_messages_check_deps_ReportControl
[  0%] Built target _control_msgs_generate_messages_check_deps_ControlSpeed
[  0%] Built target _control_msgs_generate_messages_check_deps_ReportBrake
[  0%] Built target _control_msgs_generate_messages_check_deps_ReportMotion
[  0%] Built target _control_msgs_generate_messages_check_deps_ControlMode
[  0%] Built target _control_msgs_generate_messages_check_deps_ReportWheel
[  0%] Built target sensor_driver_msgs_generate_messages_cpp
[  0%] Built target std_msgs_generate_messages_cpp
[  0%] Built target _control_msgs_generate_messages_check_deps_Rawdata
[  0%] Built target _control_msgs_generate_messages_check_deps_ReportHMI
[  0%] Built target _control_msgs_generate_messages_check_deps_ControlSteer
[  0%] Built target _control_msgs_generate_messages_check_deps_Control
[  0%] Built target _control_msgs_generate_messages_check_deps_ReportVehicleWorkMode
[  0%] Built target _control_msgs_generate_messages_check_deps_Report
[  0%] Built target sensor_driver_msgs_generate_messages_py
[  0%] Built target std_msgs_generate_messages_py
[  0%] Built target std_msgs_generate_messages_lisp
[  0%] Built target sensor_driver_msgs_generate_messages_lisp
[  0%] Built target std_msgs_generate_messages_nodejs
[  0%] Built target sensor_driver_msgs_generate_messages_eus
[  0%] Built target sensor_driver_msgs_generate_messages_nodejs
[  0%] Built target std_msgs_generate_messages_eus
[ 19%] Built target control_msgs_generate_messages_cpp
[ 40%] Built target control_msgs_generate_messages_py
[ 59%] Built target control_msgs_generate_messages_lisp
[ 79%] Built target control_msgs_generate_messages_nodejs
[100%] Built target control_msgs_generate_messages_eus
[100%] Built target control_msgs_generate_messages
