Linked: (/home/bit2/0603_project/tang_ws/devel/.private/anm_msgs/lib/pkgconfig/anm_msgs.pc, /home/bit2/0603_project/tang_ws/devel/lib/pkgconfig/anm_msgs.pc)
Linked: (/home/bit2/0603_project/tang_ws/devel/.private/anm_msgs/lib/python2.7/dist-packages/anm_msgs/__init__.py, /home/bit2/0603_project/tang_ws/devel/lib/python2.7/dist-packages/anm_msgs/__init__.py)
Linked: (/home/bit2/0603_project/tang_ws/devel/.private/anm_msgs/lib/python2.7/dist-packages/anm_msgs/msg/_V2XVehicle.py, /home/bit2/0603_project/tang_ws/devel/lib/python2.7/dist-packages/anm_msgs/msg/_V2XVehicle.py)
Linked: (/home/bit2/0603_project/tang_ws/devel/.private/anm_msgs/lib/python2.7/dist-packages/anm_msgs/msg/_V2XStopSign.py, /home/bit2/0603_project/tang_ws/devel/lib/python2.7/dist-packages/anm_msgs/msg/_V2XStopSign.py)
Linked: (/home/bit2/0603_project/tang_ws/devel/.private/anm_msgs/lib/python2.7/dist-packages/anm_msgs/msg/_PathState.py, /home/bit2/0603_project/tang_ws/devel/lib/python2.7/dist-packages/anm_msgs/msg/_PathState.py)
Linked: (/home/bit2/0603_project/tang_ws/devel/.private/anm_msgs/lib/python2.7/dist-packages/anm_msgs/msg/_V2XTrafficLightList.py, /home/bit2/0603_project/tang_ws/devel/lib/python2.7/dist-packages/anm_msgs/msg/_V2XTrafficLightList.py)
Linked: (/home/bit2/0603_project/tang_ws/devel/.private/anm_msgs/lib/python2.7/dist-packages/anm_msgs/msg/_SpiralPath.py, /home/bit2/0603_project/tang_ws/devel/lib/python2.7/dist-packages/anm_msgs/msg/_SpiralPath.py)
Linked: (/home/bit2/0603_project/tang_ws/devel/.private/anm_msgs/lib/python2.7/dist-packages/anm_msgs/msg/_ShuttleRequest.py, /home/bit2/0603_project/tang_ws/devel/lib/python2.7/dist-packages/anm_msgs/msg/_ShuttleRequest.py)
Linked: (/home/bit2/0603_project/tang_ws/devel/.private/anm_msgs/lib/python2.7/dist-packages/anm_msgs/msg/_V2XVehicleList.py, /home/bit2/0603_project/tang_ws/devel/lib/python2.7/dist-packages/anm_msgs/msg/_V2XVehicleList.py)
Linked: (/home/bit2/0603_project/tang_ws/devel/.private/anm_msgs/lib/python2.7/dist-packages/anm_msgs/msg/_DynamicObstacleList.py, /home/bit2/0603_project/tang_ws/devel/lib/python2.7/dist-packages/anm_msgs/msg/_DynamicObstacleList.py)
Linked: (/home/bit2/0603_project/tang_ws/devel/.private/anm_msgs/lib/python2.7/dist-packages/anm_msgs/msg/_NearestAnmWaypoint.py, /home/bit2/0603_project/tang_ws/devel/lib/python2.7/dist-packages/anm_msgs/msg/_NearestAnmWaypoint.py)
Linked: (/home/bit2/0603_project/tang_ws/devel/.private/anm_msgs/lib/python2.7/dist-packages/anm_msgs/msg/_V2XStopSignList.py, /home/bit2/0603_project/tang_ws/devel/lib/python2.7/dist-packages/anm_msgs/msg/_V2XStopSignList.py)
Linked: (/home/bit2/0603_project/tang_ws/devel/.private/anm_msgs/lib/python2.7/dist-packages/anm_msgs/msg/_HMIReport.py, /home/bit2/0603_project/tang_ws/devel/lib/python2.7/dist-packages/anm_msgs/msg/_HMIReport.py)
Linked: (/home/bit2/0603_project/tang_ws/devel/.private/anm_msgs/lib/python2.7/dist-packages/anm_msgs/msg/__init__.py, /home/bit2/0603_project/tang_ws/devel/lib/python2.7/dist-packages/anm_msgs/msg/__init__.py)
Linked: (/home/bit2/0603_project/tang_ws/devel/.private/anm_msgs/lib/python2.7/dist-packages/anm_msgs/msg/_SystemState.py, /home/bit2/0603_project/tang_ws/devel/lib/python2.7/dist-packages/anm_msgs/msg/_SystemState.py)
Linked: (/home/bit2/0603_project/tang_ws/devel/.private/anm_msgs/lib/python2.7/dist-packages/anm_msgs/msg/_V2XTrafficLight.py, /home/bit2/0603_project/tang_ws/devel/lib/python2.7/dist-packages/anm_msgs/msg/_V2XTrafficLight.py)
Linked: (/home/bit2/0603_project/tang_ws/devel/.private/anm_msgs/lib/python2.7/dist-packages/anm_msgs/msg/_VehicleState.py, /home/bit2/0603_project/tang_ws/devel/lib/python2.7/dist-packages/anm_msgs/msg/_VehicleState.py)
Linked: (/home/bit2/0603_project/tang_ws/devel/.private/anm_msgs/lib/python2.7/dist-packages/anm_msgs/msg/_CommandCheckingReport.py, /home/bit2/0603_project/tang_ws/devel/lib/python2.7/dist-packages/anm_msgs/msg/_CommandCheckingReport.py)
Linked: (/home/bit2/0603_project/tang_ws/devel/.private/anm_msgs/lib/python2.7/dist-packages/anm_msgs/msg/_DynamicObstacle.py, /home/bit2/0603_project/tang_ws/devel/lib/python2.7/dist-packages/anm_msgs/msg/_DynamicObstacle.py)
Linked: (/home/bit2/0603_project/tang_ws/devel/.private/anm_msgs/include/anm_msgs/ShuttleRequest.h, /home/bit2/0603_project/tang_ws/devel/include/anm_msgs/ShuttleRequest.h)
Linked: (/home/bit2/0603_project/tang_ws/devel/.private/anm_msgs/include/anm_msgs/V2XVehicleList.h, /home/bit2/0603_project/tang_ws/devel/include/anm_msgs/V2XVehicleList.h)
Linked: (/home/bit2/0603_project/tang_ws/devel/.private/anm_msgs/include/anm_msgs/SpiralPath.h, /home/bit2/0603_project/tang_ws/devel/include/anm_msgs/SpiralPath.h)
Linked: (/home/bit2/0603_project/tang_ws/devel/.private/anm_msgs/include/anm_msgs/PathState.h, /home/bit2/0603_project/tang_ws/devel/include/anm_msgs/PathState.h)
Linked: (/home/bit2/0603_project/tang_ws/devel/.private/anm_msgs/include/anm_msgs/HMIReport.h, /home/bit2/0603_project/tang_ws/devel/include/anm_msgs/HMIReport.h)
Linked: (/home/bit2/0603_project/tang_ws/devel/.private/anm_msgs/include/anm_msgs/V2XTrafficLight.h, /home/bit2/0603_project/tang_ws/devel/include/anm_msgs/V2XTrafficLight.h)
Linked: (/home/bit2/0603_project/tang_ws/devel/.private/anm_msgs/include/anm_msgs/SystemState.h, /home/bit2/0603_project/tang_ws/devel/include/anm_msgs/SystemState.h)
Linked: (/home/bit2/0603_project/tang_ws/devel/.private/anm_msgs/include/anm_msgs/V2XTrafficLightList.h, /home/bit2/0603_project/tang_ws/devel/include/anm_msgs/V2XTrafficLightList.h)
Linked: (/home/bit2/0603_project/tang_ws/devel/.private/anm_msgs/include/anm_msgs/V2XVehicle.h, /home/bit2/0603_project/tang_ws/devel/include/anm_msgs/V2XVehicle.h)
Linked: (/home/bit2/0603_project/tang_ws/devel/.private/anm_msgs/include/anm_msgs/V2XStopSignList.h, /home/bit2/0603_project/tang_ws/devel/include/anm_msgs/V2XStopSignList.h)
Linked: (/home/bit2/0603_project/tang_ws/devel/.private/anm_msgs/include/anm_msgs/V2XStopSign.h, /home/bit2/0603_project/tang_ws/devel/include/anm_msgs/V2XStopSign.h)
Linked: (/home/bit2/0603_project/tang_ws/devel/.private/anm_msgs/include/anm_msgs/VehicleState.h, /home/bit2/0603_project/tang_ws/devel/include/anm_msgs/VehicleState.h)
Linked: (/home/bit2/0603_project/tang_ws/devel/.private/anm_msgs/include/anm_msgs/NearestAnmWaypoint.h, /home/bit2/0603_project/tang_ws/devel/include/anm_msgs/NearestAnmWaypoint.h)
Linked: (/home/bit2/0603_project/tang_ws/devel/.private/anm_msgs/include/anm_msgs/DynamicObstacle.h, /home/bit2/0603_project/tang_ws/devel/include/anm_msgs/DynamicObstacle.h)
Linked: (/home/bit2/0603_project/tang_ws/devel/.private/anm_msgs/include/anm_msgs/DynamicObstacleList.h, /home/bit2/0603_project/tang_ws/devel/include/anm_msgs/DynamicObstacleList.h)
Linked: (/home/bit2/0603_project/tang_ws/devel/.private/anm_msgs/include/anm_msgs/CommandCheckingReport.h, /home/bit2/0603_project/tang_ws/devel/include/anm_msgs/CommandCheckingReport.h)
Linked: (/home/bit2/0603_project/tang_ws/devel/.private/anm_msgs/share/common-lisp/ros/anm_msgs/msg/_package_VehicleState.lisp, /home/bit2/0603_project/tang_ws/devel/share/common-lisp/ros/anm_msgs/msg/_package_VehicleState.lisp)
Linked: (/home/bit2/0603_project/tang_ws/devel/.private/anm_msgs/share/common-lisp/ros/anm_msgs/msg/_package_HMIReport.lisp, /home/bit2/0603_project/tang_ws/devel/share/common-lisp/ros/anm_msgs/msg/_package_HMIReport.lisp)
Linked: (/home/bit2/0603_project/tang_ws/devel/.private/anm_msgs/share/common-lisp/ros/anm_msgs/msg/HMIReport.lisp, /home/bit2/0603_project/tang_ws/devel/share/common-lisp/ros/anm_msgs/msg/HMIReport.lisp)
Linked: (/home/bit2/0603_project/tang_ws/devel/.private/anm_msgs/share/common-lisp/ros/anm_msgs/msg/_package_V2XStopSignList.lisp, /home/bit2/0603_project/tang_ws/devel/share/common-lisp/ros/anm_msgs/msg/_package_V2XStopSignList.lisp)
Linked: (/home/bit2/0603_project/tang_ws/devel/.private/anm_msgs/share/common-lisp/ros/anm_msgs/msg/CommandCheckingReport.lisp, /home/bit2/0603_project/tang_ws/devel/share/common-lisp/ros/anm_msgs/msg/CommandCheckingReport.lisp)
Linked: (/home/bit2/0603_project/tang_ws/devel/.private/anm_msgs/share/common-lisp/ros/anm_msgs/msg/V2XVehicleList.lisp, /home/bit2/0603_project/tang_ws/devel/share/common-lisp/ros/anm_msgs/msg/V2XVehicleList.lisp)
Linked: (/home/bit2/0603_project/tang_ws/devel/.private/anm_msgs/share/common-lisp/ros/anm_msgs/msg/V2XStopSignList.lisp, /home/bit2/0603_project/tang_ws/devel/share/common-lisp/ros/anm_msgs/msg/V2XStopSignList.lisp)
Linked: (/home/bit2/0603_project/tang_ws/devel/.private/anm_msgs/share/common-lisp/ros/anm_msgs/msg/PathState.lisp, /home/bit2/0603_project/tang_ws/devel/share/common-lisp/ros/anm_msgs/msg/PathState.lisp)
Linked: (/home/bit2/0603_project/tang_ws/devel/.private/anm_msgs/share/common-lisp/ros/anm_msgs/msg/V2XTrafficLight.lisp, /home/bit2/0603_project/tang_ws/devel/share/common-lisp/ros/anm_msgs/msg/V2XTrafficLight.lisp)
Linked: (/home/bit2/0603_project/tang_ws/devel/.private/anm_msgs/share/common-lisp/ros/anm_msgs/msg/_package_DynamicObstacle.lisp, /home/bit2/0603_project/tang_ws/devel/share/common-lisp/ros/anm_msgs/msg/_package_DynamicObstacle.lisp)
Linked: (/home/bit2/0603_project/tang_ws/devel/.private/anm_msgs/share/common-lisp/ros/anm_msgs/msg/DynamicObstacle.lisp, /home/bit2/0603_project/tang_ws/devel/share/common-lisp/ros/anm_msgs/msg/DynamicObstacle.lisp)
Linked: (/home/bit2/0603_project/tang_ws/devel/.private/anm_msgs/share/common-lisp/ros/anm_msgs/msg/_package.lisp, /home/bit2/0603_project/tang_ws/devel/share/common-lisp/ros/anm_msgs/msg/_package.lisp)
Linked: (/home/bit2/0603_project/tang_ws/devel/.private/anm_msgs/share/common-lisp/ros/anm_msgs/msg/V2XTrafficLightList.lisp, /home/bit2/0603_project/tang_ws/devel/share/common-lisp/ros/anm_msgs/msg/V2XTrafficLightList.lisp)
Linked: (/home/bit2/0603_project/tang_ws/devel/.private/anm_msgs/share/common-lisp/ros/anm_msgs/msg/SpiralPath.lisp, /home/bit2/0603_project/tang_ws/devel/share/common-lisp/ros/anm_msgs/msg/SpiralPath.lisp)
Linked: (/home/bit2/0603_project/tang_ws/devel/.private/anm_msgs/share/common-lisp/ros/anm_msgs/msg/_package_V2XStopSign.lisp, /home/bit2/0603_project/tang_ws/devel/share/common-lisp/ros/anm_msgs/msg/_package_V2XStopSign.lisp)
Linked: (/home/bit2/0603_project/tang_ws/devel/.private/anm_msgs/share/common-lisp/ros/anm_msgs/msg/_package_NearestAnmWaypoint.lisp, /home/bit2/0603_project/tang_ws/devel/share/common-lisp/ros/anm_msgs/msg/_package_NearestAnmWaypoint.lisp)
Linked: (/home/bit2/0603_project/tang_ws/devel/.private/anm_msgs/share/common-lisp/ros/anm_msgs/msg/V2XVehicle.lisp, /home/bit2/0603_project/tang_ws/devel/share/common-lisp/ros/anm_msgs/msg/V2XVehicle.lisp)
Linked: (/home/bit2/0603_project/tang_ws/devel/.private/anm_msgs/share/common-lisp/ros/anm_msgs/msg/NearestAnmWaypoint.lisp, /home/bit2/0603_project/tang_ws/devel/share/common-lisp/ros/anm_msgs/msg/NearestAnmWaypoint.lisp)
Linked: (/home/bit2/0603_project/tang_ws/devel/.private/anm_msgs/share/common-lisp/ros/anm_msgs/msg/VehicleState.lisp, /home/bit2/0603_project/tang_ws/devel/share/common-lisp/ros/anm_msgs/msg/VehicleState.lisp)
Linked: (/home/bit2/0603_project/tang_ws/devel/.private/anm_msgs/share/common-lisp/ros/anm_msgs/msg/_package_CommandCheckingReport.lisp, /home/bit2/0603_project/tang_ws/devel/share/common-lisp/ros/anm_msgs/msg/_package_CommandCheckingReport.lisp)
Linked: (/home/bit2/0603_project/tang_ws/devel/.private/anm_msgs/share/common-lisp/ros/anm_msgs/msg/_package_V2XTrafficLight.lisp, /home/bit2/0603_project/tang_ws/devel/share/common-lisp/ros/anm_msgs/msg/_package_V2XTrafficLight.lisp)
Linked: (/home/bit2/0603_project/tang_ws/devel/.private/anm_msgs/share/common-lisp/ros/anm_msgs/msg/_package_V2XTrafficLightList.lisp, /home/bit2/0603_project/tang_ws/devel/share/common-lisp/ros/anm_msgs/msg/_package_V2XTrafficLightList.lisp)
Linked: (/home/bit2/0603_project/tang_ws/devel/.private/anm_msgs/share/common-lisp/ros/anm_msgs/msg/ShuttleRequest.lisp, /home/bit2/0603_project/tang_ws/devel/share/common-lisp/ros/anm_msgs/msg/ShuttleRequest.lisp)
Linked: (/home/bit2/0603_project/tang_ws/devel/.private/anm_msgs/share/common-lisp/ros/anm_msgs/msg/_package_SystemState.lisp, /home/bit2/0603_project/tang_ws/devel/share/common-lisp/ros/anm_msgs/msg/_package_SystemState.lisp)
Linked: (/home/bit2/0603_project/tang_ws/devel/.private/anm_msgs/share/common-lisp/ros/anm_msgs/msg/_package_V2XVehicleList.lisp, /home/bit2/0603_project/tang_ws/devel/share/common-lisp/ros/anm_msgs/msg/_package_V2XVehicleList.lisp)
Linked: (/home/bit2/0603_project/tang_ws/devel/.private/anm_msgs/share/common-lisp/ros/anm_msgs/msg/DynamicObstacleList.lisp, /home/bit2/0603_project/tang_ws/devel/share/common-lisp/ros/anm_msgs/msg/DynamicObstacleList.lisp)
Linked: (/home/bit2/0603_project/tang_ws/devel/.private/anm_msgs/share/common-lisp/ros/anm_msgs/msg/SystemState.lisp, /home/bit2/0603_project/tang_ws/devel/share/common-lisp/ros/anm_msgs/msg/SystemState.lisp)
Linked: (/home/bit2/0603_project/tang_ws/devel/.private/anm_msgs/share/common-lisp/ros/anm_msgs/msg/_package_PathState.lisp, /home/bit2/0603_project/tang_ws/devel/share/common-lisp/ros/anm_msgs/msg/_package_PathState.lisp)
Linked: (/home/bit2/0603_project/tang_ws/devel/.private/anm_msgs/share/common-lisp/ros/anm_msgs/msg/_package_V2XVehicle.lisp, /home/bit2/0603_project/tang_ws/devel/share/common-lisp/ros/anm_msgs/msg/_package_V2XVehicle.lisp)
Linked: (/home/bit2/0603_project/tang_ws/devel/.private/anm_msgs/share/common-lisp/ros/anm_msgs/msg/_package_ShuttleRequest.lisp, /home/bit2/0603_project/tang_ws/devel/share/common-lisp/ros/anm_msgs/msg/_package_ShuttleRequest.lisp)
Linked: (/home/bit2/0603_project/tang_ws/devel/.private/anm_msgs/share/common-lisp/ros/anm_msgs/msg/_package_DynamicObstacleList.lisp, /home/bit2/0603_project/tang_ws/devel/share/common-lisp/ros/anm_msgs/msg/_package_DynamicObstacleList.lisp)
Linked: (/home/bit2/0603_project/tang_ws/devel/.private/anm_msgs/share/common-lisp/ros/anm_msgs/msg/_package_SpiralPath.lisp, /home/bit2/0603_project/tang_ws/devel/share/common-lisp/ros/anm_msgs/msg/_package_SpiralPath.lisp)
Linked: (/home/bit2/0603_project/tang_ws/devel/.private/anm_msgs/share/common-lisp/ros/anm_msgs/msg/V2XStopSign.lisp, /home/bit2/0603_project/tang_ws/devel/share/common-lisp/ros/anm_msgs/msg/V2XStopSign.lisp)
Linked: (/home/bit2/0603_project/tang_ws/devel/.private/anm_msgs/share/common-lisp/ros/anm_msgs/msg/anm_msgs-msg.asd, /home/bit2/0603_project/tang_ws/devel/share/common-lisp/ros/anm_msgs/msg/anm_msgs-msg.asd)
Linked: (/home/bit2/0603_project/tang_ws/devel/.private/anm_msgs/share/gennodejs/ros/anm_msgs/_index.js, /home/bit2/0603_project/tang_ws/devel/share/gennodejs/ros/anm_msgs/_index.js)
Linked: (/home/bit2/0603_project/tang_ws/devel/.private/anm_msgs/share/gennodejs/ros/anm_msgs/msg/V2XVehicle.js, /home/bit2/0603_project/tang_ws/devel/share/gennodejs/ros/anm_msgs/msg/V2XVehicle.js)
Linked: (/home/bit2/0603_project/tang_ws/devel/.private/anm_msgs/share/gennodejs/ros/anm_msgs/msg/V2XTrafficLightList.js, /home/bit2/0603_project/tang_ws/devel/share/gennodejs/ros/anm_msgs/msg/V2XTrafficLightList.js)
Linked: (/home/bit2/0603_project/tang_ws/devel/.private/anm_msgs/share/gennodejs/ros/anm_msgs/msg/PathState.js, /home/bit2/0603_project/tang_ws/devel/share/gennodejs/ros/anm_msgs/msg/PathState.js)
Linked: (/home/bit2/0603_project/tang_ws/devel/.private/anm_msgs/share/gennodejs/ros/anm_msgs/msg/NearestAnmWaypoint.js, /home/bit2/0603_project/tang_ws/devel/share/gennodejs/ros/anm_msgs/msg/NearestAnmWaypoint.js)
Linked: (/home/bit2/0603_project/tang_ws/devel/.private/anm_msgs/share/gennodejs/ros/anm_msgs/msg/_index.js, /home/bit2/0603_project/tang_ws/devel/share/gennodejs/ros/anm_msgs/msg/_index.js)
Linked: (/home/bit2/0603_project/tang_ws/devel/.private/anm_msgs/share/gennodejs/ros/anm_msgs/msg/DynamicObstacleList.js, /home/bit2/0603_project/tang_ws/devel/share/gennodejs/ros/anm_msgs/msg/DynamicObstacleList.js)
Linked: (/home/bit2/0603_project/tang_ws/devel/.private/anm_msgs/share/gennodejs/ros/anm_msgs/msg/V2XVehicleList.js, /home/bit2/0603_project/tang_ws/devel/share/gennodejs/ros/anm_msgs/msg/V2XVehicleList.js)
Linked: (/home/bit2/0603_project/tang_ws/devel/.private/anm_msgs/share/gennodejs/ros/anm_msgs/msg/V2XStopSign.js, /home/bit2/0603_project/tang_ws/devel/share/gennodejs/ros/anm_msgs/msg/V2XStopSign.js)
Linked: (/home/bit2/0603_project/tang_ws/devel/.private/anm_msgs/share/gennodejs/ros/anm_msgs/msg/ShuttleRequest.js, /home/bit2/0603_project/tang_ws/devel/share/gennodejs/ros/anm_msgs/msg/ShuttleRequest.js)
Linked: (/home/bit2/0603_project/tang_ws/devel/.private/anm_msgs/share/gennodejs/ros/anm_msgs/msg/V2XTrafficLight.js, /home/bit2/0603_project/tang_ws/devel/share/gennodejs/ros/anm_msgs/msg/V2XTrafficLight.js)
Linked: (/home/bit2/0603_project/tang_ws/devel/.private/anm_msgs/share/gennodejs/ros/anm_msgs/msg/V2XStopSignList.js, /home/bit2/0603_project/tang_ws/devel/share/gennodejs/ros/anm_msgs/msg/V2XStopSignList.js)
Linked: (/home/bit2/0603_project/tang_ws/devel/.private/anm_msgs/share/gennodejs/ros/anm_msgs/msg/HMIReport.js, /home/bit2/0603_project/tang_ws/devel/share/gennodejs/ros/anm_msgs/msg/HMIReport.js)
Linked: (/home/bit2/0603_project/tang_ws/devel/.private/anm_msgs/share/gennodejs/ros/anm_msgs/msg/SystemState.js, /home/bit2/0603_project/tang_ws/devel/share/gennodejs/ros/anm_msgs/msg/SystemState.js)
Linked: (/home/bit2/0603_project/tang_ws/devel/.private/anm_msgs/share/gennodejs/ros/anm_msgs/msg/VehicleState.js, /home/bit2/0603_project/tang_ws/devel/share/gennodejs/ros/anm_msgs/msg/VehicleState.js)
Linked: (/home/bit2/0603_project/tang_ws/devel/.private/anm_msgs/share/gennodejs/ros/anm_msgs/msg/DynamicObstacle.js, /home/bit2/0603_project/tang_ws/devel/share/gennodejs/ros/anm_msgs/msg/DynamicObstacle.js)
Linked: (/home/bit2/0603_project/tang_ws/devel/.private/anm_msgs/share/gennodejs/ros/anm_msgs/msg/SpiralPath.js, /home/bit2/0603_project/tang_ws/devel/share/gennodejs/ros/anm_msgs/msg/SpiralPath.js)
Linked: (/home/bit2/0603_project/tang_ws/devel/.private/anm_msgs/share/gennodejs/ros/anm_msgs/msg/CommandCheckingReport.js, /home/bit2/0603_project/tang_ws/devel/share/gennodejs/ros/anm_msgs/msg/CommandCheckingReport.js)
Linked: (/home/bit2/0603_project/tang_ws/devel/.private/anm_msgs/share/anm_msgs/cmake/anm_msgs-msg-paths.cmake, /home/bit2/0603_project/tang_ws/devel/share/anm_msgs/cmake/anm_msgs-msg-paths.cmake)
Linked: (/home/bit2/0603_project/tang_ws/devel/.private/anm_msgs/share/anm_msgs/cmake/anm_msgsConfig-version.cmake, /home/bit2/0603_project/tang_ws/devel/share/anm_msgs/cmake/anm_msgsConfig-version.cmake)
Linked: (/home/bit2/0603_project/tang_ws/devel/.private/anm_msgs/share/anm_msgs/cmake/anm_msgs-msg-extras.cmake, /home/bit2/0603_project/tang_ws/devel/share/anm_msgs/cmake/anm_msgs-msg-extras.cmake)
Linked: (/home/bit2/0603_project/tang_ws/devel/.private/anm_msgs/share/anm_msgs/cmake/anm_msgsConfig.cmake, /home/bit2/0603_project/tang_ws/devel/share/anm_msgs/cmake/anm_msgsConfig.cmake)
Linked: (/home/bit2/0603_project/tang_ws/devel/.private/anm_msgs/share/roseus/ros/anm_msgs/manifest.l, /home/bit2/0603_project/tang_ws/devel/share/roseus/ros/anm_msgs/manifest.l)
Linked: (/home/bit2/0603_project/tang_ws/devel/.private/anm_msgs/share/roseus/ros/anm_msgs/msg/CommandCheckingReport.l, /home/bit2/0603_project/tang_ws/devel/share/roseus/ros/anm_msgs/msg/CommandCheckingReport.l)
Linked: (/home/bit2/0603_project/tang_ws/devel/.private/anm_msgs/share/roseus/ros/anm_msgs/msg/SystemState.l, /home/bit2/0603_project/tang_ws/devel/share/roseus/ros/anm_msgs/msg/SystemState.l)
Linked: (/home/bit2/0603_project/tang_ws/devel/.private/anm_msgs/share/roseus/ros/anm_msgs/msg/VehicleState.l, /home/bit2/0603_project/tang_ws/devel/share/roseus/ros/anm_msgs/msg/VehicleState.l)
Linked: (/home/bit2/0603_project/tang_ws/devel/.private/anm_msgs/share/roseus/ros/anm_msgs/msg/V2XVehicle.l, /home/bit2/0603_project/tang_ws/devel/share/roseus/ros/anm_msgs/msg/V2XVehicle.l)
Linked: (/home/bit2/0603_project/tang_ws/devel/.private/anm_msgs/share/roseus/ros/anm_msgs/msg/V2XStopSignList.l, /home/bit2/0603_project/tang_ws/devel/share/roseus/ros/anm_msgs/msg/V2XStopSignList.l)
Linked: (/home/bit2/0603_project/tang_ws/devel/.private/anm_msgs/share/roseus/ros/anm_msgs/msg/V2XStopSign.l, /home/bit2/0603_project/tang_ws/devel/share/roseus/ros/anm_msgs/msg/V2XStopSign.l)
Linked: (/home/bit2/0603_project/tang_ws/devel/.private/anm_msgs/share/roseus/ros/anm_msgs/msg/ShuttleRequest.l, /home/bit2/0603_project/tang_ws/devel/share/roseus/ros/anm_msgs/msg/ShuttleRequest.l)
Linked: (/home/bit2/0603_project/tang_ws/devel/.private/anm_msgs/share/roseus/ros/anm_msgs/msg/DynamicObstacleList.l, /home/bit2/0603_project/tang_ws/devel/share/roseus/ros/anm_msgs/msg/DynamicObstacleList.l)
Linked: (/home/bit2/0603_project/tang_ws/devel/.private/anm_msgs/share/roseus/ros/anm_msgs/msg/PathState.l, /home/bit2/0603_project/tang_ws/devel/share/roseus/ros/anm_msgs/msg/PathState.l)
Linked: (/home/bit2/0603_project/tang_ws/devel/.private/anm_msgs/share/roseus/ros/anm_msgs/msg/V2XTrafficLight.l, /home/bit2/0603_project/tang_ws/devel/share/roseus/ros/anm_msgs/msg/V2XTrafficLight.l)
Linked: (/home/bit2/0603_project/tang_ws/devel/.private/anm_msgs/share/roseus/ros/anm_msgs/msg/V2XVehicleList.l, /home/bit2/0603_project/tang_ws/devel/share/roseus/ros/anm_msgs/msg/V2XVehicleList.l)
Linked: (/home/bit2/0603_project/tang_ws/devel/.private/anm_msgs/share/roseus/ros/anm_msgs/msg/DynamicObstacle.l, /home/bit2/0603_project/tang_ws/devel/share/roseus/ros/anm_msgs/msg/DynamicObstacle.l)
Linked: (/home/bit2/0603_project/tang_ws/devel/.private/anm_msgs/share/roseus/ros/anm_msgs/msg/SpiralPath.l, /home/bit2/0603_project/tang_ws/devel/share/roseus/ros/anm_msgs/msg/SpiralPath.l)
Linked: (/home/bit2/0603_project/tang_ws/devel/.private/anm_msgs/share/roseus/ros/anm_msgs/msg/V2XTrafficLightList.l, /home/bit2/0603_project/tang_ws/devel/share/roseus/ros/anm_msgs/msg/V2XTrafficLightList.l)
Linked: (/home/bit2/0603_project/tang_ws/devel/.private/anm_msgs/share/roseus/ros/anm_msgs/msg/HMIReport.l, /home/bit2/0603_project/tang_ws/devel/share/roseus/ros/anm_msgs/msg/HMIReport.l)
Linked: (/home/bit2/0603_project/tang_ws/devel/.private/anm_msgs/share/roseus/ros/anm_msgs/msg/NearestAnmWaypoint.l, /home/bit2/0603_project/tang_ws/devel/share/roseus/ros/anm_msgs/msg/NearestAnmWaypoint.l)
