Linked: (/home/bit2/0603_project/tang_ws/devel/.private/plan2control_msgs/lib/pkgconfig/plan2control_msgs.pc, /home/bit2/0603_project/tang_ws/devel/lib/pkgconfig/plan2control_msgs.pc)
Linked: (/home/bit2/0603_project/tang_ws/devel/.private/plan2control_msgs/lib/python2.7/dist-packages/plan2control_msgs/__init__.py, /home/bit2/0603_project/tang_ws/devel/lib/python2.7/dist-packages/plan2control_msgs/__init__.py)
Linked: (/home/bit2/0603_project/tang_ws/devel/.private/plan2control_msgs/lib/python2.7/dist-packages/plan2control_msgs/msg/_Trajectoryset.py, /home/bit2/0603_project/tang_ws/devel/lib/python2.7/dist-packages/plan2control_msgs/msg/_Trajectoryset.py)
Linked: (/home/bit2/0603_project/tang_ws/devel/.private/plan2control_msgs/lib/python2.7/dist-packages/plan2control_msgs/msg/_Traj_Node.py, /home/bit2/0603_project/tang_ws/devel/lib/python2.7/dist-packages/plan2control_msgs/msg/_Traj_Node.py)
Linked: (/home/bit2/0603_project/tang_ws/devel/.private/plan2control_msgs/lib/python2.7/dist-packages/plan2control_msgs/msg/__init__.py, /home/bit2/0603_project/tang_ws/devel/lib/python2.7/dist-packages/plan2control_msgs/msg/__init__.py)
Linked: (/home/bit2/0603_project/tang_ws/devel/.private/plan2control_msgs/lib/python2.7/dist-packages/plan2control_msgs/msg/_Trajectory.py, /home/bit2/0603_project/tang_ws/devel/lib/python2.7/dist-packages/plan2control_msgs/msg/_Trajectory.py)
Linked: (/home/bit2/0603_project/tang_ws/devel/.private/plan2control_msgs/include/plan2control_msgs/Trajectoryset.h, /home/bit2/0603_project/tang_ws/devel/include/plan2control_msgs/Trajectoryset.h)
Linked: (/home/bit2/0603_project/tang_ws/devel/.private/plan2control_msgs/include/plan2control_msgs/Traj_Node.h, /home/bit2/0603_project/tang_ws/devel/include/plan2control_msgs/Traj_Node.h)
Linked: (/home/bit2/0603_project/tang_ws/devel/.private/plan2control_msgs/include/plan2control_msgs/Trajectory.h, /home/bit2/0603_project/tang_ws/devel/include/plan2control_msgs/Trajectory.h)
Linked: (/home/bit2/0603_project/tang_ws/devel/.private/plan2control_msgs/share/common-lisp/ros/plan2control_msgs/msg/plan2control_msgs-msg.asd, /home/bit2/0603_project/tang_ws/devel/share/common-lisp/ros/plan2control_msgs/msg/plan2control_msgs-msg.asd)
Linked: (/home/bit2/0603_project/tang_ws/devel/.private/plan2control_msgs/share/common-lisp/ros/plan2control_msgs/msg/_package.lisp, /home/bit2/0603_project/tang_ws/devel/share/common-lisp/ros/plan2control_msgs/msg/_package.lisp)
Linked: (/home/bit2/0603_project/tang_ws/devel/.private/plan2control_msgs/share/common-lisp/ros/plan2control_msgs/msg/Trajectoryset.lisp, /home/bit2/0603_project/tang_ws/devel/share/common-lisp/ros/plan2control_msgs/msg/Trajectoryset.lisp)
Linked: (/home/bit2/0603_project/tang_ws/devel/.private/plan2control_msgs/share/common-lisp/ros/plan2control_msgs/msg/_package_Traj_Node.lisp, /home/bit2/0603_project/tang_ws/devel/share/common-lisp/ros/plan2control_msgs/msg/_package_Traj_Node.lisp)
Linked: (/home/bit2/0603_project/tang_ws/devel/.private/plan2control_msgs/share/common-lisp/ros/plan2control_msgs/msg/_package_Trajectory.lisp, /home/bit2/0603_project/tang_ws/devel/share/common-lisp/ros/plan2control_msgs/msg/_package_Trajectory.lisp)
Linked: (/home/bit2/0603_project/tang_ws/devel/.private/plan2control_msgs/share/common-lisp/ros/plan2control_msgs/msg/Traj_Node.lisp, /home/bit2/0603_project/tang_ws/devel/share/common-lisp/ros/plan2control_msgs/msg/Traj_Node.lisp)
Linked: (/home/bit2/0603_project/tang_ws/devel/.private/plan2control_msgs/share/common-lisp/ros/plan2control_msgs/msg/Trajectory.lisp, /home/bit2/0603_project/tang_ws/devel/share/common-lisp/ros/plan2control_msgs/msg/Trajectory.lisp)
Linked: (/home/bit2/0603_project/tang_ws/devel/.private/plan2control_msgs/share/common-lisp/ros/plan2control_msgs/msg/_package_Trajectoryset.lisp, /home/bit2/0603_project/tang_ws/devel/share/common-lisp/ros/plan2control_msgs/msg/_package_Trajectoryset.lisp)
Linked: (/home/bit2/0603_project/tang_ws/devel/.private/plan2control_msgs/share/gennodejs/ros/plan2control_msgs/_index.js, /home/bit2/0603_project/tang_ws/devel/share/gennodejs/ros/plan2control_msgs/_index.js)
Linked: (/home/bit2/0603_project/tang_ws/devel/.private/plan2control_msgs/share/gennodejs/ros/plan2control_msgs/msg/Traj_Node.js, /home/bit2/0603_project/tang_ws/devel/share/gennodejs/ros/plan2control_msgs/msg/Traj_Node.js)
Linked: (/home/bit2/0603_project/tang_ws/devel/.private/plan2control_msgs/share/gennodejs/ros/plan2control_msgs/msg/_index.js, /home/bit2/0603_project/tang_ws/devel/share/gennodejs/ros/plan2control_msgs/msg/_index.js)
Linked: (/home/bit2/0603_project/tang_ws/devel/.private/plan2control_msgs/share/gennodejs/ros/plan2control_msgs/msg/Trajectory.js, /home/bit2/0603_project/tang_ws/devel/share/gennodejs/ros/plan2control_msgs/msg/Trajectory.js)
Linked: (/home/bit2/0603_project/tang_ws/devel/.private/plan2control_msgs/share/gennodejs/ros/plan2control_msgs/msg/Trajectoryset.js, /home/bit2/0603_project/tang_ws/devel/share/gennodejs/ros/plan2control_msgs/msg/Trajectoryset.js)
Linked: (/home/bit2/0603_project/tang_ws/devel/.private/plan2control_msgs/share/roseus/ros/plan2control_msgs/manifest.l, /home/bit2/0603_project/tang_ws/devel/share/roseus/ros/plan2control_msgs/manifest.l)
Linked: (/home/bit2/0603_project/tang_ws/devel/.private/plan2control_msgs/share/roseus/ros/plan2control_msgs/msg/Trajectoryset.l, /home/bit2/0603_project/tang_ws/devel/share/roseus/ros/plan2control_msgs/msg/Trajectoryset.l)
Linked: (/home/bit2/0603_project/tang_ws/devel/.private/plan2control_msgs/share/roseus/ros/plan2control_msgs/msg/Trajectory.l, /home/bit2/0603_project/tang_ws/devel/share/roseus/ros/plan2control_msgs/msg/Trajectory.l)
Linked: (/home/bit2/0603_project/tang_ws/devel/.private/plan2control_msgs/share/roseus/ros/plan2control_msgs/msg/Traj_Node.l, /home/bit2/0603_project/tang_ws/devel/share/roseus/ros/plan2control_msgs/msg/Traj_Node.l)
Linked: (/home/bit2/0603_project/tang_ws/devel/.private/plan2control_msgs/share/plan2control_msgs/cmake/plan2control_msgs-msg-extras.cmake, /home/bit2/0603_project/tang_ws/devel/share/plan2control_msgs/cmake/plan2control_msgs-msg-extras.cmake)
Linked: (/home/bit2/0603_project/tang_ws/devel/.private/plan2control_msgs/share/plan2control_msgs/cmake/plan2control_msgs-msg-paths.cmake, /home/bit2/0603_project/tang_ws/devel/share/plan2control_msgs/cmake/plan2control_msgs-msg-paths.cmake)
Linked: (/home/bit2/0603_project/tang_ws/devel/.private/plan2control_msgs/share/plan2control_msgs/cmake/plan2control_msgsConfig.cmake, /home/bit2/0603_project/tang_ws/devel/share/plan2control_msgs/cmake/plan2control_msgsConfig.cmake)
Linked: (/home/bit2/0603_project/tang_ws/devel/.private/plan2control_msgs/share/plan2control_msgs/cmake/plan2control_msgsConfig-version.cmake, /home/bit2/0603_project/tang_ws/devel/share/plan2control_msgs/cmake/plan2control_msgsConfig-version.cmake)
