[  0%] Built target geometry_msgs_generate_messages_cpp
[  0%] Built target nav_msgs_generate_messages_cpp
[  0%] Built target sensor_msgs_generate_messages_cpp
[  0%] Built target _extractroad_msg_generate_messages_check_deps_extractroad
[  0%] Built target sensor_msgs_generate_messages_py
[  0%] Built target geometry_msgs_generate_messages_py
[  0%] Built target nav_msgs_generate_messages_py
[  0%] Built target geometry_msgs_generate_messages_lisp
[  0%] Built target sensor_msgs_generate_messages_lisp
[  0%] Built target nav_msgs_generate_messages_lisp
[  0%] Built target nav_msgs_generate_messages_eus
[  0%] Built target geometry_msgs_generate_messages_eus
[  0%] Built target sensor_msgs_generate_messages_eus
[  0%] Built target sensor_msgs_generate_messages_nodejs
[  0%] Built target geometry_msgs_generate_messages_nodejs
[  0%] Built target nav_msgs_generate_messages_nodejs
[ 14%] Built target extractroad_msg_generate_messages_cpp
[ 42%] Built target extractroad_msg_generate_messages_py
[ 57%] Built target extractroad_msg_generate_messages_lisp
[ 85%] Built target extractroad_msg_generate_messages_eus
[100%] Built target extractroad_msg_generate_messages_nodejs
[100%] Built target extractroad_msg_generate_messages
