[35m[1mScanning dependencies of target geometry_msgs_generate_messages_cpp[0m
[  0%] Built target geometry_msgs_generate_messages_cpp
[35m[1mScanning dependencies of target nav_msgs_generate_messages_cpp[0m
[  0%] Built target nav_msgs_generate_messages_cpp
[35m[1mScanning dependencies of target sensor_msgs_generate_messages_cpp[0m
[  0%] Built target sensor_msgs_generate_messages_cpp
[35m[1mScanning dependencies of target _extractroad_msg_generate_messages_check_deps_extractroad[0m
[  0%] Built target _extractroad_msg_generate_messages_check_deps_extractroad
[35m[1mScanning dependencies of target sensor_msgs_generate_messages_py[0m
[  0%] Built target sensor_msgs_generate_messages_py
[35m[1mScanning dependencies of target geometry_msgs_generate_messages_py[0m
[  0%] Built target geometry_msgs_generate_messages_py
[35m[1mScanning dependencies of target nav_msgs_generate_messages_py[0m
[  0%] Built target nav_msgs_generate_messages_py
[35m[1mScanning dependencies of target geometry_msgs_generate_messages_lisp[0m
[  0%] Built target geometry_msgs_generate_messages_lisp
[35m[1mScanning dependencies of target sensor_msgs_generate_messages_lisp[0m
[  0%] Built target sensor_msgs_generate_messages_lisp
[35m[1mScanning dependencies of target nav_msgs_generate_messages_lisp[0m
[  0%] Built target nav_msgs_generate_messages_lisp
[35m[1mScanning dependencies of target nav_msgs_generate_messages_eus[0m
[  0%] Built target nav_msgs_generate_messages_eus
[35m[1mScanning dependencies of target geometry_msgs_generate_messages_eus[0m
[  0%] Built target geometry_msgs_generate_messages_eus
[35m[1mScanning dependencies of target sensor_msgs_generate_messages_eus[0m
[  0%] Built target sensor_msgs_generate_messages_eus
[35m[1mScanning dependencies of target sensor_msgs_generate_messages_nodejs[0m
[  0%] Built target sensor_msgs_generate_messages_nodejs
[35m[1mScanning dependencies of target geometry_msgs_generate_messages_nodejs[0m
[  0%] Built target geometry_msgs_generate_messages_nodejs
[35m[1mScanning dependencies of target nav_msgs_generate_messages_nodejs[0m
[  0%] Built target nav_msgs_generate_messages_nodejs
[35m[1mScanning dependencies of target extractroad_msg_generate_messages_cpp[0m
[ 14%] [34m[1mGenerating C++ code from extractroad_msg/extractroad.msg[0m
[ 14%] Built target extractroad_msg_generate_messages_cpp
[35m[1mScanning dependencies of target extractroad_msg_generate_messages_py[0m
[ 28%] [34m[1mGenerating Python from MSG extractroad_msg/extractroad[0m
[ 42%] [34m[1mGenerating Python msg __init__.py for extractroad_msg[0m
[35m[1mScanning dependencies of target extractroad_msg_generate_messages_lisp[0m
[ 57%] [34m[1mGenerating Lisp code from extractroad_msg/extractroad.msg[0m
[ 57%] Built target extractroad_msg_generate_messages_py
[ 57%] Built target extractroad_msg_generate_messages_lisp
[35m[1mScanning dependencies of target extractroad_msg_generate_messages_eus[0m
[ 71%] [34m[1mGenerating EusLisp code from extractroad_msg/extractroad.msg[0m
[ 85%] [34m[1mGenerating EusLisp manifest code for extractroad_msg[0m
[ 85%] Built target extractroad_msg_generate_messages_eus
[35m[1mScanning dependencies of target extractroad_msg_generate_messages_nodejs[0m
[100%] [34m[1mGenerating Javascript code from extractroad_msg/extractroad.msg[0m
[100%] Built target extractroad_msg_generate_messages_nodejs
[35m[1mScanning dependencies of target extractroad_msg_generate_messages[0m
[100%] Built target extractroad_msg_generate_messages
