Determining if the pthread_create exist failed with the following output:
Change Dir: /home/yao/0603_project/ray_ws/src/planning/waypoint_manager/cmake-build-debug/CMakeFiles/CMakeTmp

Run Build Command:"/usr/bin/make" "cmTC_6f536/fast"
/usr/bin/make -f CMakeFiles/cmTC_6f536.dir/build.make CMakeFiles/cmTC_6f536.dir/build
make[1]: Entering directory '/home/yao/0603_project/ray_ws/src/planning/waypoint_manager/cmake-build-debug/CMakeFiles/CMakeTmp'
Building C object CMakeFiles/cmTC_6f536.dir/CheckSymbolExists.c.o
/usr/bin/cc    -o CMakeFiles/cmTC_6f536.dir/CheckSymbolExists.c.o   -c /home/yao/0603_project/ray_ws/src/planning/waypoint_manager/cmake-build-debug/CMakeFiles/CMakeTmp/CheckSymbolExists.c
Linking C executable cmTC_6f536
/home/yao/software/clion-2017.3.4/bin/cmake/bin/cmake -E cmake_link_script CMakeFiles/cmTC_6f536.dir/link.txt --verbose=1
/usr/bin/cc      -rdynamic CMakeFiles/cmTC_6f536.dir/CheckSymbolExists.c.o  -o cmTC_6f536 
CMakeFiles/cmTC_6f536.dir/CheckSymbolExists.c.o：在函数‘main’中：
CheckSymbolExists.c:(.text+0x16)：对‘pthread_create’未定义的引用
collect2: error: ld returned 1 exit status
CMakeFiles/cmTC_6f536.dir/build.make:97: recipe for target 'cmTC_6f536' failed
make[1]: *** [cmTC_6f536] Error 1
make[1]: Leaving directory '/home/yao/0603_project/ray_ws/src/planning/waypoint_manager/cmake-build-debug/CMakeFiles/CMakeTmp'
Makefile:126: recipe for target 'cmTC_6f536/fast' failed
make: *** [cmTC_6f536/fast] Error 2

File /home/yao/0603_project/ray_ws/src/planning/waypoint_manager/cmake-build-debug/CMakeFiles/CMakeTmp/CheckSymbolExists.c:
/* */
#include <pthread.h>

int main(int argc, char** argv)
{
  (void)argv;
#ifndef pthread_create
  return ((int*)(&pthread_create))[argc];
#else
  (void)argc;
  return 0;
#endif
}

Determining if the function pthread_create exists in the pthreads failed with the following output:
Change Dir: /home/yao/0603_project/ray_ws/src/planning/waypoint_manager/cmake-build-debug/CMakeFiles/CMakeTmp

Run Build Command:"/usr/bin/make" "cmTC_5db04/fast"
/usr/bin/make -f CMakeFiles/cmTC_5db04.dir/build.make CMakeFiles/cmTC_5db04.dir/build
make[1]: Entering directory '/home/yao/0603_project/ray_ws/src/planning/waypoint_manager/cmake-build-debug/CMakeFiles/CMakeTmp'
Building C object CMakeFiles/cmTC_5db04.dir/CheckFunctionExists.c.o
/usr/bin/cc   -DCHECK_FUNCTION_EXISTS=pthread_create   -o CMakeFiles/cmTC_5db04.dir/CheckFunctionExists.c.o   -c /home/yao/software/clion-2017.3.4/bin/cmake/share/cmake-3.9/Modules/CheckFunctionExists.c
Linking C executable cmTC_5db04
/home/yao/software/clion-2017.3.4/bin/cmake/bin/cmake -E cmake_link_script CMakeFiles/cmTC_5db04.dir/link.txt --verbose=1
/usr/bin/cc  -DCHECK_FUNCTION_EXISTS=pthread_create    -rdynamic CMakeFiles/cmTC_5db04.dir/CheckFunctionExists.c.o  -o cmTC_5db04 -lpthreads 
/usr/bin/ld: 找不到 -lpthreads
collect2: error: ld returned 1 exit status
CMakeFiles/cmTC_5db04.dir/build.make:97: recipe for target 'cmTC_5db04' failed
make[1]: *** [cmTC_5db04] Error 1
make[1]: Leaving directory '/home/yao/0603_project/ray_ws/src/planning/waypoint_manager/cmake-build-debug/CMakeFiles/CMakeTmp'
Makefile:126: recipe for target 'cmTC_5db04/fast' failed
make: *** [cmTC_5db04/fast] Error 2


