[35m[1mScanning dependencies of target _vertical_wall_grid_generate_messages_check_deps_vertical_wall_grid[0m
[35m[1mScanning dependencies of target std_msgs_generate_messages_py[0m
[35m[1mScanning dependencies of target std_msgs_generate_messages_nodejs[0m
[35m[1mScanning dependencies of target nav_msgs_generate_messages_nodejs[0m
[35m[1mScanning dependencies of target nav_msgs_generate_messages_py[0m
[35m[1mScanning dependencies of target geometry_msgs_generate_messages_nodejs[0m
[35m[1mScanning dependencies of target geometry_msgs_generate_messages_py[0m
[35m[1mScanning dependencies of target sensor_msgs_generate_messages_py[0m
[  0%] Built target std_msgs_generate_messages_py
[  0%] Built target nav_msgs_generate_messages_py
[  0%] Built target nav_msgs_generate_messages_nodejs
[  0%] Built target std_msgs_generate_messages_nodejs
[  0%] Built target geometry_msgs_generate_messages_nodejs
[  0%] Built target geometry_msgs_generate_messages_py
[  0%] Built target sensor_msgs_generate_messages_py
[35m[1mScanning dependencies of target sensor_msgs_generate_messages_eus[0m
[35m[1mScanning dependencies of target nav_msgs_generate_messages_eus[0m
[35m[1mScanning dependencies of target sensor_msgs_generate_messages_nodejs[0m
[35m[1mScanning dependencies of target std_msgs_generate_messages_eus[0m
[35m[1mScanning dependencies of target geometry_msgs_generate_messages_eus[0m
[35m[1mScanning dependencies of target std_msgs_generate_messages_cpp[0m
[35m[1mScanning dependencies of target nav_msgs_generate_messages_cpp[0m
[  0%] Built target sensor_msgs_generate_messages_nodejs
[  0%] Built target nav_msgs_generate_messages_eus
[  0%] Built target sensor_msgs_generate_messages_eus
[  0%] Built target geometry_msgs_generate_messages_eus
[  0%] Built target std_msgs_generate_messages_cpp
[  0%] Built target nav_msgs_generate_messages_cpp
[  0%] Built target std_msgs_generate_messages_eus
[35m[1mScanning dependencies of target sensor_msgs_generate_messages_cpp[0m
[35m[1mScanning dependencies of target geometry_msgs_generate_messages_cpp[0m
[35m[1mScanning dependencies of target sensor_msgs_generate_messages_lisp[0m
[  0%] Built target _vertical_wall_grid_generate_messages_check_deps_vertical_wall_grid
[35m[1mScanning dependencies of target nav_msgs_generate_messages_lisp[0m
[35m[1mScanning dependencies of target std_msgs_generate_messages_lisp[0m
[35m[1mScanning dependencies of target geometry_msgs_generate_messages_lisp[0m
[  0%] Built target sensor_msgs_generate_messages_cpp
[  0%] Built target sensor_msgs_generate_messages_lisp
[35m[1mScanning dependencies of target vertical_wall_grid_generate_messages_nodejs[0m
[35m[1mScanning dependencies of target vertical_wall_grid_generate_messages_py[0m
[  0%] Built target nav_msgs_generate_messages_lisp
[  0%] Built target geometry_msgs_generate_messages_cpp
[  0%] Built target std_msgs_generate_messages_lisp
[  0%] Built target geometry_msgs_generate_messages_lisp
[ 14%] [34m[1mGenerating Javascript code from vertical_wall_grid/vertical_wall_grid.msg[0m
[35m[1mScanning dependencies of target vertical_wall_grid_generate_messages_eus[0m
[35m[1mScanning dependencies of target vertical_wall_grid_generate_messages_cpp[0m
[ 28%] [34m[1mGenerating Python from MSG vertical_wall_grid/vertical_wall_grid[0m
[35m[1mScanning dependencies of target vertical_wall_grid_generate_messages_lisp[0m
[ 42%] [34m[1mGenerating C++ code from vertical_wall_grid/vertical_wall_grid.msg[0m
[ 57%] [34m[1mGenerating EusLisp code from vertical_wall_grid/vertical_wall_grid.msg[0m
[ 71%] [34m[1mGenerating EusLisp manifest code for vertical_wall_grid[0m
[ 85%] [34m[1mGenerating Lisp code from vertical_wall_grid/vertical_wall_grid.msg[0m
[ 85%] Built target vertical_wall_grid_generate_messages_nodejs
[ 85%] Built target vertical_wall_grid_generate_messages_lisp
[100%] [34m[1mGenerating Python msg __init__.py for vertical_wall_grid[0m
[100%] Built target vertical_wall_grid_generate_messages_cpp
[100%] Built target vertical_wall_grid_generate_messages_py
[100%] Built target vertical_wall_grid_generate_messages_eus
[35m[1mScanning dependencies of target vertical_wall_grid_generate_messages[0m
[100%] Built target vertical_wall_grid_generate_messages
