Determining if the pthread_create exist failed with the following output:
Change Dir: /home/bit2/0603_project/tang_ws/build/visual_tools/CMakeFiles/CMakeTmp

Run Build Command:"/usr/bin/make" "cmTC_3c21d/fast"
/usr/bin/make -f CMakeFiles/cmTC_3c21d.dir/build.make CMakeFiles/cmTC_3c21d.dir/build
make[1]: Entering directory '/home/bit2/0603_project/tang_ws/build/visual_tools/CMakeFiles/CMakeTmp'
Building C object CMakeFiles/cmTC_3c21d.dir/CheckSymbolExists.c.o
/usr/bin/cc     -o CMakeFiles/cmTC_3c21d.dir/CheckSymbolExists.c.o   -c /home/bit2/0603_project/tang_ws/build/visual_tools/CMakeFiles/CMakeTmp/CheckSymbolExists.c
Linking C executable cmTC_3c21d
/usr/bin/cmake -E cmake_link_script CMakeFiles/cmTC_3c21d.dir/link.txt --verbose=1
/usr/bin/cc       CMakeFiles/cmTC_3c21d.dir/CheckSymbolExists.c.o  -o cmTC_3c21d -rdynamic 
CMakeFiles/cmTC_3c21d.dir/CheckSymbolExists.c.o：在函数‘main’中：
CheckSymbolExists.c:(.text+0x16)：对‘pthread_create’未定义的引用
collect2: error: ld returned 1 exit status
CMakeFiles/cmTC_3c21d.dir/build.make:97: recipe for target 'cmTC_3c21d' failed
make[1]: *** [cmTC_3c21d] Error 1
make[1]: Leaving directory '/home/bit2/0603_project/tang_ws/build/visual_tools/CMakeFiles/CMakeTmp'
Makefile:126: recipe for target 'cmTC_3c21d/fast' failed
make: *** [cmTC_3c21d/fast] Error 2

File /home/bit2/0603_project/tang_ws/build/visual_tools/CMakeFiles/CMakeTmp/CheckSymbolExists.c:
/* */
#include <pthread.h>

int main(int argc, char** argv)
{
  (void)argv;
#ifndef pthread_create
  return ((int*)(&pthread_create))[argc];
#else
  (void)argc;
  return 0;
#endif
}

Determining if the function pthread_create exists in the pthreads failed with the following output:
Change Dir: /home/bit2/0603_project/tang_ws/build/visual_tools/CMakeFiles/CMakeTmp

Run Build Command:"/usr/bin/make" "cmTC_87220/fast"
/usr/bin/make -f CMakeFiles/cmTC_87220.dir/build.make CMakeFiles/cmTC_87220.dir/build
make[1]: Entering directory '/home/bit2/0603_project/tang_ws/build/visual_tools/CMakeFiles/CMakeTmp'
Building C object CMakeFiles/cmTC_87220.dir/CheckFunctionExists.c.o
/usr/bin/cc    -DCHECK_FUNCTION_EXISTS=pthread_create   -o CMakeFiles/cmTC_87220.dir/CheckFunctionExists.c.o   -c /usr/share/cmake-3.5/Modules/CheckFunctionExists.c
Linking C executable cmTC_87220
/usr/bin/cmake -E cmake_link_script CMakeFiles/cmTC_87220.dir/link.txt --verbose=1
/usr/bin/cc   -DCHECK_FUNCTION_EXISTS=pthread_create    CMakeFiles/cmTC_87220.dir/CheckFunctionExists.c.o  -o cmTC_87220 -rdynamic -lpthreads 
/usr/bin/ld: 找不到 -lpthreads
collect2: error: ld returned 1 exit status
CMakeFiles/cmTC_87220.dir/build.make:97: recipe for target 'cmTC_87220' failed
make[1]: *** [cmTC_87220] Error 1
make[1]: Leaving directory '/home/bit2/0603_project/tang_ws/build/visual_tools/CMakeFiles/CMakeTmp'
Makefile:126: recipe for target 'cmTC_87220/fast' failed
make: *** [cmTC_87220/fast] Error 2


