[35m[1mScanning dependencies of target _three_one_msgs_generate_messages_check_deps_RawdataSend[0m
[  0%] Built target _three_one_msgs_generate_messages_check_deps_RawdataSend
[35m[1mScanning dependencies of target _three_one_msgs_generate_messages_check_deps_ReportCylinderPressure[0m
[  0%] Built target _three_one_msgs_generate_messages_check_deps_ReportCylinderPressure
[35m[1mScanning dependencies of target _three_one_msgs_generate_messages_check_deps_ControlWeapon[0m
[  0%] Built target _three_one_msgs_generate_messages_check_deps_ControlWeapon
[35m[1mScanning dependencies of target _three_one_msgs_generate_messages_check_deps_ReportControlData[0m
[  0%] Built target _three_one_msgs_generate_messages_check_deps_ReportControlData
[35m[1mScanning dependencies of target _three_one_msgs_generate_messages_check_deps_ControlSpeed[0m
[  0%] Built target _three_one_msgs_generate_messages_check_deps_ControlSpeed
[35m[1mScanning dependencies of target _three_one_msgs_generate_messages_check_deps_ControlSteer[0m
[  0%] Built target _three_one_msgs_generate_messages_check_deps_ControlSteer
[35m[1mScanning dependencies of target _three_one_msgs_generate_messages_check_deps_ReportTorque[0m
[  0%] Built target _three_one_msgs_generate_messages_check_deps_ReportTorque
[35m[1mScanning dependencies of target _three_one_msgs_generate_messages_check_deps_ReportCylinderPosition[0m
[  0%] Built target _three_one_msgs_generate_messages_check_deps_ReportCylinderPosition
[35m[1mScanning dependencies of target _three_one_msgs_generate_messages_check_deps_ReportVehicleState[0m
[  0%] Built target _three_one_msgs_generate_messages_check_deps_ReportVehicleState
[35m[1mScanning dependencies of target _three_one_msgs_generate_messages_check_deps_ReportMotion[0m
[  0%] Built target _three_one_msgs_generate_messages_check_deps_ReportMotion
[35m[1mScanning dependencies of target _three_one_msgs_generate_messages_check_deps_ReportGiveBack[0m
[  0%] Built target _three_one_msgs_generate_messages_check_deps_ReportGiveBack
[35m[1mScanning dependencies of target _three_one_msgs_generate_messages_check_deps_RawdataRecv[0m
[  0%] Built target _three_one_msgs_generate_messages_check_deps_RawdataRecv
[35m[1mScanning dependencies of target _three_one_msgs_generate_messages_check_deps_ReportDistance[0m
[  0%] Built target _three_one_msgs_generate_messages_check_deps_ReportDistance
[35m[1mScanning dependencies of target _three_one_msgs_generate_messages_check_deps_ControlSuspension[0m
[  0%] Built target _three_one_msgs_generate_messages_check_deps_ControlSuspension
[35m[1mScanning dependencies of target _three_one_msgs_generate_messages_check_deps_Report[0m
[  0%] Built target _three_one_msgs_generate_messages_check_deps_Report
[35m[1mScanning dependencies of target _three_one_msgs_generate_messages_check_deps_Control[0m
[  0%] Built target _three_one_msgs_generate_messages_check_deps_Control
[35m[1mScanning dependencies of target three_one_msgs_generate_messages_py[0m
[  1%] [34m[1mGenerating Python from MSG three_one_msgs/ReportGiveBack[0m
[  2%] [34m[1mGenerating Python from MSG three_one_msgs/ReportDistance[0m
[  3%] [34m[1mGenerating Python from MSG three_one_msgs/ReportTorque[0m
[  4%] [34m[1mGenerating Python from MSG three_one_msgs/ControlWeapon[0m
[  6%] [34m[1mGenerating Python from MSG three_one_msgs/ReportCylinderPressure[0m
[  7%] [34m[1mGenerating Python from MSG three_one_msgs/ReportControlData[0m
[  8%] [34m[1mGenerating Python from MSG three_one_msgs/ReportVehicleState[0m
[  9%] [34m[1mGenerating Python from MSG three_one_msgs/RawdataRecv[0m
[ 10%] [34m[1mGenerating Python from MSG three_one_msgs/Control[0m
[ 12%] [34m[1mGenerating Python from MSG three_one_msgs/ControlSuspension[0m
[ 13%] [34m[1mGenerating Python from MSG three_one_msgs/ReportMotion[0m
[ 14%] [34m[1mGenerating Python from MSG three_one_msgs/RawdataSend[0m
[ 15%] [34m[1mGenerating Python from MSG three_one_msgs/ControlSteer[0m
[ 17%] [34m[1mGenerating Python from MSG three_one_msgs/Report[0m
[ 18%] [34m[1mGenerating Python from MSG three_one_msgs/ReportCylinderPosition[0m
[ 19%] [34m[1mGenerating Python from MSG three_one_msgs/ControlSpeed[0m
[ 20%] [34m[1mGenerating Python msg __init__.py for three_one_msgs[0m
[ 20%] Built target three_one_msgs_generate_messages_py
[35m[1mScanning dependencies of target three_one_msgs_generate_messages_nodejs[0m
[ 21%] [34m[1mGenerating Javascript code from three_one_msgs/ReportGiveBack.msg[0m
[35m[1mScanning dependencies of target three_one_msgs_generate_messages_lisp[0m
[ 23%] [34m[1mGenerating Lisp code from three_one_msgs/ReportGiveBack.msg[0m
[ 24%] [34m[1mGenerating Javascript code from three_one_msgs/ReportDistance.msg[0m
[ 25%] [34m[1mGenerating Lisp code from three_one_msgs/ReportDistance.msg[0m
[ 26%] [34m[1mGenerating Javascript code from three_one_msgs/ReportTorque.msg[0m
[ 28%] [34m[1mGenerating Lisp code from three_one_msgs/ReportTorque.msg[0m
[ 29%] [34m[1mGenerating Javascript code from three_one_msgs/ControlWeapon.msg[0m
[ 30%] [34m[1mGenerating Lisp code from three_one_msgs/ControlWeapon.msg[0m
[ 31%] [34m[1mGenerating Javascript code from three_one_msgs/ReportCylinderPressure.msg[0m
[ 32%] [34m[1mGenerating Lisp code from three_one_msgs/ReportCylinderPressure.msg[0m
[ 34%] [34m[1mGenerating Lisp code from three_one_msgs/ReportControlData.msg[0m
[ 35%] [34m[1mGenerating Javascript code from three_one_msgs/ReportControlData.msg[0m
[ 36%] [34m[1mGenerating Javascript code from three_one_msgs/ReportVehicleState.msg[0m
[ 37%] [34m[1mGenerating Lisp code from three_one_msgs/ReportVehicleState.msg[0m
[ 39%] [34m[1mGenerating Javascript code from three_one_msgs/RawdataRecv.msg[0m
[ 40%] [34m[1mGenerating Javascript code from three_one_msgs/Control.msg[0m
[ 41%] [34m[1mGenerating Lisp code from three_one_msgs/RawdataRecv.msg[0m
[ 42%] [34m[1mGenerating Lisp code from three_one_msgs/Control.msg[0m
[ 43%] [34m[1mGenerating Javascript code from three_one_msgs/ControlSuspension.msg[0m
[ 45%] [34m[1mGenerating Lisp code from three_one_msgs/ControlSuspension.msg[0m
[ 46%] [34m[1mGenerating Javascript code from three_one_msgs/ReportMotion.msg[0m
[ 47%] [34m[1mGenerating Javascript code from three_one_msgs/RawdataSend.msg[0m
[ 48%] [34m[1mGenerating Lisp code from three_one_msgs/ReportMotion.msg[0m
[ 50%] [34m[1mGenerating Javascript code from three_one_msgs/ControlSteer.msg[0m
[ 51%] [34m[1mGenerating Javascript code from three_one_msgs/Report.msg[0m
[ 52%] [34m[1mGenerating Lisp code from three_one_msgs/RawdataSend.msg[0m
[ 53%] [34m[1mGenerating Javascript code from three_one_msgs/ReportCylinderPosition.msg[0m
[ 54%] [34m[1mGenerating Lisp code from three_one_msgs/ControlSteer.msg[0m
[ 56%] [34m[1mGenerating Lisp code from three_one_msgs/Report.msg[0m
[ 57%] [34m[1mGenerating Lisp code from three_one_msgs/ReportCylinderPosition.msg[0m
[ 58%] [34m[1mGenerating Javascript code from three_one_msgs/ControlSpeed.msg[0m
[35m[1mScanning dependencies of target three_one_msgs_generate_messages_eus[0m
[ 58%] Built target three_one_msgs_generate_messages_nodejs
[ 59%] [34m[1mGenerating EusLisp code from three_one_msgs/ReportGiveBack.msg[0m
[ 60%] [34m[1mGenerating Lisp code from three_one_msgs/ControlSpeed.msg[0m
[ 62%] [34m[1mGenerating EusLisp code from three_one_msgs/ReportDistance.msg[0m
[ 62%] Built target three_one_msgs_generate_messages_lisp
[ 63%] [34m[1mGenerating EusLisp code from three_one_msgs/ReportTorque.msg[0m
[ 64%] [34m[1mGenerating EusLisp code from three_one_msgs/ControlWeapon.msg[0m
[35m[1mScanning dependencies of target three_one_msgs_generate_messages_cpp[0m
[ 65%] [34m[1mGenerating C++ code from three_one_msgs/ReportGiveBack.msg[0m
[ 67%] [34m[1mGenerating EusLisp code from three_one_msgs/ReportCylinderPressure.msg[0m
[ 68%] [34m[1mGenerating EusLisp code from three_one_msgs/ReportControlData.msg[0m
[ 69%] [34m[1mGenerating C++ code from three_one_msgs/ReportDistance.msg[0m
[ 70%] [34m[1mGenerating EusLisp code from three_one_msgs/ReportVehicleState.msg[0m
[ 71%] [34m[1mGenerating C++ code from three_one_msgs/ReportTorque.msg[0m
[ 73%] [34m[1mGenerating EusLisp code from three_one_msgs/RawdataRecv.msg[0m
[ 74%] [34m[1mGenerating EusLisp code from three_one_msgs/Control.msg[0m
[ 75%] [34m[1mGenerating C++ code from three_one_msgs/ControlWeapon.msg[0m
[ 76%] [34m[1mGenerating EusLisp code from three_one_msgs/ControlSuspension.msg[0m
[ 78%] [34m[1mGenerating EusLisp code from three_one_msgs/ReportMotion.msg[0m
[ 79%] [34m[1mGenerating C++ code from three_one_msgs/ReportCylinderPressure.msg[0m
[ 80%] [34m[1mGenerating EusLisp code from three_one_msgs/RawdataSend.msg[0m
[ 81%] [34m[1mGenerating C++ code from three_one_msgs/ReportControlData.msg[0m
[ 82%] [34m[1mGenerating EusLisp code from three_one_msgs/ControlSteer.msg[0m
[ 84%] [34m[1mGenerating EusLisp code from three_one_msgs/Report.msg[0m
[ 85%] [34m[1mGenerating C++ code from three_one_msgs/ReportVehicleState.msg[0m
[ 86%] [34m[1mGenerating C++ code from three_one_msgs/RawdataRecv.msg[0m
[ 87%] [34m[1mGenerating EusLisp code from three_one_msgs/ReportCylinderPosition.msg[0m
[ 89%] [34m[1mGenerating EusLisp code from three_one_msgs/ControlSpeed.msg[0m
[ 90%] [34m[1mGenerating C++ code from three_one_msgs/Control.msg[0m
[ 91%] [34m[1mGenerating C++ code from three_one_msgs/ControlSuspension.msg[0m
[ 92%] [34m[1mGenerating EusLisp manifest code for three_one_msgs[0m
[ 93%] [34m[1mGenerating C++ code from three_one_msgs/ReportMotion.msg[0m
[ 95%] [34m[1mGenerating C++ code from three_one_msgs/RawdataSend.msg[0m
[ 96%] [34m[1mGenerating C++ code from three_one_msgs/ControlSteer.msg[0m
[ 97%] [34m[1mGenerating C++ code from three_one_msgs/Report.msg[0m
[ 98%] [34m[1mGenerating C++ code from three_one_msgs/ReportCylinderPosition.msg[0m
[ 98%] Built target three_one_msgs_generate_messages_eus
[100%] [34m[1mGenerating C++ code from three_one_msgs/ControlSpeed.msg[0m
[100%] Built target three_one_msgs_generate_messages_cpp
[35m[1mScanning dependencies of target three_one_msgs_generate_messages[0m
[100%] Built target three_one_msgs_generate_messages
