Symlinking /home/bit2/0603_project/tang_ws/devel/lib/pkgconfig/three_one_msgs.pc
Symlinking /home/bit2/0603_project/tang_ws/devel/lib/python2.7/dist-packages/three_one_msgs/__init__.py
Symlinking /home/bit2/0603_project/tang_ws/devel/lib/python2.7/dist-packages/three_one_msgs/msg/_ReportTorque.py
Symlinking /home/bit2/0603_project/tang_ws/devel/lib/python2.7/dist-packages/three_one_msgs/msg/_ReportMotion.py
Symlinking /home/bit2/0603_project/tang_ws/devel/lib/python2.7/dist-packages/three_one_msgs/msg/_RawdataRecv.py
Symlinking /home/bit2/0603_project/tang_ws/devel/lib/python2.7/dist-packages/three_one_msgs/msg/_Control.py
Symlinking /home/bit2/0603_project/tang_ws/devel/lib/python2.7/dist-packages/three_one_msgs/msg/_ReportVehicleState.py
Symlinking /home/bit2/0603_project/tang_ws/devel/lib/python2.7/dist-packages/three_one_msgs/msg/_ReportDistance.py
Symlinking /home/bit2/0603_project/tang_ws/devel/lib/python2.7/dist-packages/three_one_msgs/msg/_ReportCylinderPressure.py
Symlinking /home/bit2/0603_project/tang_ws/devel/lib/python2.7/dist-packages/three_one_msgs/msg/_ReportGiveBack.py
Symlinking /home/bit2/0603_project/tang_ws/devel/lib/python2.7/dist-packages/three_one_msgs/msg/_ControlWeapon.py
Symlinking /home/bit2/0603_project/tang_ws/devel/lib/python2.7/dist-packages/three_one_msgs/msg/_ControlSpeed.py
Symlinking /home/bit2/0603_project/tang_ws/devel/lib/python2.7/dist-packages/three_one_msgs/msg/_Report.py
Symlinking /home/bit2/0603_project/tang_ws/devel/lib/python2.7/dist-packages/three_one_msgs/msg/_ControlSuspension.py
Symlinking /home/bit2/0603_project/tang_ws/devel/lib/python2.7/dist-packages/three_one_msgs/msg/_ReportControlData.py
Symlinking /home/bit2/0603_project/tang_ws/devel/lib/python2.7/dist-packages/three_one_msgs/msg/__init__.py
Symlinking /home/bit2/0603_project/tang_ws/devel/lib/python2.7/dist-packages/three_one_msgs/msg/_RawdataSend.py
Symlinking /home/bit2/0603_project/tang_ws/devel/lib/python2.7/dist-packages/three_one_msgs/msg/_ControlSteer.py
Symlinking /home/bit2/0603_project/tang_ws/devel/lib/python2.7/dist-packages/three_one_msgs/msg/_ReportCylinderPosition.py
Symlinking /home/bit2/0603_project/tang_ws/devel/include/three_one_msgs/RawdataRecv.h
Symlinking /home/bit2/0603_project/tang_ws/devel/include/three_one_msgs/ReportMotion.h
Symlinking /home/bit2/0603_project/tang_ws/devel/include/three_one_msgs/ReportVehicleState.h
Symlinking /home/bit2/0603_project/tang_ws/devel/include/three_one_msgs/RawdataSend.h
Symlinking /home/bit2/0603_project/tang_ws/devel/include/three_one_msgs/ControlSpeed.h
Symlinking /home/bit2/0603_project/tang_ws/devel/include/three_one_msgs/ReportControlData.h
Symlinking /home/bit2/0603_project/tang_ws/devel/include/three_one_msgs/ControlWeapon.h
Symlinking /home/bit2/0603_project/tang_ws/devel/include/three_one_msgs/ReportGiveBack.h
Symlinking /home/bit2/0603_project/tang_ws/devel/include/three_one_msgs/ControlSteer.h
Symlinking /home/bit2/0603_project/tang_ws/devel/include/three_one_msgs/ReportCylinderPressure.h
Symlinking /home/bit2/0603_project/tang_ws/devel/include/three_one_msgs/ControlSuspension.h
Symlinking /home/bit2/0603_project/tang_ws/devel/include/three_one_msgs/ReportCylinderPosition.h
Symlinking /home/bit2/0603_project/tang_ws/devel/include/three_one_msgs/Control.h
Symlinking /home/bit2/0603_project/tang_ws/devel/include/three_one_msgs/ReportTorque.h
Symlinking /home/bit2/0603_project/tang_ws/devel/include/three_one_msgs/ReportDistance.h
Symlinking /home/bit2/0603_project/tang_ws/devel/include/three_one_msgs/Report.h
Symlinking /home/bit2/0603_project/tang_ws/devel/share/three_one_msgs/cmake/three_one_msgs-msg-paths.cmake
Symlinking /home/bit2/0603_project/tang_ws/devel/share/three_one_msgs/cmake/three_one_msgs-msg-extras.cmake
Symlinking /home/bit2/0603_project/tang_ws/devel/share/three_one_msgs/cmake/three_one_msgsConfig-version.cmake
Symlinking /home/bit2/0603_project/tang_ws/devel/share/three_one_msgs/cmake/three_one_msgsConfig.cmake
Symlinking /home/bit2/0603_project/tang_ws/devel/share/common-lisp/ros/three_one_msgs/msg/ReportCylinderPosition.lisp
Symlinking /home/bit2/0603_project/tang_ws/devel/share/common-lisp/ros/three_one_msgs/msg/_package_ReportVehicleState.lisp
Symlinking /home/bit2/0603_project/tang_ws/devel/share/common-lisp/ros/three_one_msgs/msg/_package_ControlSuspension.lisp
Symlinking /home/bit2/0603_project/tang_ws/devel/share/common-lisp/ros/three_one_msgs/msg/ReportDistance.lisp
Symlinking /home/bit2/0603_project/tang_ws/devel/share/common-lisp/ros/three_one_msgs/msg/_package.lisp
Symlinking /home/bit2/0603_project/tang_ws/devel/share/common-lisp/ros/three_one_msgs/msg/_package_ReportCylinderPressure.lisp
Symlinking /home/bit2/0603_project/tang_ws/devel/share/common-lisp/ros/three_one_msgs/msg/ControlSpeed.lisp
Symlinking /home/bit2/0603_project/tang_ws/devel/share/common-lisp/ros/three_one_msgs/msg/ReportControlData.lisp
Symlinking /home/bit2/0603_project/tang_ws/devel/share/common-lisp/ros/three_one_msgs/msg/Report.lisp
Symlinking /home/bit2/0603_project/tang_ws/devel/share/common-lisp/ros/three_one_msgs/msg/_package_ControlSteer.lisp
Symlinking /home/bit2/0603_project/tang_ws/devel/share/common-lisp/ros/three_one_msgs/msg/ReportMotion.lisp
Symlinking /home/bit2/0603_project/tang_ws/devel/share/common-lisp/ros/three_one_msgs/msg/_package_Control.lisp
Symlinking /home/bit2/0603_project/tang_ws/devel/share/common-lisp/ros/three_one_msgs/msg/_package_ReportMotion.lisp
Symlinking /home/bit2/0603_project/tang_ws/devel/share/common-lisp/ros/three_one_msgs/msg/RawdataRecv.lisp
Symlinking /home/bit2/0603_project/tang_ws/devel/share/common-lisp/ros/three_one_msgs/msg/ReportCylinderPressure.lisp
Symlinking /home/bit2/0603_project/tang_ws/devel/share/common-lisp/ros/three_one_msgs/msg/_package_ReportTorque.lisp
Symlinking /home/bit2/0603_project/tang_ws/devel/share/common-lisp/ros/three_one_msgs/msg/ReportVehicleState.lisp
Symlinking /home/bit2/0603_project/tang_ws/devel/share/common-lisp/ros/three_one_msgs/msg/ReportGiveBack.lisp
Symlinking /home/bit2/0603_project/tang_ws/devel/share/common-lisp/ros/three_one_msgs/msg/_package_RawdataRecv.lisp
Symlinking /home/bit2/0603_project/tang_ws/devel/share/common-lisp/ros/three_one_msgs/msg/_package_ReportDistance.lisp
Symlinking /home/bit2/0603_project/tang_ws/devel/share/common-lisp/ros/three_one_msgs/msg/ControlSuspension.lisp
Symlinking /home/bit2/0603_project/tang_ws/devel/share/common-lisp/ros/three_one_msgs/msg/ControlSteer.lisp
Symlinking /home/bit2/0603_project/tang_ws/devel/share/common-lisp/ros/three_one_msgs/msg/_package_ControlWeapon.lisp
Symlinking /home/bit2/0603_project/tang_ws/devel/share/common-lisp/ros/three_one_msgs/msg/three_one_msgs-msg.asd
Symlinking /home/bit2/0603_project/tang_ws/devel/share/common-lisp/ros/three_one_msgs/msg/_package_RawdataSend.lisp
Symlinking /home/bit2/0603_project/tang_ws/devel/share/common-lisp/ros/three_one_msgs/msg/_package_ReportGiveBack.lisp
Symlinking /home/bit2/0603_project/tang_ws/devel/share/common-lisp/ros/three_one_msgs/msg/_package_Report.lisp
Symlinking /home/bit2/0603_project/tang_ws/devel/share/common-lisp/ros/three_one_msgs/msg/ReportTorque.lisp
Symlinking /home/bit2/0603_project/tang_ws/devel/share/common-lisp/ros/three_one_msgs/msg/ControlWeapon.lisp
Symlinking /home/bit2/0603_project/tang_ws/devel/share/common-lisp/ros/three_one_msgs/msg/_package_ReportControlData.lisp
Symlinking /home/bit2/0603_project/tang_ws/devel/share/common-lisp/ros/three_one_msgs/msg/_package_ControlSpeed.lisp
Symlinking /home/bit2/0603_project/tang_ws/devel/share/common-lisp/ros/three_one_msgs/msg/Control.lisp
Symlinking /home/bit2/0603_project/tang_ws/devel/share/common-lisp/ros/three_one_msgs/msg/_package_ReportCylinderPosition.lisp
Symlinking /home/bit2/0603_project/tang_ws/devel/share/common-lisp/ros/three_one_msgs/msg/RawdataSend.lisp
Symlinking /home/bit2/0603_project/tang_ws/devel/share/gennodejs/ros/three_one_msgs/_index.js
Symlinking /home/bit2/0603_project/tang_ws/devel/share/gennodejs/ros/three_one_msgs/msg/ControlSteer.js
Symlinking /home/bit2/0603_project/tang_ws/devel/share/gennodejs/ros/three_one_msgs/msg/ControlSuspension.js
Symlinking /home/bit2/0603_project/tang_ws/devel/share/gennodejs/ros/three_one_msgs/msg/ReportDistance.js
Symlinking /home/bit2/0603_project/tang_ws/devel/share/gennodejs/ros/three_one_msgs/msg/RawdataSend.js
Symlinking /home/bit2/0603_project/tang_ws/devel/share/gennodejs/ros/three_one_msgs/msg/_index.js
Symlinking /home/bit2/0603_project/tang_ws/devel/share/gennodejs/ros/three_one_msgs/msg/ReportTorque.js
Symlinking /home/bit2/0603_project/tang_ws/devel/share/gennodejs/ros/three_one_msgs/msg/ReportMotion.js
Symlinking /home/bit2/0603_project/tang_ws/devel/share/gennodejs/ros/three_one_msgs/msg/ReportCylinderPressure.js
Symlinking /home/bit2/0603_project/tang_ws/devel/share/gennodejs/ros/three_one_msgs/msg/ReportGiveBack.js
Symlinking /home/bit2/0603_project/tang_ws/devel/share/gennodejs/ros/three_one_msgs/msg/RawdataRecv.js
Symlinking /home/bit2/0603_project/tang_ws/devel/share/gennodejs/ros/three_one_msgs/msg/ControlWeapon.js
Symlinking /home/bit2/0603_project/tang_ws/devel/share/gennodejs/ros/three_one_msgs/msg/ReportControlData.js
Symlinking /home/bit2/0603_project/tang_ws/devel/share/gennodejs/ros/three_one_msgs/msg/Report.js
Symlinking /home/bit2/0603_project/tang_ws/devel/share/gennodejs/ros/three_one_msgs/msg/ReportCylinderPosition.js
Symlinking /home/bit2/0603_project/tang_ws/devel/share/gennodejs/ros/three_one_msgs/msg/Control.js
Symlinking /home/bit2/0603_project/tang_ws/devel/share/gennodejs/ros/three_one_msgs/msg/ControlSpeed.js
Symlinking /home/bit2/0603_project/tang_ws/devel/share/gennodejs/ros/three_one_msgs/msg/ReportVehicleState.js
Symlinking /home/bit2/0603_project/tang_ws/devel/share/roseus/ros/three_one_msgs/manifest.l
Symlinking /home/bit2/0603_project/tang_ws/devel/share/roseus/ros/three_one_msgs/msg/Control.l
Symlinking /home/bit2/0603_project/tang_ws/devel/share/roseus/ros/three_one_msgs/msg/ControlWeapon.l
Symlinking /home/bit2/0603_project/tang_ws/devel/share/roseus/ros/three_one_msgs/msg/ControlSteer.l
Symlinking /home/bit2/0603_project/tang_ws/devel/share/roseus/ros/three_one_msgs/msg/Report.l
Symlinking /home/bit2/0603_project/tang_ws/devel/share/roseus/ros/three_one_msgs/msg/ReportGiveBack.l
Symlinking /home/bit2/0603_project/tang_ws/devel/share/roseus/ros/three_one_msgs/msg/ControlSuspension.l
Symlinking /home/bit2/0603_project/tang_ws/devel/share/roseus/ros/three_one_msgs/msg/RawdataRecv.l
Symlinking /home/bit2/0603_project/tang_ws/devel/share/roseus/ros/three_one_msgs/msg/ReportCylinderPosition.l
Symlinking /home/bit2/0603_project/tang_ws/devel/share/roseus/ros/three_one_msgs/msg/ControlSpeed.l
Symlinking /home/bit2/0603_project/tang_ws/devel/share/roseus/ros/three_one_msgs/msg/ReportCylinderPressure.l
Symlinking /home/bit2/0603_project/tang_ws/devel/share/roseus/ros/three_one_msgs/msg/ReportMotion.l
Symlinking /home/bit2/0603_project/tang_ws/devel/share/roseus/ros/three_one_msgs/msg/ReportDistance.l
Symlinking /home/bit2/0603_project/tang_ws/devel/share/roseus/ros/three_one_msgs/msg/ReportControlData.l
Symlinking /home/bit2/0603_project/tang_ws/devel/share/roseus/ros/three_one_msgs/msg/ReportTorque.l
Symlinking /home/bit2/0603_project/tang_ws/devel/share/roseus/ros/three_one_msgs/msg/RawdataSend.l
Symlinking /home/bit2/0603_project/tang_ws/devel/share/roseus/ros/three_one_msgs/msg/ReportVehicleState.l
