[  0%] Built target _three_one_msgs_generate_messages_check_deps_RawdataSend
[  0%] Built target _three_one_msgs_generate_messages_check_deps_ReportCylinderPressure
[  0%] Built target _three_one_msgs_generate_messages_check_deps_ControlWeapon
[  0%] Built target _three_one_msgs_generate_messages_check_deps_ReportControlData
[  0%] Built target _three_one_msgs_generate_messages_check_deps_ControlSpeed
[  0%] Built target _three_one_msgs_generate_messages_check_deps_ControlSteer
[  0%] Built target _three_one_msgs_generate_messages_check_deps_ReportTorque
[  0%] Built target _three_one_msgs_generate_messages_check_deps_ReportCylinderPosition
[  0%] Built target _three_one_msgs_generate_messages_check_deps_ReportVehicleState
[  0%] Built target _three_one_msgs_generate_messages_check_deps_ReportMotion
[  0%] Built target _three_one_msgs_generate_messages_check_deps_ReportGiveBack
[  0%] Built target _three_one_msgs_generate_messages_check_deps_ReportDistance
[  0%] Built target _three_one_msgs_generate_messages_check_deps_RawdataRecv
[  0%] Built target _three_one_msgs_generate_messages_check_deps_ControlSuspension
[  0%] Built target _three_one_msgs_generate_messages_check_deps_Report
[  0%] Built target _three_one_msgs_generate_messages_check_deps_Control
[ 20%] Built target three_one_msgs_generate_messages_py
[ 59%] Built target three_one_msgs_generate_messages_lisp
[ 59%] Built target three_one_msgs_generate_messages_nodejs
[ 79%] Built target three_one_msgs_generate_messages_cpp
[100%] Built target three_one_msgs_generate_messages_eus
[100%] Built target three_one_msgs_generate_messages
