Determining if the pthread_create exist failed with the following output:
Change Dir: /home/bit2/0603_project/tang_ws/build/internal_grid_map/CMakeFiles/CMakeTmp

Run Build Command:"/usr/bin/make" "cmTC_6a68b/fast"
/usr/bin/make -f CMakeFiles/cmTC_6a68b.dir/build.make CMakeFiles/cmTC_6a68b.dir/build
make[1]: Entering directory '/home/bit2/0603_project/tang_ws/build/internal_grid_map/CMakeFiles/CMakeTmp'
Building C object CMakeFiles/cmTC_6a68b.dir/CheckSymbolExists.c.o
/usr/bin/cc     -o CMakeFiles/cmTC_6a68b.dir/CheckSymbolExists.c.o   -c /home/bit2/0603_project/tang_ws/build/internal_grid_map/CMakeFiles/CMakeTmp/CheckSymbolExists.c
Linking C executable cmTC_6a68b
/usr/bin/cmake -E cmake_link_script CMakeFiles/cmTC_6a68b.dir/link.txt --verbose=1
/usr/bin/cc       CMakeFiles/cmTC_6a68b.dir/CheckSymbolExists.c.o  -o cmTC_6a68b -rdynamic 
CMakeFiles/cmTC_6a68b.dir/CheckSymbolExists.c.o：在函数‘main’中：
CheckSymbolExists.c:(.text+0x16)：对‘pthread_create’未定义的引用
collect2: error: ld returned 1 exit status
CMakeFiles/cmTC_6a68b.dir/build.make:97: recipe for target 'cmTC_6a68b' failed
make[1]: *** [cmTC_6a68b] Error 1
make[1]: Leaving directory '/home/bit2/0603_project/tang_ws/build/internal_grid_map/CMakeFiles/CMakeTmp'
Makefile:126: recipe for target 'cmTC_6a68b/fast' failed
make: *** [cmTC_6a68b/fast] Error 2

File /home/bit2/0603_project/tang_ws/build/internal_grid_map/CMakeFiles/CMakeTmp/CheckSymbolExists.c:
/* */
#include <pthread.h>

int main(int argc, char** argv)
{
  (void)argv;
#ifndef pthread_create
  return ((int*)(&pthread_create))[argc];
#else
  (void)argc;
  return 0;
#endif
}

Determining if the function pthread_create exists in the pthreads failed with the following output:
Change Dir: /home/bit2/0603_project/tang_ws/build/internal_grid_map/CMakeFiles/CMakeTmp

Run Build Command:"/usr/bin/make" "cmTC_c15af/fast"
/usr/bin/make -f CMakeFiles/cmTC_c15af.dir/build.make CMakeFiles/cmTC_c15af.dir/build
make[1]: Entering directory '/home/bit2/0603_project/tang_ws/build/internal_grid_map/CMakeFiles/CMakeTmp'
Building C object CMakeFiles/cmTC_c15af.dir/CheckFunctionExists.c.o
/usr/bin/cc    -DCHECK_FUNCTION_EXISTS=pthread_create   -o CMakeFiles/cmTC_c15af.dir/CheckFunctionExists.c.o   -c /usr/share/cmake-3.5/Modules/CheckFunctionExists.c
Linking C executable cmTC_c15af
/usr/bin/cmake -E cmake_link_script CMakeFiles/cmTC_c15af.dir/link.txt --verbose=1
/usr/bin/cc   -DCHECK_FUNCTION_EXISTS=pthread_create    CMakeFiles/cmTC_c15af.dir/CheckFunctionExists.c.o  -o cmTC_c15af -rdynamic -lpthreads 
/usr/bin/ld: 找不到 -lpthreads
collect2: error: ld returned 1 exit status
CMakeFiles/cmTC_c15af.dir/build.make:97: recipe for target 'cmTC_c15af' failed
make[1]: *** [cmTC_c15af] Error 1
make[1]: Leaving directory '/home/bit2/0603_project/tang_ws/build/internal_grid_map/CMakeFiles/CMakeTmp'
Makefile:126: recipe for target 'cmTC_c15af/fast' failed
make: *** [cmTC_c15af/fast] Error 2


