Determining if the pthread_create exist failed with the following output:
Change Dir: /home/bit2/0603_project/tang_ws/build/opt_solver/CMakeFiles/CMakeTmp

Run Build Command:"/usr/bin/make" "cmTC_ed69e/fast"
/usr/bin/make -f CMakeFiles/cmTC_ed69e.dir/build.make CMakeFiles/cmTC_ed69e.dir/build
make[1]: Entering directory '/home/bit2/0603_project/tang_ws/build/opt_solver/CMakeFiles/CMakeTmp'
Building C object CMakeFiles/cmTC_ed69e.dir/CheckSymbolExists.c.o
/usr/bin/cc     -o CMakeFiles/cmTC_ed69e.dir/CheckSymbolExists.c.o   -c /home/bit2/0603_project/tang_ws/build/opt_solver/CMakeFiles/CMakeTmp/CheckSymbolExists.c
Linking C executable cmTC_ed69e
/usr/bin/cmake -E cmake_link_script CMakeFiles/cmTC_ed69e.dir/link.txt --verbose=1
/usr/bin/cc       CMakeFiles/cmTC_ed69e.dir/CheckSymbolExists.c.o  -o cmTC_ed69e -rdynamic 
CMakeFiles/cmTC_ed69e.dir/CheckSymbolExists.c.o：在函数‘main’中：
CheckSymbolExists.c:(.text+0x16)：对‘pthread_create’未定义的引用
collect2: error: ld returned 1 exit status
CMakeFiles/cmTC_ed69e.dir/build.make:97: recipe for target 'cmTC_ed69e' failed
make[1]: *** [cmTC_ed69e] Error 1
make[1]: Leaving directory '/home/bit2/0603_project/tang_ws/build/opt_solver/CMakeFiles/CMakeTmp'
Makefile:126: recipe for target 'cmTC_ed69e/fast' failed
make: *** [cmTC_ed69e/fast] Error 2

File /home/bit2/0603_project/tang_ws/build/opt_solver/CMakeFiles/CMakeTmp/CheckSymbolExists.c:
/* */
#include <pthread.h>

int main(int argc, char** argv)
{
  (void)argv;
#ifndef pthread_create
  return ((int*)(&pthread_create))[argc];
#else
  (void)argc;
  return 0;
#endif
}

Determining if the function pthread_create exists in the pthreads failed with the following output:
Change Dir: /home/bit2/0603_project/tang_ws/build/opt_solver/CMakeFiles/CMakeTmp

Run Build Command:"/usr/bin/make" "cmTC_64efb/fast"
/usr/bin/make -f CMakeFiles/cmTC_64efb.dir/build.make CMakeFiles/cmTC_64efb.dir/build
make[1]: Entering directory '/home/bit2/0603_project/tang_ws/build/opt_solver/CMakeFiles/CMakeTmp'
Building C object CMakeFiles/cmTC_64efb.dir/CheckFunctionExists.c.o
/usr/bin/cc    -DCHECK_FUNCTION_EXISTS=pthread_create   -o CMakeFiles/cmTC_64efb.dir/CheckFunctionExists.c.o   -c /usr/share/cmake-3.5/Modules/CheckFunctionExists.c
Linking C executable cmTC_64efb
/usr/bin/cmake -E cmake_link_script CMakeFiles/cmTC_64efb.dir/link.txt --verbose=1
/usr/bin/cc   -DCHECK_FUNCTION_EXISTS=pthread_create    CMakeFiles/cmTC_64efb.dir/CheckFunctionExists.c.o  -o cmTC_64efb -rdynamic -lpthreads 
/usr/bin/ld: 找不到 -lpthreads
collect2: error: ld returned 1 exit status
CMakeFiles/cmTC_64efb.dir/build.make:97: recipe for target 'cmTC_64efb' failed
make[1]: *** [cmTC_64efb] Error 1
make[1]: Leaving directory '/home/bit2/0603_project/tang_ws/build/opt_solver/CMakeFiles/CMakeTmp'
Makefile:126: recipe for target 'cmTC_64efb/fast' failed
make: *** [cmTC_64efb/fast] Error 2


