[35m[1mScanning dependencies of target _speed_debug_msgs_generate_messages_check_deps_speed_debug[0m
[35m[1mScanning dependencies of target _speed_debug_msgs_generate_messages_check_deps_v[0m
[35m[1mScanning dependencies of target _speed_debug_msgs_generate_messages_check_deps_super_point[0m
[35m[1mScanning dependencies of target _speed_debug_msgs_generate_messages_check_deps_speed_time[0m
[35m[1mScanning dependencies of target _speed_debug_msgs_generate_messages_check_deps_curv[0m
[35m[1mScanning dependencies of target _speed_debug_msgs_generate_messages_check_deps_speed_issue[0m
[35m[1mScanning dependencies of target _speed_debug_msgs_generate_messages_check_deps_cur_steer[0m
[  0%] Built target _speed_debug_msgs_generate_messages_check_deps_v
[  0%] Built target _speed_debug_msgs_generate_messages_check_deps_speed_debug
[  0%] Built target _speed_debug_msgs_generate_messages_check_deps_curv
[  0%] Built target _speed_debug_msgs_generate_messages_check_deps_super_point
[  0%] Built target _speed_debug_msgs_generate_messages_check_deps_speed_issue
[  0%] Built target _speed_debug_msgs_generate_messages_check_deps_speed_time
[  0%] Built target _speed_debug_msgs_generate_messages_check_deps_cur_steer
[35m[1mScanning dependencies of target speed_debug_msgs_generate_messages_py[0m
[35m[1mScanning dependencies of target speed_debug_msgs_generate_messages_nodejs[0m
[35m[1mScanning dependencies of target speed_debug_msgs_generate_messages_cpp[0m
[35m[1mScanning dependencies of target speed_debug_msgs_generate_messages_eus[0m
[35m[1mScanning dependencies of target speed_debug_msgs_generate_messages_lisp[0m
[  2%] [34m[1mGenerating Python from MSG speed_debug_msgs/speed_time[0m
[  5%] [34m[1mGenerating Javascript code from speed_debug_msgs/speed_time.msg[0m
[  8%] [34m[1mGenerating Python from MSG speed_debug_msgs/speed_debug[0m
[ 10%] [34m[1mGenerating EusLisp code from speed_debug_msgs/speed_time.msg[0m
[ 13%] [34m[1mGenerating Python from MSG speed_debug_msgs/super_point[0m
[ 16%] [34m[1mGenerating C++ code from speed_debug_msgs/speed_time.msg[0m
[ 18%] [34m[1mGenerating Lisp code from speed_debug_msgs/speed_time.msg[0m
[ 21%] [34m[1mGenerating Javascript code from speed_debug_msgs/speed_debug.msg[0m
[ 24%] [34m[1mGenerating Lisp code from speed_debug_msgs/speed_debug.msg[0m
[ 27%] [34m[1mGenerating EusLisp code from speed_debug_msgs/speed_debug.msg[0m
[ 29%] [34m[1mGenerating Javascript code from speed_debug_msgs/super_point.msg[0m
[ 32%] [34m[1mGenerating Python from MSG speed_debug_msgs/speed_issue[0m
[ 35%] [34m[1mGenerating Lisp code from speed_debug_msgs/super_point.msg[0m
[ 37%] [34m[1mGenerating EusLisp code from speed_debug_msgs/super_point.msg[0m
[ 40%] [34m[1mGenerating Python from MSG speed_debug_msgs/cur_steer[0m
[ 43%] [34m[1mGenerating Python from MSG speed_debug_msgs/curv[0m
[ 45%] [34m[1mGenerating Javascript code from speed_debug_msgs/speed_issue.msg[0m
[ 48%] [34m[1mGenerating C++ code from speed_debug_msgs/speed_debug.msg[0m
[ 51%] [34m[1mGenerating Lisp code from speed_debug_msgs/speed_issue.msg[0m
[ 54%] [34m[1mGenerating EusLisp code from speed_debug_msgs/speed_issue.msg[0m
[ 56%] [34m[1mGenerating Javascript code from speed_debug_msgs/cur_steer.msg[0m
[ 59%] [34m[1mGenerating Javascript code from speed_debug_msgs/curv.msg[0m
[ 62%] [34m[1mGenerating Javascript code from speed_debug_msgs/v.msg[0m
[ 64%] [34m[1mGenerating Lisp code from speed_debug_msgs/cur_steer.msg[0m
[ 67%] [34m[1mGenerating Lisp code from speed_debug_msgs/curv.msg[0m
[ 70%] [34m[1mGenerating Python from MSG speed_debug_msgs/v[0m
[ 72%] [34m[1mGenerating EusLisp code from speed_debug_msgs/cur_steer.msg[0m
[ 75%] [34m[1mGenerating EusLisp code from speed_debug_msgs/curv.msg[0m
[ 75%] Built target speed_debug_msgs_generate_messages_nodejs
[ 78%] [34m[1mGenerating EusLisp code from speed_debug_msgs/v.msg[0m
[ 81%] [34m[1mGenerating Lisp code from speed_debug_msgs/v.msg[0m
[ 83%] [34m[1mGenerating C++ code from speed_debug_msgs/super_point.msg[0m
[ 86%] [34m[1mGenerating C++ code from speed_debug_msgs/speed_issue.msg[0m
[ 89%] [34m[1mGenerating C++ code from speed_debug_msgs/cur_steer.msg[0m
[ 91%] [34m[1mGenerating C++ code from speed_debug_msgs/curv.msg[0m
[ 91%] Built target speed_debug_msgs_generate_messages_lisp
[ 94%] [34m[1mGenerating Python msg __init__.py for speed_debug_msgs[0m
[ 97%] [34m[1mGenerating C++ code from speed_debug_msgs/v.msg[0m
[100%] [34m[1mGenerating EusLisp manifest code for speed_debug_msgs[0m
[100%] Built target speed_debug_msgs_generate_messages_py
[100%] Built target speed_debug_msgs_generate_messages_cpp
[100%] Built target speed_debug_msgs_generate_messages_eus
[35m[1mScanning dependencies of target speed_debug_msgs_generate_messages[0m
[100%] Built target speed_debug_msgs_generate_messages
