Symlinking /home/bit2/0603_project/tang_ws/devel/lib/pkgconfig/speed_debug_msgs.pc
Symlinking /home/bit2/0603_project/tang_ws/devel/lib/python2.7/dist-packages/speed_debug_msgs/__init__.py
Symlinking /home/bit2/0603_project/tang_ws/devel/lib/python2.7/dist-packages/speed_debug_msgs/msg/_super_point.py
Symlinking /home/bit2/0603_project/tang_ws/devel/lib/python2.7/dist-packages/speed_debug_msgs/msg/_v.py
Symlinking /home/bit2/0603_project/tang_ws/devel/lib/python2.7/dist-packages/speed_debug_msgs/msg/_speed_issue.py
Symlinking /home/bit2/0603_project/tang_ws/devel/lib/python2.7/dist-packages/speed_debug_msgs/msg/_speed_time.py
Symlinking /home/bit2/0603_project/tang_ws/devel/lib/python2.7/dist-packages/speed_debug_msgs/msg/_curv.py
Symlinking /home/bit2/0603_project/tang_ws/devel/lib/python2.7/dist-packages/speed_debug_msgs/msg/_cur_steer.py
Symlinking /home/bit2/0603_project/tang_ws/devel/lib/python2.7/dist-packages/speed_debug_msgs/msg/_speed_debug.py
Symlinking /home/bit2/0603_project/tang_ws/devel/lib/python2.7/dist-packages/speed_debug_msgs/msg/__init__.py
Symlinking /home/bit2/0603_project/tang_ws/devel/include/speed_debug_msgs/super_point.h
Symlinking /home/bit2/0603_project/tang_ws/devel/include/speed_debug_msgs/v.h
Symlinking /home/bit2/0603_project/tang_ws/devel/include/speed_debug_msgs/speed_debug.h
Symlinking /home/bit2/0603_project/tang_ws/devel/include/speed_debug_msgs/speed_time.h
Symlinking /home/bit2/0603_project/tang_ws/devel/include/speed_debug_msgs/speed_issue.h
Symlinking /home/bit2/0603_project/tang_ws/devel/include/speed_debug_msgs/cur_steer.h
Symlinking /home/bit2/0603_project/tang_ws/devel/include/speed_debug_msgs/curv.h
Symlinking /home/bit2/0603_project/tang_ws/devel/share/common-lisp/ros/speed_debug_msgs/msg/speed_time.lisp
Symlinking /home/bit2/0603_project/tang_ws/devel/share/common-lisp/ros/speed_debug_msgs/msg/curv.lisp
Symlinking /home/bit2/0603_project/tang_ws/devel/share/common-lisp/ros/speed_debug_msgs/msg/_package_v.lisp
Symlinking /home/bit2/0603_project/tang_ws/devel/share/common-lisp/ros/speed_debug_msgs/msg/_package.lisp
Symlinking /home/bit2/0603_project/tang_ws/devel/share/common-lisp/ros/speed_debug_msgs/msg/super_point.lisp
Symlinking /home/bit2/0603_project/tang_ws/devel/share/common-lisp/ros/speed_debug_msgs/msg/v.lisp
Symlinking /home/bit2/0603_project/tang_ws/devel/share/common-lisp/ros/speed_debug_msgs/msg/_package_cur_steer.lisp
Symlinking /home/bit2/0603_project/tang_ws/devel/share/common-lisp/ros/speed_debug_msgs/msg/speed_issue.lisp
Symlinking /home/bit2/0603_project/tang_ws/devel/share/common-lisp/ros/speed_debug_msgs/msg/cur_steer.lisp
Symlinking /home/bit2/0603_project/tang_ws/devel/share/common-lisp/ros/speed_debug_msgs/msg/_package_super_point.lisp
Symlinking /home/bit2/0603_project/tang_ws/devel/share/common-lisp/ros/speed_debug_msgs/msg/_package_curv.lisp
Symlinking /home/bit2/0603_project/tang_ws/devel/share/common-lisp/ros/speed_debug_msgs/msg/speed_debug.lisp
Symlinking /home/bit2/0603_project/tang_ws/devel/share/common-lisp/ros/speed_debug_msgs/msg/_package_speed_issue.lisp
Symlinking /home/bit2/0603_project/tang_ws/devel/share/common-lisp/ros/speed_debug_msgs/msg/_package_speed_debug.lisp
Symlinking /home/bit2/0603_project/tang_ws/devel/share/common-lisp/ros/speed_debug_msgs/msg/_package_speed_time.lisp
Symlinking /home/bit2/0603_project/tang_ws/devel/share/common-lisp/ros/speed_debug_msgs/msg/speed_debug_msgs-msg.asd
Symlinking /home/bit2/0603_project/tang_ws/devel/share/gennodejs/ros/speed_debug_msgs/_index.js
Symlinking /home/bit2/0603_project/tang_ws/devel/share/gennodejs/ros/speed_debug_msgs/msg/_index.js
Symlinking /home/bit2/0603_project/tang_ws/devel/share/gennodejs/ros/speed_debug_msgs/msg/speed_debug.js
Symlinking /home/bit2/0603_project/tang_ws/devel/share/gennodejs/ros/speed_debug_msgs/msg/cur_steer.js
Symlinking /home/bit2/0603_project/tang_ws/devel/share/gennodejs/ros/speed_debug_msgs/msg/v.js
Symlinking /home/bit2/0603_project/tang_ws/devel/share/gennodejs/ros/speed_debug_msgs/msg/speed_issue.js
Symlinking /home/bit2/0603_project/tang_ws/devel/share/gennodejs/ros/speed_debug_msgs/msg/super_point.js
Symlinking /home/bit2/0603_project/tang_ws/devel/share/gennodejs/ros/speed_debug_msgs/msg/speed_time.js
Symlinking /home/bit2/0603_project/tang_ws/devel/share/gennodejs/ros/speed_debug_msgs/msg/curv.js
Symlinking /home/bit2/0603_project/tang_ws/devel/share/speed_debug_msgs/cmake/speed_debug_msgs-msg-paths.cmake
Symlinking /home/bit2/0603_project/tang_ws/devel/share/speed_debug_msgs/cmake/speed_debug_msgsConfig-version.cmake
Symlinking /home/bit2/0603_project/tang_ws/devel/share/speed_debug_msgs/cmake/speed_debug_msgs-msg-extras.cmake
Symlinking /home/bit2/0603_project/tang_ws/devel/share/speed_debug_msgs/cmake/speed_debug_msgsConfig.cmake
Symlinking /home/bit2/0603_project/tang_ws/devel/share/roseus/ros/speed_debug_msgs/manifest.l
Symlinking /home/bit2/0603_project/tang_ws/devel/share/roseus/ros/speed_debug_msgs/msg/speed_issue.l
Symlinking /home/bit2/0603_project/tang_ws/devel/share/roseus/ros/speed_debug_msgs/msg/speed_time.l
Symlinking /home/bit2/0603_project/tang_ws/devel/share/roseus/ros/speed_debug_msgs/msg/super_point.l
Symlinking /home/bit2/0603_project/tang_ws/devel/share/roseus/ros/speed_debug_msgs/msg/v.l
Symlinking /home/bit2/0603_project/tang_ws/devel/share/roseus/ros/speed_debug_msgs/msg/speed_debug.l
Symlinking /home/bit2/0603_project/tang_ws/devel/share/roseus/ros/speed_debug_msgs/msg/cur_steer.l
Symlinking /home/bit2/0603_project/tang_ws/devel/share/roseus/ros/speed_debug_msgs/msg/curv.l
