Linked: (/home/bit2/0603_project/tang_ws/devel/.private/speed_debug_msgs/lib/pkgconfig/speed_debug_msgs.pc, /home/bit2/0603_project/tang_ws/devel/lib/pkgconfig/speed_debug_msgs.pc)
Linked: (/home/bit2/0603_project/tang_ws/devel/.private/speed_debug_msgs/lib/python2.7/dist-packages/speed_debug_msgs/__init__.py, /home/bit2/0603_project/tang_ws/devel/lib/python2.7/dist-packages/speed_debug_msgs/__init__.py)
Linked: (/home/bit2/0603_project/tang_ws/devel/.private/speed_debug_msgs/lib/python2.7/dist-packages/speed_debug_msgs/msg/_super_point.py, /home/bit2/0603_project/tang_ws/devel/lib/python2.7/dist-packages/speed_debug_msgs/msg/_super_point.py)
Linked: (/home/bit2/0603_project/tang_ws/devel/.private/speed_debug_msgs/lib/python2.7/dist-packages/speed_debug_msgs/msg/_v.py, /home/bit2/0603_project/tang_ws/devel/lib/python2.7/dist-packages/speed_debug_msgs/msg/_v.py)
Linked: (/home/bit2/0603_project/tang_ws/devel/.private/speed_debug_msgs/lib/python2.7/dist-packages/speed_debug_msgs/msg/_speed_issue.py, /home/bit2/0603_project/tang_ws/devel/lib/python2.7/dist-packages/speed_debug_msgs/msg/_speed_issue.py)
Linked: (/home/bit2/0603_project/tang_ws/devel/.private/speed_debug_msgs/lib/python2.7/dist-packages/speed_debug_msgs/msg/_speed_time.py, /home/bit2/0603_project/tang_ws/devel/lib/python2.7/dist-packages/speed_debug_msgs/msg/_speed_time.py)
Linked: (/home/bit2/0603_project/tang_ws/devel/.private/speed_debug_msgs/lib/python2.7/dist-packages/speed_debug_msgs/msg/_curv.py, /home/bit2/0603_project/tang_ws/devel/lib/python2.7/dist-packages/speed_debug_msgs/msg/_curv.py)
Linked: (/home/bit2/0603_project/tang_ws/devel/.private/speed_debug_msgs/lib/python2.7/dist-packages/speed_debug_msgs/msg/_cur_steer.py, /home/bit2/0603_project/tang_ws/devel/lib/python2.7/dist-packages/speed_debug_msgs/msg/_cur_steer.py)
Linked: (/home/bit2/0603_project/tang_ws/devel/.private/speed_debug_msgs/lib/python2.7/dist-packages/speed_debug_msgs/msg/_speed_debug.py, /home/bit2/0603_project/tang_ws/devel/lib/python2.7/dist-packages/speed_debug_msgs/msg/_speed_debug.py)
Linked: (/home/bit2/0603_project/tang_ws/devel/.private/speed_debug_msgs/lib/python2.7/dist-packages/speed_debug_msgs/msg/__init__.py, /home/bit2/0603_project/tang_ws/devel/lib/python2.7/dist-packages/speed_debug_msgs/msg/__init__.py)
Linked: (/home/bit2/0603_project/tang_ws/devel/.private/speed_debug_msgs/include/speed_debug_msgs/super_point.h, /home/bit2/0603_project/tang_ws/devel/include/speed_debug_msgs/super_point.h)
Linked: (/home/bit2/0603_project/tang_ws/devel/.private/speed_debug_msgs/include/speed_debug_msgs/v.h, /home/bit2/0603_project/tang_ws/devel/include/speed_debug_msgs/v.h)
Linked: (/home/bit2/0603_project/tang_ws/devel/.private/speed_debug_msgs/include/speed_debug_msgs/speed_debug.h, /home/bit2/0603_project/tang_ws/devel/include/speed_debug_msgs/speed_debug.h)
Linked: (/home/bit2/0603_project/tang_ws/devel/.private/speed_debug_msgs/include/speed_debug_msgs/speed_time.h, /home/bit2/0603_project/tang_ws/devel/include/speed_debug_msgs/speed_time.h)
Linked: (/home/bit2/0603_project/tang_ws/devel/.private/speed_debug_msgs/include/speed_debug_msgs/speed_issue.h, /home/bit2/0603_project/tang_ws/devel/include/speed_debug_msgs/speed_issue.h)
Linked: (/home/bit2/0603_project/tang_ws/devel/.private/speed_debug_msgs/include/speed_debug_msgs/cur_steer.h, /home/bit2/0603_project/tang_ws/devel/include/speed_debug_msgs/cur_steer.h)
Linked: (/home/bit2/0603_project/tang_ws/devel/.private/speed_debug_msgs/include/speed_debug_msgs/curv.h, /home/bit2/0603_project/tang_ws/devel/include/speed_debug_msgs/curv.h)
Linked: (/home/bit2/0603_project/tang_ws/devel/.private/speed_debug_msgs/share/common-lisp/ros/speed_debug_msgs/msg/speed_time.lisp, /home/bit2/0603_project/tang_ws/devel/share/common-lisp/ros/speed_debug_msgs/msg/speed_time.lisp)
Linked: (/home/bit2/0603_project/tang_ws/devel/.private/speed_debug_msgs/share/common-lisp/ros/speed_debug_msgs/msg/curv.lisp, /home/bit2/0603_project/tang_ws/devel/share/common-lisp/ros/speed_debug_msgs/msg/curv.lisp)
Linked: (/home/bit2/0603_project/tang_ws/devel/.private/speed_debug_msgs/share/common-lisp/ros/speed_debug_msgs/msg/_package_v.lisp, /home/bit2/0603_project/tang_ws/devel/share/common-lisp/ros/speed_debug_msgs/msg/_package_v.lisp)
Linked: (/home/bit2/0603_project/tang_ws/devel/.private/speed_debug_msgs/share/common-lisp/ros/speed_debug_msgs/msg/_package.lisp, /home/bit2/0603_project/tang_ws/devel/share/common-lisp/ros/speed_debug_msgs/msg/_package.lisp)
Linked: (/home/bit2/0603_project/tang_ws/devel/.private/speed_debug_msgs/share/common-lisp/ros/speed_debug_msgs/msg/super_point.lisp, /home/bit2/0603_project/tang_ws/devel/share/common-lisp/ros/speed_debug_msgs/msg/super_point.lisp)
Linked: (/home/bit2/0603_project/tang_ws/devel/.private/speed_debug_msgs/share/common-lisp/ros/speed_debug_msgs/msg/v.lisp, /home/bit2/0603_project/tang_ws/devel/share/common-lisp/ros/speed_debug_msgs/msg/v.lisp)
Linked: (/home/bit2/0603_project/tang_ws/devel/.private/speed_debug_msgs/share/common-lisp/ros/speed_debug_msgs/msg/_package_cur_steer.lisp, /home/bit2/0603_project/tang_ws/devel/share/common-lisp/ros/speed_debug_msgs/msg/_package_cur_steer.lisp)
Linked: (/home/bit2/0603_project/tang_ws/devel/.private/speed_debug_msgs/share/common-lisp/ros/speed_debug_msgs/msg/speed_issue.lisp, /home/bit2/0603_project/tang_ws/devel/share/common-lisp/ros/speed_debug_msgs/msg/speed_issue.lisp)
Linked: (/home/bit2/0603_project/tang_ws/devel/.private/speed_debug_msgs/share/common-lisp/ros/speed_debug_msgs/msg/cur_steer.lisp, /home/bit2/0603_project/tang_ws/devel/share/common-lisp/ros/speed_debug_msgs/msg/cur_steer.lisp)
Linked: (/home/bit2/0603_project/tang_ws/devel/.private/speed_debug_msgs/share/common-lisp/ros/speed_debug_msgs/msg/_package_super_point.lisp, /home/bit2/0603_project/tang_ws/devel/share/common-lisp/ros/speed_debug_msgs/msg/_package_super_point.lisp)
Linked: (/home/bit2/0603_project/tang_ws/devel/.private/speed_debug_msgs/share/common-lisp/ros/speed_debug_msgs/msg/_package_curv.lisp, /home/bit2/0603_project/tang_ws/devel/share/common-lisp/ros/speed_debug_msgs/msg/_package_curv.lisp)
Linked: (/home/bit2/0603_project/tang_ws/devel/.private/speed_debug_msgs/share/common-lisp/ros/speed_debug_msgs/msg/speed_debug.lisp, /home/bit2/0603_project/tang_ws/devel/share/common-lisp/ros/speed_debug_msgs/msg/speed_debug.lisp)
Linked: (/home/bit2/0603_project/tang_ws/devel/.private/speed_debug_msgs/share/common-lisp/ros/speed_debug_msgs/msg/_package_speed_issue.lisp, /home/bit2/0603_project/tang_ws/devel/share/common-lisp/ros/speed_debug_msgs/msg/_package_speed_issue.lisp)
Linked: (/home/bit2/0603_project/tang_ws/devel/.private/speed_debug_msgs/share/common-lisp/ros/speed_debug_msgs/msg/_package_speed_debug.lisp, /home/bit2/0603_project/tang_ws/devel/share/common-lisp/ros/speed_debug_msgs/msg/_package_speed_debug.lisp)
Linked: (/home/bit2/0603_project/tang_ws/devel/.private/speed_debug_msgs/share/common-lisp/ros/speed_debug_msgs/msg/_package_speed_time.lisp, /home/bit2/0603_project/tang_ws/devel/share/common-lisp/ros/speed_debug_msgs/msg/_package_speed_time.lisp)
Linked: (/home/bit2/0603_project/tang_ws/devel/.private/speed_debug_msgs/share/common-lisp/ros/speed_debug_msgs/msg/speed_debug_msgs-msg.asd, /home/bit2/0603_project/tang_ws/devel/share/common-lisp/ros/speed_debug_msgs/msg/speed_debug_msgs-msg.asd)
Linked: (/home/bit2/0603_project/tang_ws/devel/.private/speed_debug_msgs/share/gennodejs/ros/speed_debug_msgs/_index.js, /home/bit2/0603_project/tang_ws/devel/share/gennodejs/ros/speed_debug_msgs/_index.js)
Linked: (/home/bit2/0603_project/tang_ws/devel/.private/speed_debug_msgs/share/gennodejs/ros/speed_debug_msgs/msg/_index.js, /home/bit2/0603_project/tang_ws/devel/share/gennodejs/ros/speed_debug_msgs/msg/_index.js)
Linked: (/home/bit2/0603_project/tang_ws/devel/.private/speed_debug_msgs/share/gennodejs/ros/speed_debug_msgs/msg/speed_debug.js, /home/bit2/0603_project/tang_ws/devel/share/gennodejs/ros/speed_debug_msgs/msg/speed_debug.js)
Linked: (/home/bit2/0603_project/tang_ws/devel/.private/speed_debug_msgs/share/gennodejs/ros/speed_debug_msgs/msg/cur_steer.js, /home/bit2/0603_project/tang_ws/devel/share/gennodejs/ros/speed_debug_msgs/msg/cur_steer.js)
Linked: (/home/bit2/0603_project/tang_ws/devel/.private/speed_debug_msgs/share/gennodejs/ros/speed_debug_msgs/msg/v.js, /home/bit2/0603_project/tang_ws/devel/share/gennodejs/ros/speed_debug_msgs/msg/v.js)
Linked: (/home/bit2/0603_project/tang_ws/devel/.private/speed_debug_msgs/share/gennodejs/ros/speed_debug_msgs/msg/speed_issue.js, /home/bit2/0603_project/tang_ws/devel/share/gennodejs/ros/speed_debug_msgs/msg/speed_issue.js)
Linked: (/home/bit2/0603_project/tang_ws/devel/.private/speed_debug_msgs/share/gennodejs/ros/speed_debug_msgs/msg/super_point.js, /home/bit2/0603_project/tang_ws/devel/share/gennodejs/ros/speed_debug_msgs/msg/super_point.js)
Linked: (/home/bit2/0603_project/tang_ws/devel/.private/speed_debug_msgs/share/gennodejs/ros/speed_debug_msgs/msg/speed_time.js, /home/bit2/0603_project/tang_ws/devel/share/gennodejs/ros/speed_debug_msgs/msg/speed_time.js)
Linked: (/home/bit2/0603_project/tang_ws/devel/.private/speed_debug_msgs/share/gennodejs/ros/speed_debug_msgs/msg/curv.js, /home/bit2/0603_project/tang_ws/devel/share/gennodejs/ros/speed_debug_msgs/msg/curv.js)
Linked: (/home/bit2/0603_project/tang_ws/devel/.private/speed_debug_msgs/share/speed_debug_msgs/cmake/speed_debug_msgs-msg-paths.cmake, /home/bit2/0603_project/tang_ws/devel/share/speed_debug_msgs/cmake/speed_debug_msgs-msg-paths.cmake)
Linked: (/home/bit2/0603_project/tang_ws/devel/.private/speed_debug_msgs/share/speed_debug_msgs/cmake/speed_debug_msgsConfig-version.cmake, /home/bit2/0603_project/tang_ws/devel/share/speed_debug_msgs/cmake/speed_debug_msgsConfig-version.cmake)
Linked: (/home/bit2/0603_project/tang_ws/devel/.private/speed_debug_msgs/share/speed_debug_msgs/cmake/speed_debug_msgs-msg-extras.cmake, /home/bit2/0603_project/tang_ws/devel/share/speed_debug_msgs/cmake/speed_debug_msgs-msg-extras.cmake)
Linked: (/home/bit2/0603_project/tang_ws/devel/.private/speed_debug_msgs/share/speed_debug_msgs/cmake/speed_debug_msgsConfig.cmake, /home/bit2/0603_project/tang_ws/devel/share/speed_debug_msgs/cmake/speed_debug_msgsConfig.cmake)
Linked: (/home/bit2/0603_project/tang_ws/devel/.private/speed_debug_msgs/share/roseus/ros/speed_debug_msgs/manifest.l, /home/bit2/0603_project/tang_ws/devel/share/roseus/ros/speed_debug_msgs/manifest.l)
Linked: (/home/bit2/0603_project/tang_ws/devel/.private/speed_debug_msgs/share/roseus/ros/speed_debug_msgs/msg/speed_issue.l, /home/bit2/0603_project/tang_ws/devel/share/roseus/ros/speed_debug_msgs/msg/speed_issue.l)
Linked: (/home/bit2/0603_project/tang_ws/devel/.private/speed_debug_msgs/share/roseus/ros/speed_debug_msgs/msg/speed_time.l, /home/bit2/0603_project/tang_ws/devel/share/roseus/ros/speed_debug_msgs/msg/speed_time.l)
Linked: (/home/bit2/0603_project/tang_ws/devel/.private/speed_debug_msgs/share/roseus/ros/speed_debug_msgs/msg/super_point.l, /home/bit2/0603_project/tang_ws/devel/share/roseus/ros/speed_debug_msgs/msg/super_point.l)
Linked: (/home/bit2/0603_project/tang_ws/devel/.private/speed_debug_msgs/share/roseus/ros/speed_debug_msgs/msg/v.l, /home/bit2/0603_project/tang_ws/devel/share/roseus/ros/speed_debug_msgs/msg/v.l)
Linked: (/home/bit2/0603_project/tang_ws/devel/.private/speed_debug_msgs/share/roseus/ros/speed_debug_msgs/msg/speed_debug.l, /home/bit2/0603_project/tang_ws/devel/share/roseus/ros/speed_debug_msgs/msg/speed_debug.l)
Linked: (/home/bit2/0603_project/tang_ws/devel/.private/speed_debug_msgs/share/roseus/ros/speed_debug_msgs/msg/cur_steer.l, /home/bit2/0603_project/tang_ws/devel/share/roseus/ros/speed_debug_msgs/msg/cur_steer.l)
Linked: (/home/bit2/0603_project/tang_ws/devel/.private/speed_debug_msgs/share/roseus/ros/speed_debug_msgs/msg/curv.l, /home/bit2/0603_project/tang_ws/devel/share/roseus/ros/speed_debug_msgs/msg/curv.l)
