Determining if the pthread_create exist failed with the following output:
Change Dir: /home/bit2/0603_project/tang_ws/build/gps_utils/CMakeFiles/CMakeTmp

Run Build Command:"/usr/bin/make" "cmTC_c9f2f/fast"
/usr/bin/make -f CMakeFiles/cmTC_c9f2f.dir/build.make CMakeFiles/cmTC_c9f2f.dir/build
make[1]: Entering directory '/home/bit2/0603_project/tang_ws/build/gps_utils/CMakeFiles/CMakeTmp'
Building C object CMakeFiles/cmTC_c9f2f.dir/CheckSymbolExists.c.o
/usr/bin/cc     -o CMakeFiles/cmTC_c9f2f.dir/CheckSymbolExists.c.o   -c /home/bit2/0603_project/tang_ws/build/gps_utils/CMakeFiles/CMakeTmp/CheckSymbolExists.c
Linking C executable cmTC_c9f2f
/usr/bin/cmake -E cmake_link_script CMakeFiles/cmTC_c9f2f.dir/link.txt --verbose=1
/usr/bin/cc       CMakeFiles/cmTC_c9f2f.dir/CheckSymbolExists.c.o  -o cmTC_c9f2f -rdynamic 
CMakeFiles/cmTC_c9f2f.dir/CheckSymbolExists.c.o：在函数‘main’中：
CheckSymbolExists.c:(.text+0x16)：对‘pthread_create’未定义的引用
collect2: error: ld returned 1 exit status
CMakeFiles/cmTC_c9f2f.dir/build.make:97: recipe for target 'cmTC_c9f2f' failed
make[1]: *** [cmTC_c9f2f] Error 1
make[1]: Leaving directory '/home/bit2/0603_project/tang_ws/build/gps_utils/CMakeFiles/CMakeTmp'
Makefile:126: recipe for target 'cmTC_c9f2f/fast' failed
make: *** [cmTC_c9f2f/fast] Error 2

File /home/bit2/0603_project/tang_ws/build/gps_utils/CMakeFiles/CMakeTmp/CheckSymbolExists.c:
/* */
#include <pthread.h>

int main(int argc, char** argv)
{
  (void)argv;
#ifndef pthread_create
  return ((int*)(&pthread_create))[argc];
#else
  (void)argc;
  return 0;
#endif
}

Determining if the function pthread_create exists in the pthreads failed with the following output:
Change Dir: /home/bit2/0603_project/tang_ws/build/gps_utils/CMakeFiles/CMakeTmp

Run Build Command:"/usr/bin/make" "cmTC_1fbda/fast"
/usr/bin/make -f CMakeFiles/cmTC_1fbda.dir/build.make CMakeFiles/cmTC_1fbda.dir/build
make[1]: Entering directory '/home/bit2/0603_project/tang_ws/build/gps_utils/CMakeFiles/CMakeTmp'
Building C object CMakeFiles/cmTC_1fbda.dir/CheckFunctionExists.c.o
/usr/bin/cc    -DCHECK_FUNCTION_EXISTS=pthread_create   -o CMakeFiles/cmTC_1fbda.dir/CheckFunctionExists.c.o   -c /usr/share/cmake-3.5/Modules/CheckFunctionExists.c
Linking C executable cmTC_1fbda
/usr/bin/cmake -E cmake_link_script CMakeFiles/cmTC_1fbda.dir/link.txt --verbose=1
/usr/bin/cc   -DCHECK_FUNCTION_EXISTS=pthread_create    CMakeFiles/cmTC_1fbda.dir/CheckFunctionExists.c.o  -o cmTC_1fbda -rdynamic -lpthreads 
/usr/bin/ld: 找不到 -lpthreads
collect2: error: ld returned 1 exit status
CMakeFiles/cmTC_1fbda.dir/build.make:97: recipe for target 'cmTC_1fbda' failed
make[1]: *** [cmTC_1fbda] Error 1
make[1]: Leaving directory '/home/bit2/0603_project/tang_ws/build/gps_utils/CMakeFiles/CMakeTmp'
Makefile:126: recipe for target 'cmTC_1fbda/fast' failed
make: *** [cmTC_1fbda/fast] Error 2


