Determining if the pthread_create exist failed with the following output:
Change Dir: /home/bit2/0603_project/tang_ws/build/waypoint_manager/CMakeFiles/CMakeTmp

Run Build Command:"/usr/bin/make" "cmTC_8ed9b/fast"
/usr/bin/make -f CMakeFiles/cmTC_8ed9b.dir/build.make CMakeFiles/cmTC_8ed9b.dir/build
make[1]: Entering directory '/home/bit2/0603_project/tang_ws/build/waypoint_manager/CMakeFiles/CMakeTmp'
Building C object CMakeFiles/cmTC_8ed9b.dir/CheckSymbolExists.c.o
/usr/bin/cc     -o CMakeFiles/cmTC_8ed9b.dir/CheckSymbolExists.c.o   -c /home/bit2/0603_project/tang_ws/build/waypoint_manager/CMakeFiles/CMakeTmp/CheckSymbolExists.c
Linking C executable cmTC_8ed9b
/usr/bin/cmake -E cmake_link_script CMakeFiles/cmTC_8ed9b.dir/link.txt --verbose=1
/usr/bin/cc       CMakeFiles/cmTC_8ed9b.dir/CheckSymbolExists.c.o  -o cmTC_8ed9b -rdynamic 
CMakeFiles/cmTC_8ed9b.dir/CheckSymbolExists.c.o：在函数‘main’中：
CheckSymbolExists.c:(.text+0x16)：对‘pthread_create’未定义的引用
collect2: error: ld returned 1 exit status
CMakeFiles/cmTC_8ed9b.dir/build.make:97: recipe for target 'cmTC_8ed9b' failed
make[1]: *** [cmTC_8ed9b] Error 1
make[1]: Leaving directory '/home/bit2/0603_project/tang_ws/build/waypoint_manager/CMakeFiles/CMakeTmp'
Makefile:126: recipe for target 'cmTC_8ed9b/fast' failed
make: *** [cmTC_8ed9b/fast] Error 2

File /home/bit2/0603_project/tang_ws/build/waypoint_manager/CMakeFiles/CMakeTmp/CheckSymbolExists.c:
/* */
#include <pthread.h>

int main(int argc, char** argv)
{
  (void)argv;
#ifndef pthread_create
  return ((int*)(&pthread_create))[argc];
#else
  (void)argc;
  return 0;
#endif
}

Determining if the function pthread_create exists in the pthreads failed with the following output:
Change Dir: /home/bit2/0603_project/tang_ws/build/waypoint_manager/CMakeFiles/CMakeTmp

Run Build Command:"/usr/bin/make" "cmTC_99f7c/fast"
/usr/bin/make -f CMakeFiles/cmTC_99f7c.dir/build.make CMakeFiles/cmTC_99f7c.dir/build
make[1]: Entering directory '/home/bit2/0603_project/tang_ws/build/waypoint_manager/CMakeFiles/CMakeTmp'
Building C object CMakeFiles/cmTC_99f7c.dir/CheckFunctionExists.c.o
/usr/bin/cc    -DCHECK_FUNCTION_EXISTS=pthread_create   -o CMakeFiles/cmTC_99f7c.dir/CheckFunctionExists.c.o   -c /usr/share/cmake-3.5/Modules/CheckFunctionExists.c
Linking C executable cmTC_99f7c
/usr/bin/cmake -E cmake_link_script CMakeFiles/cmTC_99f7c.dir/link.txt --verbose=1
/usr/bin/cc   -DCHECK_FUNCTION_EXISTS=pthread_create    CMakeFiles/cmTC_99f7c.dir/CheckFunctionExists.c.o  -o cmTC_99f7c -rdynamic -lpthreads 
/usr/bin/ld: 找不到 -lpthreads
collect2: error: ld returned 1 exit status
CMakeFiles/cmTC_99f7c.dir/build.make:97: recipe for target 'cmTC_99f7c' failed
make[1]: *** [cmTC_99f7c] Error 1
make[1]: Leaving directory '/home/bit2/0603_project/tang_ws/build/waypoint_manager/CMakeFiles/CMakeTmp'
Makefile:126: recipe for target 'cmTC_99f7c/fast' failed
make: *** [cmTC_99f7c/fast] Error 2


