Determining if the pthread_create exist failed with the following output:
Change Dir: /home/bit2/0603_project/tang_ws/build/car_model/CMakeFiles/CMakeTmp

Run Build Command:"/usr/bin/make" "cmTC_9de8f/fast"
/usr/bin/make -f CMakeFiles/cmTC_9de8f.dir/build.make CMakeFiles/cmTC_9de8f.dir/build
make[1]: Entering directory '/home/bit2/0603_project/tang_ws/build/car_model/CMakeFiles/CMakeTmp'
Building C object CMakeFiles/cmTC_9de8f.dir/CheckSymbolExists.c.o
/usr/bin/cc     -o CMakeFiles/cmTC_9de8f.dir/CheckSymbolExists.c.o   -c /home/bit2/0603_project/tang_ws/build/car_model/CMakeFiles/CMakeTmp/CheckSymbolExists.c
Linking C executable cmTC_9de8f
/usr/bin/cmake -E cmake_link_script CMakeFiles/cmTC_9de8f.dir/link.txt --verbose=1
/usr/bin/cc       CMakeFiles/cmTC_9de8f.dir/CheckSymbolExists.c.o  -o cmTC_9de8f -rdynamic 
CMakeFiles/cmTC_9de8f.dir/CheckSymbolExists.c.o：在函数‘main’中：
CheckSymbolExists.c:(.text+0x16)：对‘pthread_create’未定义的引用
collect2: error: ld returned 1 exit status
CMakeFiles/cmTC_9de8f.dir/build.make:97: recipe for target 'cmTC_9de8f' failed
make[1]: *** [cmTC_9de8f] Error 1
make[1]: Leaving directory '/home/bit2/0603_project/tang_ws/build/car_model/CMakeFiles/CMakeTmp'
Makefile:126: recipe for target 'cmTC_9de8f/fast' failed
make: *** [cmTC_9de8f/fast] Error 2

File /home/bit2/0603_project/tang_ws/build/car_model/CMakeFiles/CMakeTmp/CheckSymbolExists.c:
/* */
#include <pthread.h>

int main(int argc, char** argv)
{
  (void)argv;
#ifndef pthread_create
  return ((int*)(&pthread_create))[argc];
#else
  (void)argc;
  return 0;
#endif
}

Determining if the function pthread_create exists in the pthreads failed with the following output:
Change Dir: /home/bit2/0603_project/tang_ws/build/car_model/CMakeFiles/CMakeTmp

Run Build Command:"/usr/bin/make" "cmTC_71867/fast"
/usr/bin/make -f CMakeFiles/cmTC_71867.dir/build.make CMakeFiles/cmTC_71867.dir/build
make[1]: Entering directory '/home/bit2/0603_project/tang_ws/build/car_model/CMakeFiles/CMakeTmp'
Building C object CMakeFiles/cmTC_71867.dir/CheckFunctionExists.c.o
/usr/bin/cc    -DCHECK_FUNCTION_EXISTS=pthread_create   -o CMakeFiles/cmTC_71867.dir/CheckFunctionExists.c.o   -c /usr/share/cmake-3.5/Modules/CheckFunctionExists.c
Linking C executable cmTC_71867
/usr/bin/cmake -E cmake_link_script CMakeFiles/cmTC_71867.dir/link.txt --verbose=1
/usr/bin/cc   -DCHECK_FUNCTION_EXISTS=pthread_create    CMakeFiles/cmTC_71867.dir/CheckFunctionExists.c.o  -o cmTC_71867 -rdynamic -lpthreads 
/usr/bin/ld: 找不到 -lpthreads
collect2: error: ld returned 1 exit status
CMakeFiles/cmTC_71867.dir/build.make:97: recipe for target 'cmTC_71867' failed
make[1]: *** [cmTC_71867] Error 1
make[1]: Leaving directory '/home/bit2/0603_project/tang_ws/build/car_model/CMakeFiles/CMakeTmp'
Makefile:126: recipe for target 'cmTC_71867/fast' failed
make: *** [cmTC_71867/fast] Error 2


