[  0%] Built target nav_msgs_generate_messages_cpp
[  0%] Built target geometry_msgs_generate_messages_cpp
[  0%] Built target _iv_slam_ros_msgs_generate_messages_check_deps_SubmapList
[  0%] Built target sensor_msgs_generate_messages_cpp
[  0%] Built target _iv_slam_ros_msgs_generate_messages_check_deps_OptimizationImu
[  0%] Built target _iv_slam_ros_msgs_generate_messages_check_deps_FinishTrajectory
[  0%] Built target _iv_slam_ros_msgs_generate_messages_check_deps_insertion_submaps
[  0%] Built target _iv_slam_ros_msgs_generate_messages_check_deps_TraversableArea
[  0%] Built target _iv_slam_ros_msgs_generate_messages_check_deps_StartTrajectory
[  0%] Built target _iv_slam_ros_msgs_generate_messages_check_deps_TrajectoryOptions
[  0%] Built target _iv_slam_ros_msgs_generate_messages_check_deps_SubmapEntry
[  0%] Built target _iv_slam_ros_msgs_generate_messages_check_deps_WriteState
[  0%] Built target _iv_slam_ros_msgs_generate_messages_check_deps_SubmapIndex
[  0%] Built target _iv_slam_ros_msgs_generate_messages_check_deps_SensorTopics
[  0%] Built target sensor_msgs_generate_messages_py
[  0%] Built target _iv_slam_ros_msgs_generate_messages_check_deps_OptimizationInsertResult
[  0%] Built target _iv_slam_ros_msgs_generate_messages_check_deps_SubmapQuery
[  0%] Built target geometry_msgs_generate_messages_py
[  0%] Built target nav_msgs_generate_messages_py
[  0%] Built target geometry_msgs_generate_messages_lisp
[  0%] Built target sensor_msgs_generate_messages_lisp
[  0%] Built target nav_msgs_generate_messages_lisp
[  0%] Built target nav_msgs_generate_messages_eus
[  0%] Built target geometry_msgs_generate_messages_eus
[  0%] Built target sensor_msgs_generate_messages_eus
[  0%] Built target sensor_msgs_generate_messages_nodejs
[  0%] Built target geometry_msgs_generate_messages_nodejs
[  0%] Built target nav_msgs_generate_messages_nodejs
[ 19%] Built target iv_slam_ros_msgs_generate_messages_cpp
[ 41%] Built target iv_slam_ros_msgs_generate_messages_py
[ 60%] Built target iv_slam_ros_msgs_generate_messages_lisp
[ 80%] Built target iv_slam_ros_msgs_generate_messages_eus
[100%] Built target iv_slam_ros_msgs_generate_messages_nodejs
[100%] Built target iv_slam_ros_msgs_generate_messages
