Symlinking /home/bit2/0603_project/tang_ws/devel/lib/pkgconfig/movobsplan_msgs.pc
Symlinking /home/bit2/0603_project/tang_ws/devel/lib/python2.7/dist-packages/movobsplan_msgs/__init__.py
Symlinking /home/bit2/0603_project/tang_ws/devel/lib/python2.7/dist-packages/movobsplan_msgs/msg/_Movobspoint.py
Symlinking /home/bit2/0603_project/tang_ws/devel/lib/python2.7/dist-packages/movobsplan_msgs/msg/_Movobspoints.py
Symlinking /home/bit2/0603_project/tang_ws/devel/lib/python2.7/dist-packages/movobsplan_msgs/msg/_Movobspeed.py
Symlinking /home/bit2/0603_project/tang_ws/devel/lib/python2.7/dist-packages/movobsplan_msgs/msg/__init__.py
Symlinking /home/bit2/0603_project/tang_ws/devel/lib/python2.7/dist-packages/movobsplan_msgs/msg/_Movobspath.py
Symlinking /home/bit2/0603_project/tang_ws/devel/include/movobsplan_msgs/Movobspoint.h
Symlinking /home/bit2/0603_project/tang_ws/devel/include/movobsplan_msgs/Movobspeed.h
Symlinking /home/bit2/0603_project/tang_ws/devel/include/movobsplan_msgs/Movobspath.h
Symlinking /home/bit2/0603_project/tang_ws/devel/include/movobsplan_msgs/Movobspoints.h
Symlinking /home/bit2/0603_project/tang_ws/devel/share/common-lisp/ros/movobsplan_msgs/msg/Movobspath.lisp
Symlinking /home/bit2/0603_project/tang_ws/devel/share/common-lisp/ros/movobsplan_msgs/msg/_package_Movobspoints.lisp
Symlinking /home/bit2/0603_project/tang_ws/devel/share/common-lisp/ros/movobsplan_msgs/msg/_package_Movobspeed.lisp
Symlinking /home/bit2/0603_project/tang_ws/devel/share/common-lisp/ros/movobsplan_msgs/msg/_package.lisp
Symlinking /home/bit2/0603_project/tang_ws/devel/share/common-lisp/ros/movobsplan_msgs/msg/movobsplan_msgs-msg.asd
Symlinking /home/bit2/0603_project/tang_ws/devel/share/common-lisp/ros/movobsplan_msgs/msg/Movobspoints.lisp
Symlinking /home/bit2/0603_project/tang_ws/devel/share/common-lisp/ros/movobsplan_msgs/msg/_package_Movobspoint.lisp
Symlinking /home/bit2/0603_project/tang_ws/devel/share/common-lisp/ros/movobsplan_msgs/msg/Movobspeed.lisp
Symlinking /home/bit2/0603_project/tang_ws/devel/share/common-lisp/ros/movobsplan_msgs/msg/Movobspoint.lisp
Symlinking /home/bit2/0603_project/tang_ws/devel/share/common-lisp/ros/movobsplan_msgs/msg/_package_Movobspath.lisp
Symlinking /home/bit2/0603_project/tang_ws/devel/share/movobsplan_msgs/cmake/movobsplan_msgsConfig.cmake
Symlinking /home/bit2/0603_project/tang_ws/devel/share/movobsplan_msgs/cmake/movobsplan_msgs-msg-extras.cmake
Symlinking /home/bit2/0603_project/tang_ws/devel/share/movobsplan_msgs/cmake/movobsplan_msgsConfig-version.cmake
Symlinking /home/bit2/0603_project/tang_ws/devel/share/movobsplan_msgs/cmake/movobsplan_msgs-msg-paths.cmake
Symlinking /home/bit2/0603_project/tang_ws/devel/share/gennodejs/ros/movobsplan_msgs/_index.js
Symlinking /home/bit2/0603_project/tang_ws/devel/share/gennodejs/ros/movobsplan_msgs/msg/Movobspeed.js
Symlinking /home/bit2/0603_project/tang_ws/devel/share/gennodejs/ros/movobsplan_msgs/msg/_index.js
Symlinking /home/bit2/0603_project/tang_ws/devel/share/gennodejs/ros/movobsplan_msgs/msg/Movobspoints.js
Symlinking /home/bit2/0603_project/tang_ws/devel/share/gennodejs/ros/movobsplan_msgs/msg/Movobspath.js
Symlinking /home/bit2/0603_project/tang_ws/devel/share/gennodejs/ros/movobsplan_msgs/msg/Movobspoint.js
Symlinking /home/bit2/0603_project/tang_ws/devel/share/roseus/ros/movobsplan_msgs/manifest.l
Symlinking /home/bit2/0603_project/tang_ws/devel/share/roseus/ros/movobsplan_msgs/msg/Movobspath.l
Symlinking /home/bit2/0603_project/tang_ws/devel/share/roseus/ros/movobsplan_msgs/msg/Movobspeed.l
Symlinking /home/bit2/0603_project/tang_ws/devel/share/roseus/ros/movobsplan_msgs/msg/Movobspoint.l
Symlinking /home/bit2/0603_project/tang_ws/devel/share/roseus/ros/movobsplan_msgs/msg/Movobspoints.l
