[  0%] Built target std_msgs_generate_messages_lisp
[  0%] Built target geometry_msgs_generate_messages_lisp
[  0%] Built target _movobsplan_msgs_generate_messages_check_deps_Movobspeed
[  0%] Built target _movobsplan_msgs_generate_messages_check_deps_Movobspoints
[  0%] Built target _movobsplan_msgs_generate_messages_check_deps_Movobspath
[  0%] Built target geometry_msgs_generate_messages_cpp
[  0%] Built target _movobsplan_msgs_generate_messages_check_deps_Movobspoint
[  0%] Built target std_msgs_generate_messages_eus
[  0%] Built target std_msgs_generate_messages_cpp
[  0%] Built target geometry_msgs_generate_messages_eus
[  0%] Built target geometry_msgs_generate_messages_nodejs
[  0%] Built target std_msgs_generate_messages_nodejs
[  0%] Built target std_msgs_generate_messages_py
[  0%] Built target geometry_msgs_generate_messages_py
[ 18%] Built target movobsplan_msgs_generate_messages_lisp
[ 36%] Built target movobsplan_msgs_generate_messages_cpp
[ 59%] Built target movobsplan_msgs_generate_messages_eus
[ 77%] Built target movobsplan_msgs_generate_messages_nodejs
[100%] Built target movobsplan_msgs_generate_messages_py
[100%] Built target movobsplan_msgs_generate_messages
