Linked: (/home/bit2/0603_project/tang_ws/devel/.private/movobsplan_msgs/lib/pkgconfig/movobsplan_msgs.pc, /home/bit2/0603_project/tang_ws/devel/lib/pkgconfig/movobsplan_msgs.pc)
Linked: (/home/bit2/0603_project/tang_ws/devel/.private/movobsplan_msgs/lib/python2.7/dist-packages/movobsplan_msgs/__init__.py, /home/bit2/0603_project/tang_ws/devel/lib/python2.7/dist-packages/movobsplan_msgs/__init__.py)
Linked: (/home/bit2/0603_project/tang_ws/devel/.private/movobsplan_msgs/lib/python2.7/dist-packages/movobsplan_msgs/msg/_Movobspoint.py, /home/bit2/0603_project/tang_ws/devel/lib/python2.7/dist-packages/movobsplan_msgs/msg/_Movobspoint.py)
Linked: (/home/bit2/0603_project/tang_ws/devel/.private/movobsplan_msgs/lib/python2.7/dist-packages/movobsplan_msgs/msg/_Movobspoints.py, /home/bit2/0603_project/tang_ws/devel/lib/python2.7/dist-packages/movobsplan_msgs/msg/_Movobspoints.py)
Linked: (/home/bit2/0603_project/tang_ws/devel/.private/movobsplan_msgs/lib/python2.7/dist-packages/movobsplan_msgs/msg/_Movobspeed.py, /home/bit2/0603_project/tang_ws/devel/lib/python2.7/dist-packages/movobsplan_msgs/msg/_Movobspeed.py)
Linked: (/home/bit2/0603_project/tang_ws/devel/.private/movobsplan_msgs/lib/python2.7/dist-packages/movobsplan_msgs/msg/__init__.py, /home/bit2/0603_project/tang_ws/devel/lib/python2.7/dist-packages/movobsplan_msgs/msg/__init__.py)
Linked: (/home/bit2/0603_project/tang_ws/devel/.private/movobsplan_msgs/lib/python2.7/dist-packages/movobsplan_msgs/msg/_Movobspath.py, /home/bit2/0603_project/tang_ws/devel/lib/python2.7/dist-packages/movobsplan_msgs/msg/_Movobspath.py)
Linked: (/home/bit2/0603_project/tang_ws/devel/.private/movobsplan_msgs/include/movobsplan_msgs/Movobspoint.h, /home/bit2/0603_project/tang_ws/devel/include/movobsplan_msgs/Movobspoint.h)
Linked: (/home/bit2/0603_project/tang_ws/devel/.private/movobsplan_msgs/include/movobsplan_msgs/Movobspeed.h, /home/bit2/0603_project/tang_ws/devel/include/movobsplan_msgs/Movobspeed.h)
Linked: (/home/bit2/0603_project/tang_ws/devel/.private/movobsplan_msgs/include/movobsplan_msgs/Movobspath.h, /home/bit2/0603_project/tang_ws/devel/include/movobsplan_msgs/Movobspath.h)
Linked: (/home/bit2/0603_project/tang_ws/devel/.private/movobsplan_msgs/include/movobsplan_msgs/Movobspoints.h, /home/bit2/0603_project/tang_ws/devel/include/movobsplan_msgs/Movobspoints.h)
Linked: (/home/bit2/0603_project/tang_ws/devel/.private/movobsplan_msgs/share/common-lisp/ros/movobsplan_msgs/msg/Movobspath.lisp, /home/bit2/0603_project/tang_ws/devel/share/common-lisp/ros/movobsplan_msgs/msg/Movobspath.lisp)
Linked: (/home/bit2/0603_project/tang_ws/devel/.private/movobsplan_msgs/share/common-lisp/ros/movobsplan_msgs/msg/_package_Movobspoints.lisp, /home/bit2/0603_project/tang_ws/devel/share/common-lisp/ros/movobsplan_msgs/msg/_package_Movobspoints.lisp)
Linked: (/home/bit2/0603_project/tang_ws/devel/.private/movobsplan_msgs/share/common-lisp/ros/movobsplan_msgs/msg/_package_Movobspeed.lisp, /home/bit2/0603_project/tang_ws/devel/share/common-lisp/ros/movobsplan_msgs/msg/_package_Movobspeed.lisp)
Linked: (/home/bit2/0603_project/tang_ws/devel/.private/movobsplan_msgs/share/common-lisp/ros/movobsplan_msgs/msg/_package.lisp, /home/bit2/0603_project/tang_ws/devel/share/common-lisp/ros/movobsplan_msgs/msg/_package.lisp)
Linked: (/home/bit2/0603_project/tang_ws/devel/.private/movobsplan_msgs/share/common-lisp/ros/movobsplan_msgs/msg/movobsplan_msgs-msg.asd, /home/bit2/0603_project/tang_ws/devel/share/common-lisp/ros/movobsplan_msgs/msg/movobsplan_msgs-msg.asd)
Linked: (/home/bit2/0603_project/tang_ws/devel/.private/movobsplan_msgs/share/common-lisp/ros/movobsplan_msgs/msg/Movobspoints.lisp, /home/bit2/0603_project/tang_ws/devel/share/common-lisp/ros/movobsplan_msgs/msg/Movobspoints.lisp)
Linked: (/home/bit2/0603_project/tang_ws/devel/.private/movobsplan_msgs/share/common-lisp/ros/movobsplan_msgs/msg/_package_Movobspoint.lisp, /home/bit2/0603_project/tang_ws/devel/share/common-lisp/ros/movobsplan_msgs/msg/_package_Movobspoint.lisp)
Linked: (/home/bit2/0603_project/tang_ws/devel/.private/movobsplan_msgs/share/common-lisp/ros/movobsplan_msgs/msg/Movobspeed.lisp, /home/bit2/0603_project/tang_ws/devel/share/common-lisp/ros/movobsplan_msgs/msg/Movobspeed.lisp)
Linked: (/home/bit2/0603_project/tang_ws/devel/.private/movobsplan_msgs/share/common-lisp/ros/movobsplan_msgs/msg/Movobspoint.lisp, /home/bit2/0603_project/tang_ws/devel/share/common-lisp/ros/movobsplan_msgs/msg/Movobspoint.lisp)
Linked: (/home/bit2/0603_project/tang_ws/devel/.private/movobsplan_msgs/share/common-lisp/ros/movobsplan_msgs/msg/_package_Movobspath.lisp, /home/bit2/0603_project/tang_ws/devel/share/common-lisp/ros/movobsplan_msgs/msg/_package_Movobspath.lisp)
Linked: (/home/bit2/0603_project/tang_ws/devel/.private/movobsplan_msgs/share/movobsplan_msgs/cmake/movobsplan_msgsConfig.cmake, /home/bit2/0603_project/tang_ws/devel/share/movobsplan_msgs/cmake/movobsplan_msgsConfig.cmake)
Linked: (/home/bit2/0603_project/tang_ws/devel/.private/movobsplan_msgs/share/movobsplan_msgs/cmake/movobsplan_msgs-msg-extras.cmake, /home/bit2/0603_project/tang_ws/devel/share/movobsplan_msgs/cmake/movobsplan_msgs-msg-extras.cmake)
Linked: (/home/bit2/0603_project/tang_ws/devel/.private/movobsplan_msgs/share/movobsplan_msgs/cmake/movobsplan_msgsConfig-version.cmake, /home/bit2/0603_project/tang_ws/devel/share/movobsplan_msgs/cmake/movobsplan_msgsConfig-version.cmake)
Linked: (/home/bit2/0603_project/tang_ws/devel/.private/movobsplan_msgs/share/movobsplan_msgs/cmake/movobsplan_msgs-msg-paths.cmake, /home/bit2/0603_project/tang_ws/devel/share/movobsplan_msgs/cmake/movobsplan_msgs-msg-paths.cmake)
Linked: (/home/bit2/0603_project/tang_ws/devel/.private/movobsplan_msgs/share/gennodejs/ros/movobsplan_msgs/_index.js, /home/bit2/0603_project/tang_ws/devel/share/gennodejs/ros/movobsplan_msgs/_index.js)
Linked: (/home/bit2/0603_project/tang_ws/devel/.private/movobsplan_msgs/share/gennodejs/ros/movobsplan_msgs/msg/Movobspeed.js, /home/bit2/0603_project/tang_ws/devel/share/gennodejs/ros/movobsplan_msgs/msg/Movobspeed.js)
Linked: (/home/bit2/0603_project/tang_ws/devel/.private/movobsplan_msgs/share/gennodejs/ros/movobsplan_msgs/msg/_index.js, /home/bit2/0603_project/tang_ws/devel/share/gennodejs/ros/movobsplan_msgs/msg/_index.js)
Linked: (/home/bit2/0603_project/tang_ws/devel/.private/movobsplan_msgs/share/gennodejs/ros/movobsplan_msgs/msg/Movobspoints.js, /home/bit2/0603_project/tang_ws/devel/share/gennodejs/ros/movobsplan_msgs/msg/Movobspoints.js)
Linked: (/home/bit2/0603_project/tang_ws/devel/.private/movobsplan_msgs/share/gennodejs/ros/movobsplan_msgs/msg/Movobspath.js, /home/bit2/0603_project/tang_ws/devel/share/gennodejs/ros/movobsplan_msgs/msg/Movobspath.js)
Linked: (/home/bit2/0603_project/tang_ws/devel/.private/movobsplan_msgs/share/gennodejs/ros/movobsplan_msgs/msg/Movobspoint.js, /home/bit2/0603_project/tang_ws/devel/share/gennodejs/ros/movobsplan_msgs/msg/Movobspoint.js)
Linked: (/home/bit2/0603_project/tang_ws/devel/.private/movobsplan_msgs/share/roseus/ros/movobsplan_msgs/manifest.l, /home/bit2/0603_project/tang_ws/devel/share/roseus/ros/movobsplan_msgs/manifest.l)
Linked: (/home/bit2/0603_project/tang_ws/devel/.private/movobsplan_msgs/share/roseus/ros/movobsplan_msgs/msg/Movobspath.l, /home/bit2/0603_project/tang_ws/devel/share/roseus/ros/movobsplan_msgs/msg/Movobspath.l)
Linked: (/home/bit2/0603_project/tang_ws/devel/.private/movobsplan_msgs/share/roseus/ros/movobsplan_msgs/msg/Movobspeed.l, /home/bit2/0603_project/tang_ws/devel/share/roseus/ros/movobsplan_msgs/msg/Movobspeed.l)
Linked: (/home/bit2/0603_project/tang_ws/devel/.private/movobsplan_msgs/share/roseus/ros/movobsplan_msgs/msg/Movobspoint.l, /home/bit2/0603_project/tang_ws/devel/share/roseus/ros/movobsplan_msgs/msg/Movobspoint.l)
Linked: (/home/bit2/0603_project/tang_ws/devel/.private/movobsplan_msgs/share/roseus/ros/movobsplan_msgs/msg/Movobspoints.l, /home/bit2/0603_project/tang_ws/devel/share/roseus/ros/movobsplan_msgs/msg/Movobspoints.l)
