[35m[1mScanning dependencies of target std_msgs_generate_messages_lisp[0m
[  0%] Built target std_msgs_generate_messages_lisp
[35m[1mScanning dependencies of target geometry_msgs_generate_messages_lisp[0m
[35m[1mScanning dependencies of target _movobsplan_msgs_generate_messages_check_deps_Movobspeed[0m
[  0%] Built target geometry_msgs_generate_messages_lisp
[  0%] Built target _movobsplan_msgs_generate_messages_check_deps_Movobspeed
[35m[1mScanning dependencies of target _movobsplan_msgs_generate_messages_check_deps_Movobspoints[0m
[  0%] Built target _movobsplan_msgs_generate_messages_check_deps_Movobspoints
[35m[1mScanning dependencies of target _movobsplan_msgs_generate_messages_check_deps_Movobspath[0m
[  0%] Built target _movobsplan_msgs_generate_messages_check_deps_Movobspath
[35m[1mScanning dependencies of target _movobsplan_msgs_generate_messages_check_deps_Movobspoint[0m
[35m[1mScanning dependencies of target geometry_msgs_generate_messages_cpp[0m
[  0%] Built target geometry_msgs_generate_messages_cpp
[  0%] Built target _movobsplan_msgs_generate_messages_check_deps_Movobspoint
[35m[1mScanning dependencies of target std_msgs_generate_messages_cpp[0m
[  0%] Built target std_msgs_generate_messages_cpp
[35m[1mScanning dependencies of target std_msgs_generate_messages_eus[0m
[  0%] Built target std_msgs_generate_messages_eus
[35m[1mScanning dependencies of target geometry_msgs_generate_messages_eus[0m
[  0%] Built target geometry_msgs_generate_messages_eus
[35m[1mScanning dependencies of target geometry_msgs_generate_messages_nodejs[0m
[35m[1mScanning dependencies of target std_msgs_generate_messages_nodejs[0m
[35m[1mScanning dependencies of target std_msgs_generate_messages_py[0m
[35m[1mScanning dependencies of target geometry_msgs_generate_messages_py[0m
[  0%] Built target std_msgs_generate_messages_nodejs
[  0%] Built target geometry_msgs_generate_messages_nodejs
[  0%] Built target std_msgs_generate_messages_py
[  0%] Built target geometry_msgs_generate_messages_py
[35m[1mScanning dependencies of target movobsplan_msgs_generate_messages_cpp[0m
[35m[1mScanning dependencies of target movobsplan_msgs_generate_messages_lisp[0m
[35m[1mScanning dependencies of target movobsplan_msgs_generate_messages_eus[0m
[35m[1mScanning dependencies of target movobsplan_msgs_generate_messages_nodejs[0m
[35m[1mScanning dependencies of target movobsplan_msgs_generate_messages_py[0m
[  4%] [34m[1mGenerating C++ code from movobsplan_msgs/Movobspeed.msg[0m
[  9%] [34m[1mGenerating Lisp code from movobsplan_msgs/Movobspeed.msg[0m
[ 13%] [34m[1mGenerating C++ code from movobsplan_msgs/Movobspoints.msg[0m
[ 18%] [34m[1mGenerating EusLisp code from movobsplan_msgs/Movobspeed.msg[0m
[ 22%] [34m[1mGenerating Javascript code from movobsplan_msgs/Movobspeed.msg[0m
[ 27%] [34m[1mGenerating Python from MSG movobsplan_msgs/Movobspeed[0m
[ 31%] [34m[1mGenerating Lisp code from movobsplan_msgs/Movobspoints.msg[0m
[ 36%] [34m[1mGenerating Python from MSG movobsplan_msgs/Movobspoints[0m
[ 40%] [34m[1mGenerating Javascript code from movobsplan_msgs/Movobspoints.msg[0m
[ 45%] [34m[1mGenerating EusLisp code from movobsplan_msgs/Movobspoints.msg[0m
[ 50%] [34m[1mGenerating Javascript code from movobsplan_msgs/Movobspoint.msg[0m
[ 54%] [34m[1mGenerating Lisp code from movobsplan_msgs/Movobspoint.msg[0m
[ 59%] [34m[1mGenerating Javascript code from movobsplan_msgs/Movobspath.msg[0m
[ 63%] [34m[1mGenerating EusLisp code from movobsplan_msgs/Movobspoint.msg[0m
[ 68%] [34m[1mGenerating EusLisp code from movobsplan_msgs/Movobspath.msg[0m
[ 72%] [34m[1mGenerating C++ code from movobsplan_msgs/Movobspoint.msg[0m
[ 77%] [34m[1mGenerating Lisp code from movobsplan_msgs/Movobspath.msg[0m
[ 81%] [34m[1mGenerating EusLisp manifest code for movobsplan_msgs[0m
[ 86%] [34m[1mGenerating Python from MSG movobsplan_msgs/Movobspoint[0m
[ 86%] Built target movobsplan_msgs_generate_messages_nodejs
[ 90%] [34m[1mGenerating Python from MSG movobsplan_msgs/Movobspath[0m
[ 95%] [34m[1mGenerating C++ code from movobsplan_msgs/Movobspath.msg[0m
[ 95%] Built target movobsplan_msgs_generate_messages_lisp
[100%] [34m[1mGenerating Python msg __init__.py for movobsplan_msgs[0m
[100%] Built target movobsplan_msgs_generate_messages_cpp
[100%] Built target movobsplan_msgs_generate_messages_py
[100%] Built target movobsplan_msgs_generate_messages_eus
[35m[1mScanning dependencies of target movobsplan_msgs_generate_messages[0m
[100%] Built target movobsplan_msgs_generate_messages
