Symlinking /home/bit2/0603_project/tang_ws/devel/lib/path_tracking/path_tracking_node
Symlinking /home/bit2/0603_project/tang_ws/devel/lib/pkgconfig/path_tracking.pc
Symlinking /home/bit2/0603_project/tang_ws/devel/lib/python2.7/dist-packages/path_tracking/__init__.py
Symlinking /home/bit2/0603_project/tang_ws/devel/lib/python2.7/dist-packages/path_tracking/msg/_ModelParameter.py
Symlinking /home/bit2/0603_project/tang_ws/devel/lib/python2.7/dist-packages/path_tracking/msg/_observer.py
Symlinking /home/bit2/0603_project/tang_ws/devel/lib/python2.7/dist-packages/path_tracking/msg/__init__.py
Symlinking /home/bit2/0603_project/tang_ws/devel/include/path_tracking/ModelParameter.h
Symlinking /home/bit2/0603_project/tang_ws/devel/include/path_tracking/observer.h
Symlinking /home/bit2/0603_project/tang_ws/devel/share/common-lisp/ros/path_tracking/msg/_package_ModelParameter.lisp
Symlinking /home/bit2/0603_project/tang_ws/devel/share/common-lisp/ros/path_tracking/msg/_package.lisp
Symlinking /home/bit2/0603_project/tang_ws/devel/share/common-lisp/ros/path_tracking/msg/ModelParameter.lisp
Symlinking /home/bit2/0603_project/tang_ws/devel/share/common-lisp/ros/path_tracking/msg/observer.lisp
Symlinking /home/bit2/0603_project/tang_ws/devel/share/common-lisp/ros/path_tracking/msg/path_tracking-msg.asd
Symlinking /home/bit2/0603_project/tang_ws/devel/share/common-lisp/ros/path_tracking/msg/_package_observer.lisp
Symlinking /home/bit2/0603_project/tang_ws/devel/share/gennodejs/ros/path_tracking/_index.js
Symlinking /home/bit2/0603_project/tang_ws/devel/share/gennodejs/ros/path_tracking/msg/_index.js
Symlinking /home/bit2/0603_project/tang_ws/devel/share/gennodejs/ros/path_tracking/msg/ModelParameter.js
Symlinking /home/bit2/0603_project/tang_ws/devel/share/gennodejs/ros/path_tracking/msg/observer.js
Symlinking /home/bit2/0603_project/tang_ws/devel/share/path_tracking/cmake/path_trackingConfig-version.cmake
Symlinking /home/bit2/0603_project/tang_ws/devel/share/path_tracking/cmake/path_trackingConfig.cmake
Symlinking /home/bit2/0603_project/tang_ws/devel/share/path_tracking/cmake/path_tracking-msg-paths.cmake
Symlinking /home/bit2/0603_project/tang_ws/devel/share/path_tracking/cmake/path_tracking-msg-extras.cmake
Symlinking /home/bit2/0603_project/tang_ws/devel/share/roseus/ros/path_tracking/manifest.l
Symlinking /home/bit2/0603_project/tang_ws/devel/share/roseus/ros/path_tracking/msg/ModelParameter.l
Symlinking /home/bit2/0603_project/tang_ws/devel/share/roseus/ros/path_tracking/msg/observer.l
