[  0%] Built target std_msgs_generate_messages_lisp
[  0%] Built target anm_msgs_generate_messages_lisp
[  0%] Built target control_msgs_generate_messages_lisp
[  0%] Built target std_msgs_generate_messages_cpp
[  0%] Built target control_msgs_generate_messages_cpp
[  0%] Built target anm_msgs_generate_messages_cpp
[  0%] Built target _path_tracking_generate_messages_check_deps_ModelParameter
[  0%] Built target _path_tracking_generate_messages_check_deps_observer
[  0%] Built target anm_msgs_generate_messages_py
[  0%] Built target std_msgs_generate_messages_py
[  0%] Built target control_msgs_generate_messages_py
[  0%] Built target anm_msgs_generate_messages_nodejs
[  0%] Built target control_msgs_generate_messages_nodejs
[  0%] Built target std_msgs_generate_messages_nodejs
[  0%] Built target anm_msgs_generate_messages_eus
[  0%] Built target std_msgs_generate_messages_eus
[  0%] Built target control_msgs_generate_messages_eus
[  8%] Built target path_tracking_generate_messages_lisp
[ 16%] Built target path_tracking_generate_messages_cpp
[ 28%] Built target path_tracking_generate_messages_py
[ 80%] Built target path_tracking_node
[ 88%] Built target path_tracking_generate_messages_nodejs
[100%] Built target path_tracking_generate_messages_eus
[100%] Built target path_tracking_generate_messages
