Determining if the pthread_create exist failed with the following output:
Change Dir: /home/bit2/0603_project/tang_ws/build/voronoi/CMakeFiles/CMakeTmp

Run Build Command:"/usr/bin/make" "cmTC_98da7/fast"
/usr/bin/make -f CMakeFiles/cmTC_98da7.dir/build.make CMakeFiles/cmTC_98da7.dir/build
make[1]: Entering directory '/home/bit2/0603_project/tang_ws/build/voronoi/CMakeFiles/CMakeTmp'
Building C object CMakeFiles/cmTC_98da7.dir/CheckSymbolExists.c.o
/usr/bin/cc     -o CMakeFiles/cmTC_98da7.dir/CheckSymbolExists.c.o   -c /home/bit2/0603_project/tang_ws/build/voronoi/CMakeFiles/CMakeTmp/CheckSymbolExists.c
Linking C executable cmTC_98da7
/usr/bin/cmake -E cmake_link_script CMakeFiles/cmTC_98da7.dir/link.txt --verbose=1
/usr/bin/cc       CMakeFiles/cmTC_98da7.dir/CheckSymbolExists.c.o  -o cmTC_98da7 -rdynamic 
CMakeFiles/cmTC_98da7.dir/CheckSymbolExists.c.o：在函数‘main’中：
CheckSymbolExists.c:(.text+0x16)：对‘pthread_create’未定义的引用
collect2: error: ld returned 1 exit status
CMakeFiles/cmTC_98da7.dir/build.make:97: recipe for target 'cmTC_98da7' failed
make[1]: *** [cmTC_98da7] Error 1
make[1]: Leaving directory '/home/bit2/0603_project/tang_ws/build/voronoi/CMakeFiles/CMakeTmp'
Makefile:126: recipe for target 'cmTC_98da7/fast' failed
make: *** [cmTC_98da7/fast] Error 2

File /home/bit2/0603_project/tang_ws/build/voronoi/CMakeFiles/CMakeTmp/CheckSymbolExists.c:
/* */
#include <pthread.h>

int main(int argc, char** argv)
{
  (void)argv;
#ifndef pthread_create
  return ((int*)(&pthread_create))[argc];
#else
  (void)argc;
  return 0;
#endif
}

Determining if the function pthread_create exists in the pthreads failed with the following output:
Change Dir: /home/bit2/0603_project/tang_ws/build/voronoi/CMakeFiles/CMakeTmp

Run Build Command:"/usr/bin/make" "cmTC_aba5e/fast"
/usr/bin/make -f CMakeFiles/cmTC_aba5e.dir/build.make CMakeFiles/cmTC_aba5e.dir/build
make[1]: Entering directory '/home/bit2/0603_project/tang_ws/build/voronoi/CMakeFiles/CMakeTmp'
Building C object CMakeFiles/cmTC_aba5e.dir/CheckFunctionExists.c.o
/usr/bin/cc    -DCHECK_FUNCTION_EXISTS=pthread_create   -o CMakeFiles/cmTC_aba5e.dir/CheckFunctionExists.c.o   -c /usr/share/cmake-3.5/Modules/CheckFunctionExists.c
Linking C executable cmTC_aba5e
/usr/bin/cmake -E cmake_link_script CMakeFiles/cmTC_aba5e.dir/link.txt --verbose=1
/usr/bin/cc   -DCHECK_FUNCTION_EXISTS=pthread_create    CMakeFiles/cmTC_aba5e.dir/CheckFunctionExists.c.o  -o cmTC_aba5e -rdynamic -lpthreads 
/usr/bin/ld: 找不到 -lpthreads
collect2: error: ld returned 1 exit status
CMakeFiles/cmTC_aba5e.dir/build.make:97: recipe for target 'cmTC_aba5e' failed
make[1]: *** [cmTC_aba5e] Error 1
make[1]: Leaving directory '/home/bit2/0603_project/tang_ws/build/voronoi/CMakeFiles/CMakeTmp'
Makefile:126: recipe for target 'cmTC_aba5e/fast' failed
make: *** [cmTC_aba5e/fast] Error 2


