Determining if the pthread_create exist failed with the following output:
Change Dir: /home/bit2/0603_project/tang_ws/build/movobsplan_msgs/CMakeFiles/CMakeTmp

Run Build Command:"/usr/bin/make" "cmTC_de5fe/fast"
/usr/bin/make -f CMakeFiles/cmTC_de5fe.dir/build.make CMakeFiles/cmTC_de5fe.dir/build
make[1]: Entering directory '/home/bit2/0603_project/tang_ws/build/movobsplan_msgs/CMakeFiles/CMakeTmp'
Building C object CMakeFiles/cmTC_de5fe.dir/CheckSymbolExists.c.o
/usr/bin/cc     -o CMakeFiles/cmTC_de5fe.dir/CheckSymbolExists.c.o   -c /home/bit2/0603_project/tang_ws/build/movobsplan_msgs/CMakeFiles/CMakeTmp/CheckSymbolExists.c
Linking C executable cmTC_de5fe
/usr/bin/cmake -E cmake_link_script CMakeFiles/cmTC_de5fe.dir/link.txt --verbose=1
/usr/bin/cc       CMakeFiles/cmTC_de5fe.dir/CheckSymbolExists.c.o  -o cmTC_de5fe -rdynamic 
CMakeFiles/cmTC_de5fe.dir/CheckSymbolExists.c.o：在函数‘main’中：
CheckSymbolExists.c:(.text+0x16)：对‘pthread_create’未定义的引用
collect2: error: ld returned 1 exit status
CMakeFiles/cmTC_de5fe.dir/build.make:97: recipe for target 'cmTC_de5fe' failed
make[1]: *** [cmTC_de5fe] Error 1
make[1]: Leaving directory '/home/bit2/0603_project/tang_ws/build/movobsplan_msgs/CMakeFiles/CMakeTmp'
Makefile:126: recipe for target 'cmTC_de5fe/fast' failed
make: *** [cmTC_de5fe/fast] Error 2

File /home/bit2/0603_project/tang_ws/build/movobsplan_msgs/CMakeFiles/CMakeTmp/CheckSymbolExists.c:
/* */
#include <pthread.h>

int main(int argc, char** argv)
{
  (void)argv;
#ifndef pthread_create
  return ((int*)(&pthread_create))[argc];
#else
  (void)argc;
  return 0;
#endif
}

Determining if the function pthread_create exists in the pthreads failed with the following output:
Change Dir: /home/bit2/0603_project/tang_ws/build/movobsplan_msgs/CMakeFiles/CMakeTmp

Run Build Command:"/usr/bin/make" "cmTC_8b9e8/fast"
/usr/bin/make -f CMakeFiles/cmTC_8b9e8.dir/build.make CMakeFiles/cmTC_8b9e8.dir/build
make[1]: Entering directory '/home/bit2/0603_project/tang_ws/build/movobsplan_msgs/CMakeFiles/CMakeTmp'
Building C object CMakeFiles/cmTC_8b9e8.dir/CheckFunctionExists.c.o
/usr/bin/cc    -DCHECK_FUNCTION_EXISTS=pthread_create   -o CMakeFiles/cmTC_8b9e8.dir/CheckFunctionExists.c.o   -c /usr/share/cmake-3.5/Modules/CheckFunctionExists.c
Linking C executable cmTC_8b9e8
/usr/bin/cmake -E cmake_link_script CMakeFiles/cmTC_8b9e8.dir/link.txt --verbose=1
/usr/bin/cc   -DCHECK_FUNCTION_EXISTS=pthread_create    CMakeFiles/cmTC_8b9e8.dir/CheckFunctionExists.c.o  -o cmTC_8b9e8 -rdynamic -lpthreads 
/usr/bin/ld: 找不到 -lpthreads
collect2: error: ld returned 1 exit status
CMakeFiles/cmTC_8b9e8.dir/build.make:97: recipe for target 'cmTC_8b9e8' failed
make[1]: *** [cmTC_8b9e8] Error 1
make[1]: Leaving directory '/home/bit2/0603_project/tang_ws/build/movobsplan_msgs/CMakeFiles/CMakeTmp'
Makefile:126: recipe for target 'cmTC_8b9e8/fast' failed
make: *** [cmTC_8b9e8/fast] Error 2


