Determining if the pthread_create exist failed with the following output:
Change Dir: /home/yao/ivrc/cw_project/ivrc_ws/src/planning/dependent_package/transform_tools/cmake-build-debug/CMakeFiles/CMakeTmp

Run Build Command:"/usr/bin/make" "cmTC_b5a2d/fast"
/usr/bin/make -f CMakeFiles/cmTC_b5a2d.dir/build.make CMakeFiles/cmTC_b5a2d.dir/build
make[1]: Entering directory '/home/yao/ivrc/cw_project/ivrc_ws/src/planning/dependent_package/transform_tools/cmake-build-debug/CMakeFiles/CMakeTmp'
Building C object CMakeFiles/cmTC_b5a2d.dir/CheckSymbolExists.c.o
/usr/bin/cc    -o CMakeFiles/cmTC_b5a2d.dir/CheckSymbolExists.c.o   -c /home/yao/ivrc/cw_project/ivrc_ws/src/planning/dependent_package/transform_tools/cmake-build-debug/CMakeFiles/CMakeTmp/CheckSymbolExists.c
Linking C executable cmTC_b5a2d
/home/yao/software/clion-2017.3.4/bin/cmake/bin/cmake -E cmake_link_script CMakeFiles/cmTC_b5a2d.dir/link.txt --verbose=1
/usr/bin/cc      -rdynamic CMakeFiles/cmTC_b5a2d.dir/CheckSymbolExists.c.o  -o cmTC_b5a2d 
CMakeFiles/cmTC_b5a2d.dir/CheckSymbolExists.c.o：在函数‘main’中：
CheckSymbolExists.c:(.text+0x16)：对‘pthread_create’未定义的引用
collect2: error: ld returned 1 exit status
CMakeFiles/cmTC_b5a2d.dir/build.make:97: recipe for target 'cmTC_b5a2d' failed
make[1]: *** [cmTC_b5a2d] Error 1
make[1]: Leaving directory '/home/yao/ivrc/cw_project/ivrc_ws/src/planning/dependent_package/transform_tools/cmake-build-debug/CMakeFiles/CMakeTmp'
Makefile:126: recipe for target 'cmTC_b5a2d/fast' failed
make: *** [cmTC_b5a2d/fast] Error 2

File /home/yao/ivrc/cw_project/ivrc_ws/src/planning/dependent_package/transform_tools/cmake-build-debug/CMakeFiles/CMakeTmp/CheckSymbolExists.c:
/* */
#include <pthread.h>

int main(int argc, char** argv)
{
  (void)argv;
#ifndef pthread_create
  return ((int*)(&pthread_create))[argc];
#else
  (void)argc;
  return 0;
#endif
}

Determining if the function pthread_create exists in the pthreads failed with the following output:
Change Dir: /home/yao/ivrc/cw_project/ivrc_ws/src/planning/dependent_package/transform_tools/cmake-build-debug/CMakeFiles/CMakeTmp

Run Build Command:"/usr/bin/make" "cmTC_363a2/fast"
/usr/bin/make -f CMakeFiles/cmTC_363a2.dir/build.make CMakeFiles/cmTC_363a2.dir/build
make[1]: Entering directory '/home/yao/ivrc/cw_project/ivrc_ws/src/planning/dependent_package/transform_tools/cmake-build-debug/CMakeFiles/CMakeTmp'
Building C object CMakeFiles/cmTC_363a2.dir/CheckFunctionExists.c.o
/usr/bin/cc   -DCHECK_FUNCTION_EXISTS=pthread_create   -o CMakeFiles/cmTC_363a2.dir/CheckFunctionExists.c.o   -c /home/yao/software/clion-2017.3.4/bin/cmake/share/cmake-3.9/Modules/CheckFunctionExists.c
Linking C executable cmTC_363a2
/home/yao/software/clion-2017.3.4/bin/cmake/bin/cmake -E cmake_link_script CMakeFiles/cmTC_363a2.dir/link.txt --verbose=1
/usr/bin/cc  -DCHECK_FUNCTION_EXISTS=pthread_create    -rdynamic CMakeFiles/cmTC_363a2.dir/CheckFunctionExists.c.o  -o cmTC_363a2 -lpthreads 
/usr/bin/ld: 找不到 -lpthreads
collect2: error: ld returned 1 exit status
CMakeFiles/cmTC_363a2.dir/build.make:97: recipe for target 'cmTC_363a2' failed
make[1]: *** [cmTC_363a2] Error 1
make[1]: Leaving directory '/home/yao/ivrc/cw_project/ivrc_ws/src/planning/dependent_package/transform_tools/cmake-build-debug/CMakeFiles/CMakeTmp'
Makefile:126: recipe for target 'cmTC_363a2/fast' failed
make: *** [cmTC_363a2/fast] Error 2


