Determining if the pthread_create exist failed with the following output:
Change Dir: /home/bit2/0603_project/tang_ws/build/opt_utils/CMakeFiles/CMakeTmp

Run Build Command:"/usr/bin/make" "cmTC_d95d0/fast"
/usr/bin/make -f CMakeFiles/cmTC_d95d0.dir/build.make CMakeFiles/cmTC_d95d0.dir/build
make[1]: Entering directory '/home/bit2/0603_project/tang_ws/build/opt_utils/CMakeFiles/CMakeTmp'
Building C object CMakeFiles/cmTC_d95d0.dir/CheckSymbolExists.c.o
/usr/bin/cc     -o CMakeFiles/cmTC_d95d0.dir/CheckSymbolExists.c.o   -c /home/bit2/0603_project/tang_ws/build/opt_utils/CMakeFiles/CMakeTmp/CheckSymbolExists.c
Linking C executable cmTC_d95d0
/usr/bin/cmake -E cmake_link_script CMakeFiles/cmTC_d95d0.dir/link.txt --verbose=1
/usr/bin/cc       CMakeFiles/cmTC_d95d0.dir/CheckSymbolExists.c.o  -o cmTC_d95d0 -rdynamic 
CMakeFiles/cmTC_d95d0.dir/CheckSymbolExists.c.o：在函数‘main’中：
CheckSymbolExists.c:(.text+0x16)：对‘pthread_create’未定义的引用
collect2: error: ld returned 1 exit status
CMakeFiles/cmTC_d95d0.dir/build.make:97: recipe for target 'cmTC_d95d0' failed
make[1]: *** [cmTC_d95d0] Error 1
make[1]: Leaving directory '/home/bit2/0603_project/tang_ws/build/opt_utils/CMakeFiles/CMakeTmp'
Makefile:126: recipe for target 'cmTC_d95d0/fast' failed
make: *** [cmTC_d95d0/fast] Error 2

File /home/bit2/0603_project/tang_ws/build/opt_utils/CMakeFiles/CMakeTmp/CheckSymbolExists.c:
/* */
#include <pthread.h>

int main(int argc, char** argv)
{
  (void)argv;
#ifndef pthread_create
  return ((int*)(&pthread_create))[argc];
#else
  (void)argc;
  return 0;
#endif
}

Determining if the function pthread_create exists in the pthreads failed with the following output:
Change Dir: /home/bit2/0603_project/tang_ws/build/opt_utils/CMakeFiles/CMakeTmp

Run Build Command:"/usr/bin/make" "cmTC_90b16/fast"
/usr/bin/make -f CMakeFiles/cmTC_90b16.dir/build.make CMakeFiles/cmTC_90b16.dir/build
make[1]: Entering directory '/home/bit2/0603_project/tang_ws/build/opt_utils/CMakeFiles/CMakeTmp'
Building C object CMakeFiles/cmTC_90b16.dir/CheckFunctionExists.c.o
/usr/bin/cc    -DCHECK_FUNCTION_EXISTS=pthread_create   -o CMakeFiles/cmTC_90b16.dir/CheckFunctionExists.c.o   -c /usr/share/cmake-3.5/Modules/CheckFunctionExists.c
Linking C executable cmTC_90b16
/usr/bin/cmake -E cmake_link_script CMakeFiles/cmTC_90b16.dir/link.txt --verbose=1
/usr/bin/cc   -DCHECK_FUNCTION_EXISTS=pthread_create    CMakeFiles/cmTC_90b16.dir/CheckFunctionExists.c.o  -o cmTC_90b16 -rdynamic -lpthreads 
/usr/bin/ld: 找不到 -lpthreads
collect2: error: ld returned 1 exit status
CMakeFiles/cmTC_90b16.dir/build.make:97: recipe for target 'cmTC_90b16' failed
make[1]: *** [cmTC_90b16] Error 1
make[1]: Leaving directory '/home/bit2/0603_project/tang_ws/build/opt_utils/CMakeFiles/CMakeTmp'
Makefile:126: recipe for target 'cmTC_90b16/fast' failed
make: *** [cmTC_90b16/fast] Error 2


