Determining if the pthread_create exist failed with the following output:
Change Dir: /home/yao/0603_project/tang_ws/src/control/path_tracking/cmake-build-debug/CMakeFiles/CMakeTmp

Run Build Command:"/usr/bin/make" "cmTC_d46fd/fast"
/usr/bin/make -f CMakeFiles/cmTC_d46fd.dir/build.make CMakeFiles/cmTC_d46fd.dir/build
make[1]: Entering directory '/home/yao/0603_project/tang_ws/src/control/path_tracking/cmake-build-debug/CMakeFiles/CMakeTmp'
Building C object CMakeFiles/cmTC_d46fd.dir/CheckSymbolExists.c.o
/usr/bin/cc    -o CMakeFiles/cmTC_d46fd.dir/CheckSymbolExists.c.o   -c /home/yao/0603_project/tang_ws/src/control/path_tracking/cmake-build-debug/CMakeFiles/CMakeTmp/CheckSymbolExists.c
Linking C executable cmTC_d46fd
/home/yao/software/clion-2017.3.4/bin/cmake/bin/cmake -E cmake_link_script CMakeFiles/cmTC_d46fd.dir/link.txt --verbose=1
/usr/bin/cc      -rdynamic CMakeFiles/cmTC_d46fd.dir/CheckSymbolExists.c.o  -o cmTC_d46fd 
CMakeFiles/cmTC_d46fd.dir/CheckSymbolExists.c.o：在函数‘main’中：
CheckSymbolExists.c:(.text+0x16)：对‘pthread_create’未定义的引用
collect2: error: ld returned 1 exit status
CMakeFiles/cmTC_d46fd.dir/build.make:97: recipe for target 'cmTC_d46fd' failed
make[1]: *** [cmTC_d46fd] Error 1
make[1]: Leaving directory '/home/yao/0603_project/tang_ws/src/control/path_tracking/cmake-build-debug/CMakeFiles/CMakeTmp'
Makefile:126: recipe for target 'cmTC_d46fd/fast' failed
make: *** [cmTC_d46fd/fast] Error 2

File /home/yao/0603_project/tang_ws/src/control/path_tracking/cmake-build-debug/CMakeFiles/CMakeTmp/CheckSymbolExists.c:
/* */
#include <pthread.h>

int main(int argc, char** argv)
{
  (void)argv;
#ifndef pthread_create
  return ((int*)(&pthread_create))[argc];
#else
  (void)argc;
  return 0;
#endif
}

Determining if the function pthread_create exists in the pthreads failed with the following output:
Change Dir: /home/yao/0603_project/tang_ws/src/control/path_tracking/cmake-build-debug/CMakeFiles/CMakeTmp

Run Build Command:"/usr/bin/make" "cmTC_5bd89/fast"
/usr/bin/make -f CMakeFiles/cmTC_5bd89.dir/build.make CMakeFiles/cmTC_5bd89.dir/build
make[1]: Entering directory '/home/yao/0603_project/tang_ws/src/control/path_tracking/cmake-build-debug/CMakeFiles/CMakeTmp'
Building C object CMakeFiles/cmTC_5bd89.dir/CheckFunctionExists.c.o
/usr/bin/cc   -DCHECK_FUNCTION_EXISTS=pthread_create   -o CMakeFiles/cmTC_5bd89.dir/CheckFunctionExists.c.o   -c /home/yao/software/clion-2017.3.4/bin/cmake/share/cmake-3.9/Modules/CheckFunctionExists.c
Linking C executable cmTC_5bd89
/home/yao/software/clion-2017.3.4/bin/cmake/bin/cmake -E cmake_link_script CMakeFiles/cmTC_5bd89.dir/link.txt --verbose=1
/usr/bin/cc  -DCHECK_FUNCTION_EXISTS=pthread_create    -rdynamic CMakeFiles/cmTC_5bd89.dir/CheckFunctionExists.c.o  -o cmTC_5bd89 -lpthreads 
/usr/bin/ld: 找不到 -lpthreads
collect2: error: ld returned 1 exit status
CMakeFiles/cmTC_5bd89.dir/build.make:97: recipe for target 'cmTC_5bd89' failed
make[1]: *** [cmTC_5bd89] Error 1
make[1]: Leaving directory '/home/yao/0603_project/tang_ws/src/control/path_tracking/cmake-build-debug/CMakeFiles/CMakeTmp'
Makefile:126: recipe for target 'cmTC_5bd89/fast' failed
make: *** [cmTC_5bd89/fast] Error 2


